[1.836s] Invoking command in '/home/prez/git/humble-lidar/build/c++_map_laser_scan': /usr/bin/cmake /home/prez/git/humble-lidar/src/c++_map_laser_scan -DCMAKE_INSTALL_PREFIX=/home/prez/git/humble-lidar/install/c++_map_laser_scan
[2.733s] -- The C compiler identification is GNU 11.4.0
[3.573s] -- The CXX compiler identification is GNU 11.4.0
[3.660s] -- Detecting C compiler ABI info
[4.409s] -- Detecting C compiler ABI info - done
[4.464s] -- Check for working C compiler: /usr/bin/cc - skipped
[4.466s] -- Detecting C compile features
[4.474s] -- Detecting C compile features - done
[4.515s] -- Detecting CXX compiler ABI info
[5.794s] -- Detecting CXX compiler ABI info - done
[5.930s] -- Check for working CXX compiler: /usr/bin/c++ - skipped
[5.932s] -- Detecting CXX compile features
[5.938s] -- Detecting CXX compile features - done
[6.136s] -- Found ament_cmake: 1.3.5 (/opt/ros/humble/share/ament_cmake/cmake)
[11.414s] -- Found Python3: /usr/bin/python3.10 (found version "3.10.12") found components: Interpreter 
[14.123s] -- Found rclcpp: 16.0.6 (/opt/ros/humble/share/rclcpp/cmake)
[16.021s] -- Found rosidl_generator_c: 3.1.5 (/opt/ros/humble/share/rosidl_generator_c/cmake)
[16.301s] -- Found rosidl_adapter: 3.1.5 (/opt/ros/humble/share/rosidl_adapter/cmake)
[16.614s] -- Found rosidl_generator_cpp: 3.1.5 (/opt/ros/humble/share/rosidl_generator_cpp/cmake)
[16.973s] -- Using all available rosidl_typesupport_c: rosidl_typesupport_fastrtps_c;rosidl_typesupport_introspection_c
[17.163s] -- Using all available rosidl_typesupport_cpp: rosidl_typesupport_fastrtps_cpp;rosidl_typesupport_introspection_cpp
[18.881s] -- Found rmw_implementation_cmake: 6.1.1 (/opt/ros/humble/share/rmw_implementation_cmake/cmake)
[19.036s] -- Found rmw_fastrtps_cpp: 6.2.4 (/opt/ros/humble/share/rmw_fastrtps_cpp/cmake)
[20.863s] -- Found OpenSSL: /usr/lib/aarch64-linux-gnu/libcrypto.so (found version "3.0.2")  
[21.145s] -- Found FastRTPS: /opt/ros/humble/include  
[21.627s] -- Using RMW implementation 'rmw_fastrtps_cpp' as default
[21.772s] -- Looking for pthread.h
[22.781s] -- Looking for pthread.h - found
[22.788s] -- Performing Test CMAKE_HAVE_LIBC_PTHREAD
[23.940s] -- Performing Test CMAKE_HAVE_LIBC_PTHREAD - Success
[23.948s] -- Found Threads: TRUE  
[26.457s] -- Found sensor_msgs: 4.2.3 (/opt/ros/humble/share/sensor_msgs/cmake)
[28.033s] -- Found ament_lint_auto: 0.12.8 (/opt/ros/humble/share/ament_lint_auto/cmake)
[28.978s] Error parsing '/home/prez/git/humble-lidar/src/c++_map_laser_scan/package.xml':
[29.638s] Traceback (most recent call last):
[29.640s]   File "/opt/ros/humble/share/ament_cmake_core/cmake/core/package_xml_2_cmake.py", line 150, in <module>
[29.641s]     main()
[29.650s]   File "/opt/ros/humble/share/ament_cmake_core/cmake/core/package_xml_2_cmake.py", line 53, in main
[29.658s]     raise e
[29.666s]   File "/opt/ros/humble/share/ament_cmake_core/cmake/core/package_xml_2_cmake.py", line 49, in main
[29.670s]     package = parse_package_string(
[29.673s]   File "/usr/lib/python3/dist-packages/catkin_pkg/package.py", line 788, in parse_package_string
[29.679s]     pkg.validate(warnings=warnings)
[29.682s]   File "/usr/lib/python3/dist-packages/catkin_pkg/package.py", line 330, in validate
[29.687s]     raise InvalidPackage('\n'.join(errors), self.filename)
[29.693s] catkin_pkg.package.InvalidPackage: Error(s) in package '/home/prez/git/humble-lidar/src/c++_map_laser_scan/package.xml':
[29.699s] Package name "c++_map_laser_scan" does not follow naming conventions
[29.842s] -- Configuring incomplete, errors occurred!
[29.843s] See also "/home/prez/git/humble-lidar/build/c++_map_laser_scan/CMakeFiles/CMakeOutput.log".
[29.845s] [31mCMake Error at /opt/ros/humble/share/ament_cmake_core/cmake/core/ament_package_xml.cmake:95 (message):
[29.846s]   execute_process(/usr/bin/python3.10
[29.848s]   /opt/ros/humble/share/ament_cmake_core/cmake/core/package_xml_2_cmake.py
[29.849s]   /home/prez/git/humble-lidar/src/c++_map_laser_scan/package.xml
[29.850s]   /home/prez/git/humble-lidar/build/c++_map_laser_scan/ament_cmake_core/package.cmake)
[29.852s]   returned error code 1
[29.855s] Call Stack (most recent call first):
[29.856s]   /opt/ros/humble/share/ament_cmake_core/cmake/core/ament_package_xml.cmake:49 (_ament_package_xml)
[29.857s]   /opt/ros/humble/share/ament_lint_auto/cmake/ament_lint_auto_find_test_dependencies.cmake:31 (ament_package_xml)
[29.858s]   CMakeLists.txt:25 (ament_lint_auto_find_test_dependencies)
[29.860s] 
[29.862s] [0m
[29.962s] Invoked command in '/home/prez/git/humble-lidar/build/c++_map_laser_scan' returned '1': /usr/bin/cmake /home/prez/git/humble-lidar/src/c++_map_laser_scan -DCMAKE_INSTALL_PREFIX=/home/prez/git/humble-lidar/install/c++_map_laser_scan
