[0.574s] Invoking command in '/home/prez/git/humble-lidar/build/rplidar_ros': CMAKE_PREFIX_PATH=${CMAKE_PREFIX_PATH}:/home/prez/git/c++lidar-project/install/py_pubsub:/home/prez/git/c++lidar-project/install/motor_package:/home/prez/git/c++lidar-project/install/ir_package:/home/prez/ros2_ws/install/py_pubsub:/home/prez/ros2_ws/install/my_package:/home/prez/ros2_ws/install/launch_testing_examples:/home/prez/ros2_ws/install/examples_rclpy_pointcloud_publisher:/home/prez/ros2_ws/install/examples_rclpy_minimal_subscriber:/home/prez/ros2_ws/install/examples_rclpy_minimal_service:/home/prez/ros2_ws/install/examples_rclpy_minimal_publisher:/home/prez/ros2_ws/install/examples_rclpy_minimal_client:/home/prez/ros2_ws/install/examples_rclpy_minimal_action_server:/home/prez/ros2_ws/install/examples_rclpy_minimal_action_client:/home/prez/ros2_ws/install/examples_rclpy_guard_conditions:/home/prez/ros2_ws/install/examples_rclpy_executors:/opt/ros/humble /usr/bin/cmake --build /home/prez/git/humble-lidar/build/rplidar_ros -- -j4 -l4
[0.925s] [ 77%] Built target rplidar_composition_node
[1.080s] [100%] Built target rplidar_composition
[1.154s] Invoked command in '/home/prez/git/humble-lidar/build/rplidar_ros' returned '0': CMAKE_PREFIX_PATH=${CMAKE_PREFIX_PATH}:/home/prez/git/c++lidar-project/install/py_pubsub:/home/prez/git/c++lidar-project/install/motor_package:/home/prez/git/c++lidar-project/install/ir_package:/home/prez/ros2_ws/install/py_pubsub:/home/prez/ros2_ws/install/my_package:/home/prez/ros2_ws/install/launch_testing_examples:/home/prez/ros2_ws/install/examples_rclpy_pointcloud_publisher:/home/prez/ros2_ws/install/examples_rclpy_minimal_subscriber:/home/prez/ros2_ws/install/examples_rclpy_minimal_service:/home/prez/ros2_ws/install/examples_rclpy_minimal_publisher:/home/prez/ros2_ws/install/examples_rclpy_minimal_client:/home/prez/ros2_ws/install/examples_rclpy_minimal_action_server:/home/prez/ros2_ws/install/examples_rclpy_minimal_action_client:/home/prez/ros2_ws/install/examples_rclpy_guard_conditions:/home/prez/ros2_ws/install/examples_rclpy_executors:/opt/ros/humble /usr/bin/cmake --build /home/prez/git/humble-lidar/build/rplidar_ros -- -j4 -l4
[1.548s] Invoking command in '/home/prez/git/humble-lidar/build/rplidar_ros': CMAKE_PREFIX_PATH=${CMAKE_PREFIX_PATH}:/home/prez/git/c++lidar-project/install/py_pubsub:/home/prez/git/c++lidar-project/install/motor_package:/home/prez/git/c++lidar-project/install/ir_package:/home/prez/ros2_ws/install/py_pubsub:/home/prez/ros2_ws/install/my_package:/home/prez/ros2_ws/install/launch_testing_examples:/home/prez/ros2_ws/install/examples_rclpy_pointcloud_publisher:/home/prez/ros2_ws/install/examples_rclpy_minimal_subscriber:/home/prez/ros2_ws/install/examples_rclpy_minimal_service:/home/prez/ros2_ws/install/examples_rclpy_minimal_publisher:/home/prez/ros2_ws/install/examples_rclpy_minimal_client:/home/prez/ros2_ws/install/examples_rclpy_minimal_action_server:/home/prez/ros2_ws/install/examples_rclpy_minimal_action_client:/home/prez/ros2_ws/install/examples_rclpy_guard_conditions:/home/prez/ros2_ws/install/examples_rclpy_executors:/opt/ros/humble /usr/bin/cmake --install /home/prez/git/humble-lidar/build/rplidar_ros
[1.584s] -- Install configuration: ""
[1.586s] -- Execute custom install script
[1.588s] -- Up-to-date symlink: /home/prez/git/humble-lidar/install/rplidar_ros/lib/rplidar_ros/rplidar_composition
[1.592s] -- Up-to-date symlink: /home/prez/git/humble-lidar/install/rplidar_ros/share/rplidar_ros/launch/rplidar.launch.py
[1.595s] -- Up-to-date symlink: /home/prez/git/humble-lidar/install/rplidar_ros/share/rplidar_ros/launch/rplidar_a3.launch.py
[1.598s] -- Up-to-date symlink: /home/prez/git/humble-lidar/install/rplidar_ros/share/rplidar_ros/launch/rplidar_s1.launch.py
[1.601s] -- Up-to-date symlink: /home/prez/git/humble-lidar/install/rplidar_ros/share/rplidar_ros/launch/rplidar_s1_tcp.launch.py
[1.610s] -- Up-to-date symlink: /home/prez/git/humble-lidar/install/rplidar_ros/share/rplidar_ros/launch/test_rplidar_a3.launch.py
[1.611s] -- Up-to-date symlink: /home/prez/git/humble-lidar/install/rplidar_ros/share/rplidar_ros/launch/view_rplidar.launch.py
[1.611s] -- Up-to-date symlink: /home/prez/git/humble-lidar/install/rplidar_ros/share/rplidar_ros/launch/view_rplidar_a3.launch.py
[1.612s] -- Up-to-date symlink: /home/prez/git/humble-lidar/install/rplidar_ros/share/rplidar_ros/launch/view_rplidar_s1.launch.py
[1.618s] -- Up-to-date symlink: /home/prez/git/humble-lidar/install/rplidar_ros/share/rplidar_ros/launch/view_rplidar_s1_tcp.launch.py
[1.621s] -- Up-to-date symlink: /home/prez/git/humble-lidar/install/rplidar_ros/share/rplidar_ros/rviz/rplidar.rviz
[1.624s] -- Up-to-date symlink: /home/prez/git/humble-lidar/install/rplidar_ros/lib/librplidar_composition_node.so
[1.626s] -- Up-to-date symlink: /home/prez/git/humble-lidar/install/rplidar_ros/include/rplidar_node.hpp
[1.630s] -- Up-to-date symlink: /home/prez/git/humble-lidar/install/rplidar_ros/include/visibility.h
[1.633s] -- Up-to-date symlink: /home/prez/git/humble-lidar/install/rplidar_ros/lib/rplidar_ros/rplidar_composition
[1.636s] -- Up-to-date symlink: /home/prez/git/humble-lidar/install/rplidar_ros/share/ament_index/resource_index/package_run_dependencies/rplidar_ros
[1.639s] -- Up-to-date symlink: /home/prez/git/humble-lidar/install/rplidar_ros/share/ament_index/resource_index/parent_prefix_path/rplidar_ros
[1.642s] -- Up-to-date symlink: /home/prez/git/humble-lidar/install/rplidar_ros/share/rplidar_ros/environment/ament_prefix_path.sh
[1.645s] -- Up-to-date symlink: /home/prez/git/humble-lidar/install/rplidar_ros/share/rplidar_ros/environment/ament_prefix_path.dsv
[1.648s] -- Up-to-date symlink: /home/prez/git/humble-lidar/install/rplidar_ros/share/rplidar_ros/environment/path.sh
[1.651s] -- Up-to-date symlink: /home/prez/git/humble-lidar/install/rplidar_ros/share/rplidar_ros/environment/path.dsv
[1.657s] -- Up-to-date symlink: /home/prez/git/humble-lidar/install/rplidar_ros/share/rplidar_ros/local_setup.bash
[1.662s] -- Up-to-date symlink: /home/prez/git/humble-lidar/install/rplidar_ros/share/rplidar_ros/local_setup.sh
[1.664s] -- Up-to-date symlink: /home/prez/git/humble-lidar/install/rplidar_ros/share/rplidar_ros/local_setup.zsh
[1.665s] -- Up-to-date symlink: /home/prez/git/humble-lidar/install/rplidar_ros/share/rplidar_ros/local_setup.dsv
[1.665s] -- Symlinking: /home/prez/git/humble-lidar/install/rplidar_ros/share/rplidar_ros/package.dsv
[1.678s] -- Up-to-date symlink: /home/prez/git/humble-lidar/install/rplidar_ros/share/ament_index/resource_index/packages/rplidar_ros
[1.679s] -- Up-to-date symlink: /home/prez/git/humble-lidar/install/rplidar_ros/share/ament_index/resource_index/rclcpp_components/rplidar_ros
[1.682s] -- Up-to-date symlink: /home/prez/git/humble-lidar/install/rplidar_ros/share/rplidar_ros/cmake/ament_cmake_export_dependencies-extras.cmake
[1.683s] -- Up-to-date symlink: /home/prez/git/humble-lidar/install/rplidar_ros/share/rplidar_ros/cmake/ament_cmake_export_include_directories-extras.cmake
[1.686s] -- Up-to-date symlink: /home/prez/git/humble-lidar/install/rplidar_ros/share/rplidar_ros/cmake/rplidar_rosConfig.cmake
[1.687s] -- Up-to-date symlink: /home/prez/git/humble-lidar/install/rplidar_ros/share/rplidar_ros/cmake/rplidar_rosConfig-version.cmake
[1.688s] -- Up-to-date symlink: /home/prez/git/humble-lidar/install/rplidar_ros/share/rplidar_ros/package.xml
[1.706s] Invoked command in '/home/prez/git/humble-lidar/build/rplidar_ros' returned '0': CMAKE_PREFIX_PATH=${CMAKE_PREFIX_PATH}:/home/prez/git/c++lidar-project/install/py_pubsub:/home/prez/git/c++lidar-project/install/motor_package:/home/prez/git/c++lidar-project/install/ir_package:/home/prez/ros2_ws/install/py_pubsub:/home/prez/ros2_ws/install/my_package:/home/prez/ros2_ws/install/launch_testing_examples:/home/prez/ros2_ws/install/examples_rclpy_pointcloud_publisher:/home/prez/ros2_ws/install/examples_rclpy_minimal_subscriber:/home/prez/ros2_ws/install/examples_rclpy_minimal_service:/home/prez/ros2_ws/install/examples_rclpy_minimal_publisher:/home/prez/ros2_ws/install/examples_rclpy_minimal_client:/home/prez/ros2_ws/install/examples_rclpy_minimal_action_server:/home/prez/ros2_ws/install/examples_rclpy_minimal_action_client:/home/prez/ros2_ws/install/examples_rclpy_guard_conditions:/home/prez/ros2_ws/install/examples_rclpy_executors:/opt/ros/humble /usr/bin/cmake --install /home/prez/git/humble-lidar/build/rplidar_ros
