[1.114s] Invoking command in '/home/prez/git/humble-lidar/build/cplusplus_laser_map': CMAKE_PREFIX_PATH=${CMAKE_PREFIX_PATH}:/home/prez/git/c++lidar-project/install/py_pubsub:/home/prez/git/c++lidar-project/install/motor_package:/home/prez/git/c++lidar-project/install/ir_package:/home/prez/ros2_ws/install/py_pubsub:/home/prez/ros2_ws/install/my_package:/home/prez/ros2_ws/install/launch_testing_examples:/home/prez/ros2_ws/install/examples_rclpy_pointcloud_publisher:/home/prez/ros2_ws/install/examples_rclpy_minimal_subscriber:/home/prez/ros2_ws/install/examples_rclpy_minimal_service:/home/prez/ros2_ws/install/examples_rclpy_minimal_publisher:/home/prez/ros2_ws/install/examples_rclpy_minimal_client:/home/prez/ros2_ws/install/examples_rclpy_minimal_action_server:/home/prez/ros2_ws/install/examples_rclpy_minimal_action_client:/home/prez/ros2_ws/install/examples_rclpy_guard_conditions:/home/prez/ros2_ws/install/examples_rclpy_executors:/opt/ros/humble /usr/bin/cmake --build /home/prez/git/humble-lidar/build/cplusplus_laser_map -- -j4 -l4
[1.283s] -- Found ament_cmake: 1.3.5 (/opt/ros/humble/share/ament_cmake/cmake)
[2.453s] -- Found rclcpp: 16.0.6 (/opt/ros/humble/share/rclcpp/cmake)
[2.670s] -- Found rosidl_generator_c: 3.1.5 (/opt/ros/humble/share/rosidl_generator_c/cmake)
[2.682s] -- Found rosidl_adapter: 3.1.5 (/opt/ros/humble/share/rosidl_adapter/cmake)
[2.712s] -- Found rosidl_generator_cpp: 3.1.5 (/opt/ros/humble/share/rosidl_generator_cpp/cmake)
[2.770s] -- Using all available rosidl_typesupport_c: rosidl_typesupport_fastrtps_c;rosidl_typesupport_introspection_c
[2.850s] -- Using all available rosidl_typesupport_cpp: rosidl_typesupport_fastrtps_cpp;rosidl_typesupport_introspection_cpp
[3.103s] -- Found rmw_implementation_cmake: 6.1.1 (/opt/ros/humble/share/rmw_implementation_cmake/cmake)
[3.115s] -- Found rmw_fastrtps_cpp: 6.2.4 (/opt/ros/humble/share/rmw_fastrtps_cpp/cmake)
[4.323s] -- Using RMW implementation 'rmw_fastrtps_cpp' as default
[4.985s] -- Found sensor_msgs: 4.2.3 (/opt/ros/humble/share/sensor_msgs/cmake)
[5.487s] -- Found ament_lint_auto: 0.12.8 (/opt/ros/humble/share/ament_lint_auto/cmake)
[5.879s] -- Added test 'copyright' to check source files copyright and LICENSE
[5.938s] -- Added test 'cppcheck' to perform static code analysis on C / C++ code
[5.941s] -- Configured cppcheck include dirs: /home/prez/git/humble-lidar/src/cplusplus_laser_map/include/matplotlib-cpp
[5.942s] -- Configured cppcheck exclude dirs and/or files: 
[5.998s] -- Added test 'cpplint' to check C / C++ code against the Google style
[5.998s] -- Configured cpplint exclude dirs and/or files: 
[6.021s] -- Added test 'lint_cmake' to check CMake code style
[6.084s] -- Added test 'uncrustify' to check C / C++ code style
[6.085s] -- Configured uncrustify additional arguments: 
[6.093s] -- Added test 'xmllint' to check XML markup files
[6.097s] -- Configuring done
[6.158s] -- Generating done
[6.167s] -- Build files have been written to: /home/prez/git/humble-lidar/build/cplusplus_laser_map
[6.301s] [35m[1mConsolidate compiler generated dependencies of target reading_laser[0m
[6.408s] [ 50%] [32mBuilding CXX object CMakeFiles/reading_laser.dir/src/reading_laser.cpp.o[0m
[17.973s] [01m[K/home/prez/git/humble-lidar/src/cplusplus_laser_map/src/reading_laser.cpp:[m[K In member function ‘[01m[Kvoid ReadingLaser::plotData()[m[K’:
[17.974s] [01m[K/home/prez/git/humble-lidar/src/cplusplus_laser_map/src/reading_laser.cpp:50:36:[m[K [01;31m[Kerror: [m[K‘[01m[Kpolar[m[K’ is not a member of ‘[01m[Kplt[m[K’
[17.974s]    50 |         plt::subplot(1, 1, 1, plt::[01;31m[Kpolar[m[K);
[17.975s]       |                                    [01;31m[K^~~~~[m[K
[26.923s] gmake[2]: *** [CMakeFiles/reading_laser.dir/build.make:76: CMakeFiles/reading_laser.dir/src/reading_laser.cpp.o] Error 1
[26.924s] gmake[1]: *** [CMakeFiles/Makefile2:137: CMakeFiles/reading_laser.dir/all] Error 2
[26.925s] gmake: *** [Makefile:146: all] Error 2
[26.934s] Invoked command in '/home/prez/git/humble-lidar/build/cplusplus_laser_map' returned '2': CMAKE_PREFIX_PATH=${CMAKE_PREFIX_PATH}:/home/prez/git/c++lidar-project/install/py_pubsub:/home/prez/git/c++lidar-project/install/motor_package:/home/prez/git/c++lidar-project/install/ir_package:/home/prez/ros2_ws/install/py_pubsub:/home/prez/ros2_ws/install/my_package:/home/prez/ros2_ws/install/launch_testing_examples:/home/prez/ros2_ws/install/examples_rclpy_pointcloud_publisher:/home/prez/ros2_ws/install/examples_rclpy_minimal_subscriber:/home/prez/ros2_ws/install/examples_rclpy_minimal_service:/home/prez/ros2_ws/install/examples_rclpy_minimal_publisher:/home/prez/ros2_ws/install/examples_rclpy_minimal_client:/home/prez/ros2_ws/install/examples_rclpy_minimal_action_server:/home/prez/ros2_ws/install/examples_rclpy_minimal_action_client:/home/prez/ros2_ws/install/examples_rclpy_guard_conditions:/home/prez/ros2_ws/install/examples_rclpy_executors:/opt/ros/humble /usr/bin/cmake --build /home/prez/git/humble-lidar/build/cplusplus_laser_map -- -j4 -l4
