[1.443s] Invoking command in '/home/prez/git/humble-lidar/build/rplidar_ros': CMAKE_PREFIX_PATH=${CMAKE_PREFIX_PATH}:/home/prez/git/c++lidar-project/install/py_pubsub:/home/prez/git/c++lidar-project/install/motor_package:/home/prez/git/c++lidar-project/install/ir_package:/home/prez/ros2_ws/install/py_pubsub:/home/prez/ros2_ws/install/my_package:/home/prez/ros2_ws/install/launch_testing_examples:/home/prez/ros2_ws/install/examples_rclpy_pointcloud_publisher:/home/prez/ros2_ws/install/examples_rclpy_minimal_subscriber:/home/prez/ros2_ws/install/examples_rclpy_minimal_service:/home/prez/ros2_ws/install/examples_rclpy_minimal_publisher:/home/prez/ros2_ws/install/examples_rclpy_minimal_client:/home/prez/ros2_ws/install/examples_rclpy_minimal_action_server:/home/prez/ros2_ws/install/examples_rclpy_minimal_action_client:/home/prez/ros2_ws/install/examples_rclpy_guard_conditions:/home/prez/ros2_ws/install/examples_rclpy_executors:/opt/ros/humble /usr/bin/cmake --build /home/prez/git/humble-lidar/build/rplidar_ros -- -j4 -l4
[2.265s] [ 77%] Built target rplidar_composition_node
[2.731s] [100%] Built target rplidar_composition
[2.900s] Invoked command in '/home/prez/git/humble-lidar/build/rplidar_ros' returned '0': CMAKE_PREFIX_PATH=${CMAKE_PREFIX_PATH}:/home/prez/git/c++lidar-project/install/py_pubsub:/home/prez/git/c++lidar-project/install/motor_package:/home/prez/git/c++lidar-project/install/ir_package:/home/prez/ros2_ws/install/py_pubsub:/home/prez/ros2_ws/install/my_package:/home/prez/ros2_ws/install/launch_testing_examples:/home/prez/ros2_ws/install/examples_rclpy_pointcloud_publisher:/home/prez/ros2_ws/install/examples_rclpy_minimal_subscriber:/home/prez/ros2_ws/install/examples_rclpy_minimal_service:/home/prez/ros2_ws/install/examples_rclpy_minimal_publisher:/home/prez/ros2_ws/install/examples_rclpy_minimal_client:/home/prez/ros2_ws/install/examples_rclpy_minimal_action_server:/home/prez/ros2_ws/install/examples_rclpy_minimal_action_client:/home/prez/ros2_ws/install/examples_rclpy_guard_conditions:/home/prez/ros2_ws/install/examples_rclpy_executors:/opt/ros/humble /usr/bin/cmake --build /home/prez/git/humble-lidar/build/rplidar_ros -- -j4 -l4
[4.010s] Invoking command in '/home/prez/git/humble-lidar/build/rplidar_ros': CMAKE_PREFIX_PATH=${CMAKE_PREFIX_PATH}:/home/prez/git/c++lidar-project/install/py_pubsub:/home/prez/git/c++lidar-project/install/motor_package:/home/prez/git/c++lidar-project/install/ir_package:/home/prez/ros2_ws/install/py_pubsub:/home/prez/ros2_ws/install/my_package:/home/prez/ros2_ws/install/launch_testing_examples:/home/prez/ros2_ws/install/examples_rclpy_pointcloud_publisher:/home/prez/ros2_ws/install/examples_rclpy_minimal_subscriber:/home/prez/ros2_ws/install/examples_rclpy_minimal_service:/home/prez/ros2_ws/install/examples_rclpy_minimal_publisher:/home/prez/ros2_ws/install/examples_rclpy_minimal_client:/home/prez/ros2_ws/install/examples_rclpy_minimal_action_server:/home/prez/ros2_ws/install/examples_rclpy_minimal_action_client:/home/prez/ros2_ws/install/examples_rclpy_guard_conditions:/home/prez/ros2_ws/install/examples_rclpy_executors:/opt/ros/humble /usr/bin/cmake --install /home/prez/git/humble-lidar/build/rplidar_ros
[4.106s] -- Install configuration: ""
[4.115s] -- Execute custom install script
[4.120s] -- Up-to-date symlink: /home/prez/git/humble-lidar/install/rplidar_ros/lib/rplidar_ros/rplidar_composition
[4.126s] -- Up-to-date symlink: /home/prez/git/humble-lidar/install/rplidar_ros/share/rplidar_ros/launch/rplidar.launch.py
[4.128s] -- Up-to-date symlink: /home/prez/git/humble-lidar/install/rplidar_ros/share/rplidar_ros/launch/rplidar_a3.launch.py
[4.133s] -- Up-to-date symlink: /home/prez/git/humble-lidar/install/rplidar_ros/share/rplidar_ros/launch/rplidar_s1.launch.py
[4.137s] -- Up-to-date symlink: /home/prez/git/humble-lidar/install/rplidar_ros/share/rplidar_ros/launch/rplidar_s1_tcp.launch.py
[4.144s] -- Up-to-date symlink: /home/prez/git/humble-lidar/install/rplidar_ros/share/rplidar_ros/launch/test_rplidar_a3.launch.py
[4.146s] -- Up-to-date symlink: /home/prez/git/humble-lidar/install/rplidar_ros/share/rplidar_ros/launch/view_rplidar.launch.py
[4.155s] -- Up-to-date symlink: /home/prez/git/humble-lidar/install/rplidar_ros/share/rplidar_ros/launch/view_rplidar_a3.launch.py
[4.160s] -- Up-to-date symlink: /home/prez/git/humble-lidar/install/rplidar_ros/share/rplidar_ros/launch/view_rplidar_s1.launch.py
[4.161s] -- Up-to-date symlink: /home/prez/git/humble-lidar/install/rplidar_ros/share/rplidar_ros/launch/view_rplidar_s1_tcp.launch.py
[4.163s] -- Up-to-date symlink: /home/prez/git/humble-lidar/install/rplidar_ros/share/rplidar_ros/rviz/rplidar.rviz
[4.165s] -- Up-to-date symlink: /home/prez/git/humble-lidar/install/rplidar_ros/lib/librplidar_composition_node.so
[4.166s] -- Up-to-date symlink: /home/prez/git/humble-lidar/install/rplidar_ros/include/rplidar_node.hpp
[4.168s] -- Up-to-date symlink: /home/prez/git/humble-lidar/install/rplidar_ros/include/visibility.h
[4.169s] -- Up-to-date symlink: /home/prez/git/humble-lidar/install/rplidar_ros/lib/rplidar_ros/rplidar_composition
[4.177s] -- Up-to-date symlink: /home/prez/git/humble-lidar/install/rplidar_ros/share/ament_index/resource_index/package_run_dependencies/rplidar_ros
[4.185s] -- Up-to-date symlink: /home/prez/git/humble-lidar/install/rplidar_ros/share/ament_index/resource_index/parent_prefix_path/rplidar_ros
[4.190s] -- Up-to-date symlink: /home/prez/git/humble-lidar/install/rplidar_ros/share/rplidar_ros/environment/ament_prefix_path.sh
[4.196s] -- Up-to-date symlink: /home/prez/git/humble-lidar/install/rplidar_ros/share/rplidar_ros/environment/ament_prefix_path.dsv
[4.202s] -- Up-to-date symlink: /home/prez/git/humble-lidar/install/rplidar_ros/share/rplidar_ros/environment/path.sh
[4.208s] -- Up-to-date symlink: /home/prez/git/humble-lidar/install/rplidar_ros/share/rplidar_ros/environment/path.dsv
[4.214s] -- Up-to-date symlink: /home/prez/git/humble-lidar/install/rplidar_ros/share/rplidar_ros/local_setup.bash
[4.219s] -- Up-to-date symlink: /home/prez/git/humble-lidar/install/rplidar_ros/share/rplidar_ros/local_setup.sh
[4.225s] -- Up-to-date symlink: /home/prez/git/humble-lidar/install/rplidar_ros/share/rplidar_ros/local_setup.zsh
[4.230s] -- Up-to-date symlink: /home/prez/git/humble-lidar/install/rplidar_ros/share/rplidar_ros/local_setup.dsv
[4.234s] -- Symlinking: /home/prez/git/humble-lidar/install/rplidar_ros/share/rplidar_ros/package.dsv
[4.361s] -- Up-to-date symlink: /home/prez/git/humble-lidar/install/rplidar_ros/share/ament_index/resource_index/packages/rplidar_ros
[4.371s] -- Up-to-date symlink: /home/prez/git/humble-lidar/install/rplidar_ros/share/ament_index/resource_index/rclcpp_components/rplidar_ros
[4.378s] -- Up-to-date symlink: /home/prez/git/humble-lidar/install/rplidar_ros/share/rplidar_ros/cmake/ament_cmake_export_dependencies-extras.cmake
[4.387s] -- Up-to-date symlink: /home/prez/git/humble-lidar/install/rplidar_ros/share/rplidar_ros/cmake/ament_cmake_export_include_directories-extras.cmake
[4.388s] -- Up-to-date symlink: /home/prez/git/humble-lidar/install/rplidar_ros/share/rplidar_ros/cmake/rplidar_rosConfig.cmake
[4.390s] -- Up-to-date symlink: /home/prez/git/humble-lidar/install/rplidar_ros/share/rplidar_ros/cmake/rplidar_rosConfig-version.cmake
[4.391s] -- Up-to-date symlink: /home/prez/git/humble-lidar/install/rplidar_ros/share/rplidar_ros/package.xml
[4.418s] Invoked command in '/home/prez/git/humble-lidar/build/rplidar_ros' returned '0': CMAKE_PREFIX_PATH=${CMAKE_PREFIX_PATH}:/home/prez/git/c++lidar-project/install/py_pubsub:/home/prez/git/c++lidar-project/install/motor_package:/home/prez/git/c++lidar-project/install/ir_package:/home/prez/ros2_ws/install/py_pubsub:/home/prez/ros2_ws/install/my_package:/home/prez/ros2_ws/install/launch_testing_examples:/home/prez/ros2_ws/install/examples_rclpy_pointcloud_publisher:/home/prez/ros2_ws/install/examples_rclpy_minimal_subscriber:/home/prez/ros2_ws/install/examples_rclpy_minimal_service:/home/prez/ros2_ws/install/examples_rclpy_minimal_publisher:/home/prez/ros2_ws/install/examples_rclpy_minimal_client:/home/prez/ros2_ws/install/examples_rclpy_minimal_action_server:/home/prez/ros2_ws/install/examples_rclpy_minimal_action_client:/home/prez/ros2_ws/install/examples_rclpy_guard_conditions:/home/prez/ros2_ws/install/examples_rclpy_executors:/opt/ros/humble /usr/bin/cmake --install /home/prez/git/humble-lidar/build/rplidar_ros
