[01m[K/home/prez/git/humble-lidar/src/cplusplus_laser_map/src/reading_laser.cpp:23:3:[m[K [01;31m[Kerror: [m[Kinvalid use of template-name ‘[01m[Krclcpp::Subscription[m[K’ without an argument list
   23 |   [01;31m[Krclcpp[m[K::Subscription::SharedPtr subscription_;
      |   [01;31m[K^~~~~~[m[K
[01m[K/home/prez/git/humble-lidar/src/cplusplus_laser_map/src/reading_laser.cpp:23:25:[m[K [01;31m[Kerror: [m[Kexpected ‘[01m[K;[m[K’ at end of member declaration
   23 |   rclcpp::Subscription::[01;31m[KSharedPtr[m[K subscription_;
      |                         [01;31m[K^~~~~~~~~[m[K
      |                                  [32m[K;[m[K
[01m[K/home/prez/git/humble-lidar/src/cplusplus_laser_map/src/reading_laser.cpp:23:35:[m[K [01;31m[Kerror: [m[K‘[01m[Ksubscription_[m[K’ does not name a type; did you mean ‘[01m[Krmw_subscription_t[m[K’?
   23 |   rclcpp::Subscription::SharedPtr [01;31m[Ksubscription_[m[K;
      |                                   [01;31m[K^~~~~~~~~~~~~[m[K
      |                                   [32m[Krmw_subscription_t[m[K
[01m[K/home/prez/git/humble-lidar/src/cplusplus_laser_map/src/reading_laser.cpp:[m[K In constructor ‘[01m[KReadingLaser::ReadingLaser()[m[K’:
[01m[K/home/prez/git/humble-lidar/src/cplusplus_laser_map/src/reading_laser.cpp:13:5:[m[K [01;31m[Kerror: [m[K‘[01m[Ksubscription_[m[K’ was not declared in this scope; did you mean ‘[01m[Krmw_subscription_t[m[K’?
   13 |     [01;31m[Ksubscription_[m[K = this->create_subscription(
      |     [01;31m[K^~~~~~~~~~~~~[m[K
      |     [32m[Krmw_subscription_t[m[K
[01m[K/home/prez/git/humble-lidar/src/cplusplus_laser_map/src/reading_laser.cpp:13:46:[m[K [01;31m[Kerror: [m[Kno matching function for call to ‘[01m[KReadingLaser::create_subscription(const char [5], rclcpp::QoS&, std::_Bind_helper<false, void (ReadingLaser::*)(std::shared_ptr<sensor_msgs::msg::LaserScan_<std::allocator<void> > >), ReadingLaser*, const std::_Placeholder<1>&>::type)[m[K’
   13 |     subscription_ = [01;31m[Kthis->create_subscription([m[K
      |                     [01;31m[K~~~~~~~~~~~~~~~~~~~~~~~~~^[m[K
   14 | [01;31m[K        "scan", default_qos,[m[K
      |         [01;31m[K~~~~~~~~~~~~~~~~~~~~[m[K                  
   15 | [01;31m[K        std::bind(&ReadingLaser::topic_callback, this, _1))[m[K;
      |         [01;31m[K~~~~~~~~~~~~~~~~~~~~~~~~~~~~~~~~~~~~~~~~~~~~~~~~~~~[m[K
In file included from [01m[K/opt/ros/humble/include/rclcpp/rclcpp/executors/single_threaded_executor.hpp:28[m[K,
                 from [01m[K/opt/ros/humble/include/rclcpp/rclcpp/executors.hpp:22[m[K,
                 from [01m[K/opt/ros/humble/include/rclcpp/rclcpp/rclcpp.hpp:155[m[K,
                 from [01m[K/home/prez/git/humble-lidar/src/cplusplus_laser_map/src/reading_laser.cpp:1[m[K:
[01m[K/opt/ros/humble/include/rclcpp/rclcpp/node.hpp:219:3:[m[K [01;36m[Knote: [m[Kcandidate: ‘[01m[Ktemplate<class MessageT, class CallbackT, class AllocatorT, class SubscriptionT, class MessageMemoryStrategyT> std::shared_ptr<ROSMessageT> rclcpp::Node::create_subscription(const string&, const rclcpp::QoS&, CallbackT&&, const rclcpp::SubscriptionOptionsWithAllocator<AllocatorT>&, typename MessageMemoryStrategyT::SharedPtr)[m[K’
  219 |   [01;36m[Kcreate_subscription[m[K(
      |   [01;36m[K^~~~~~~~~~~~~~~~~~~[m[K
[01m[K/opt/ros/humble/include/rclcpp/rclcpp/node.hpp:219:3:[m[K [01;36m[Knote: [m[K  template argument deduction/substitution failed:
[01m[K/home/prez/git/humble-lidar/src/cplusplus_laser_map/src/reading_laser.cpp:13:46:[m[K [01;36m[Knote: [m[K  couldn’t deduce template parameter ‘[01m[KMessageT[m[K’
   13 |     subscription_ = [01;36m[Kthis->create_subscription([m[K
      |                     [01;36m[K~~~~~~~~~~~~~~~~~~~~~~~~~^[m[K
   14 | [01;36m[K        "scan", default_qos,[m[K
      |         [01;36m[K~~~~~~~~~~~~~~~~~~~~[m[K                  
   15 | [01;36m[K        std::bind(&ReadingLaser::topic_callback, this, _1))[m[K;
      |         [01;36m[K~~~~~~~~~~~~~~~~~~~~~~~~~~~~~~~~~~~~~~~~~~~~~~~~~~~[m[K
[01m[K/home/prez/git/humble-lidar/src/cplusplus_laser_map/src/reading_laser.cpp:[m[K In function ‘[01m[Kint main(int, char**)[m[K’:
[01m[K/home/prez/git/humble-lidar/src/cplusplus_laser_map/src/reading_laser.cpp:28:31:[m[K [01;31m[Kerror: [m[Kno matching function for call to ‘[01m[Kmake_shared()[m[K’
   28 |   auto node = [01;31m[Kstd::make_shared()[m[K;
      |               [01;31m[K~~~~~~~~~~~~~~~~^~[m[K
In file included from [01m[K/usr/include/c++/11/memory:77[m[K,
                 from [01m[K/opt/ros/humble/include/rclcpp/rclcpp/rclcpp.hpp:153[m[K,
                 from [01m[K/home/prez/git/humble-lidar/src/cplusplus_laser_map/src/reading_laser.cpp:1[m[K:
[01m[K/usr/include/c++/11/bits/shared_ptr.h:875:5:[m[K [01;36m[Knote: [m[Kcandidate: ‘[01m[Ktemplate<class _Tp, class ... _Args> std::shared_ptr<_Tp> std::make_shared(_Args&& ...)[m[K’
  875 |     [01;36m[Kmake_shared[m[K(_Args&&... __args)
      |     [01;36m[K^~~~~~~~~~~[m[K
[01m[K/usr/include/c++/11/bits/shared_ptr.h:875:5:[m[K [01;36m[Knote: [m[K  template argument deduction/substitution failed:
[01m[K/home/prez/git/humble-lidar/src/cplusplus_laser_map/src/reading_laser.cpp:28:31:[m[K [01;36m[Knote: [m[K  couldn’t deduce template parameter ‘[01m[K_Tp[m[K’
   28 |   auto node = [01;36m[Kstd::make_shared()[m[K;
      |               [01;36m[K~~~~~~~~~~~~~~~~^~[m[K
In file included from [01m[K/opt/ros/humble/include/rclcpp/rclcpp/client.hpp:40[m[K,
                 from [01m[K/opt/ros/humble/include/rclcpp/rclcpp/callback_group.hpp:24[m[K,
                 from [01m[K/opt/ros/humble/include/rclcpp/rclcpp/any_executable.hpp:20[m[K,
                 from [01m[K/opt/ros/humble/include/rclcpp/rclcpp/memory_strategy.hpp:25[m[K,
                 from [01m[K/opt/ros/humble/include/rclcpp/rclcpp/memory_strategies.hpp:18[m[K,
                 from [01m[K/opt/ros/humble/include/rclcpp/rclcpp/executor_options.hpp:20[m[K,
                 from [01m[K/opt/ros/humble/include/rclcpp/rclcpp/executor.hpp:37[m[K,
                 from [01m[K/opt/ros/humble/include/rclcpp/rclcpp/executors/multi_threaded_executor.hpp:25[m[K,
                 from [01m[K/opt/ros/humble/include/rclcpp/rclcpp/executors.hpp:21[m[K,
                 from [01m[K/opt/ros/humble/include/rclcpp/rclcpp/rclcpp.hpp:155[m[K,
                 from [01m[K/home/prez/git/humble-lidar/src/cplusplus_laser_map/src/reading_laser.cpp:1[m[K:
[01m[K/home/prez/git/humble-lidar/src/cplusplus_laser_map/src/reading_laser.cpp:29:3:[m[K [01;31m[Kerror: [m[Ktemplate argument 1 is invalid
   29 |   [01;31m[KRCLCPP_INFO[m[K(node->get_logger(), "Hello my friends");
      |   [01;31m[K^~~~~~~~~~~[m[K
[01m[K/home/prez/git/humble-lidar/src/cplusplus_laser_map/src/reading_laser.cpp:29:3:[m[K [01;31m[Kerror: [m[K‘[01m[K<declaration error>[m[K’ is not a template [[01;31m[K]8;;https://gcc.gnu.org/onlinedocs/gcc/Warning-Options.html#index-fpermissive-fpermissive]8;;[m[K]
   29 |   [01;31m[KRCLCPP_INFO[m[K(node->get_logger(), "Hello my friends");
      |   [01;31m[K^~~~~~~~~~~[m[K
[01m[K/home/prez/git/humble-lidar/src/cplusplus_laser_map/src/reading_laser.cpp:29:3:[m[K [01;31m[Kerror: [m[Ktemplate argument 1 is invalid
   29 |   [01;31m[KRCLCPP_INFO[m[K(node->get_logger(), "Hello my friends");
      |   [01;31m[K^~~~~~~~~~~[m[K
[01m[K/home/prez/git/humble-lidar/src/cplusplus_laser_map/src/reading_laser.cpp:29:3:[m[K [01;31m[Kerror: [m[K‘[01m[K<declaration error>[m[K’ is not a template [[01;31m[K]8;;https://gcc.gnu.org/onlinedocs/gcc/Warning-Options.html#index-fpermissive-fpermissive]8;;[m[K]
   29 |   [01;31m[KRCLCPP_INFO[m[K(node->get_logger(), "Hello my friends");
      |   [01;31m[K^~~~~~~~~~~[m[K
[01m[K/home/prez/git/humble-lidar/src/cplusplus_laser_map/src/reading_laser.cpp:29:3:[m[K [01;31m[Kerror: [m[Ktemplate argument 1 is invalid
   29 |   [01;31m[KRCLCPP_INFO[m[K(node->get_logger(), "Hello my friends");
      |   [01;31m[K^~~~~~~~~~~[m[K
gmake[2]: *** [CMakeFiles/reading_laser.dir/build.make:76: CMakeFiles/reading_laser.dir/src/reading_laser.cpp.o] Error 1
gmake[1]: *** [CMakeFiles/Makefile2:137: CMakeFiles/reading_laser.dir/all] Error 2
gmake: *** [Makefile:146: all] Error 2
