[35m[1mConsolidate compiler generated dependencies of target reading_laser[0m
[ 50%] [32mBuilding CXX object CMakeFiles/reading_laser.dir/src/reading_laser.cpp.o[0m
[100%] [32m[1mLinking CXX executable reading_laser[0m
[100%] Built target reading_laser
-- Install configuration: ""
-- Installing: /home/prez/git/humble-lidar/install/cplusplus_laser_map/lib/cplusplus_laser_map/reading_laser
-- Set runtime path of "/home/prez/git/humble-lidar/install/cplusplus_laser_map/lib/cplusplus_laser_map/reading_laser" to ""
-- Installing: /home/prez/git/humble-lidar/install/cplusplus_laser_map/share/ament_index/resource_index/package_run_dependencies/cplusplus_laser_map
-- Installing: /home/prez/git/humble-lidar/install/cplusplus_laser_map/share/ament_index/resource_index/parent_prefix_path/cplusplus_laser_map
-- Installing: /home/prez/git/humble-lidar/install/cplusplus_laser_map/share/cplusplus_laser_map/environment/ament_prefix_path.sh
-- Installing: /home/prez/git/humble-lidar/install/cplusplus_laser_map/share/cplusplus_laser_map/environment/ament_prefix_path.dsv
-- Installing: /home/prez/git/humble-lidar/install/cplusplus_laser_map/share/cplusplus_laser_map/environment/path.sh
-- Installing: /home/prez/git/humble-lidar/install/cplusplus_laser_map/share/cplusplus_laser_map/environment/path.dsv
-- Installing: /home/prez/git/humble-lidar/install/cplusplus_laser_map/share/cplusplus_laser_map/local_setup.bash
-- Installing: /home/prez/git/humble-lidar/install/cplusplus_laser_map/share/cplusplus_laser_map/local_setup.sh
-- Installing: /home/prez/git/humble-lidar/install/cplusplus_laser_map/share/cplusplus_laser_map/local_setup.zsh
-- Installing: /home/prez/git/humble-lidar/install/cplusplus_laser_map/share/cplusplus_laser_map/local_setup.dsv
-- Installing: /home/prez/git/humble-lidar/install/cplusplus_laser_map/share/cplusplus_laser_map/package.dsv
-- Installing: /home/prez/git/humble-lidar/install/cplusplus_laser_map/share/ament_index/resource_index/packages/cplusplus_laser_map
-- Installing: /home/prez/git/humble-lidar/install/cplusplus_laser_map/share/cplusplus_laser_map/cmake/cplusplus_laser_mapConfig.cmake
-- Installing: /home/prez/git/humble-lidar/install/cplusplus_laser_map/share/cplusplus_laser_map/cmake/cplusplus_laser_mapConfig-version.cmake
-- Installing: /home/prez/git/humble-lidar/install/cplusplus_laser_map/share/cplusplus_laser_map/package.xml
