[1.111s] Invoking command in '/home/prez/git/humble-lidar/build/cplusplus_laser_map': CMAKE_PREFIX_PATH=${CMAKE_PREFIX_PATH}:/home/prez/git/c++lidar-project/install/py_pubsub:/home/prez/git/c++lidar-project/install/motor_package:/home/prez/git/c++lidar-project/install/ir_package:/home/prez/ros2_ws/install/py_pubsub:/home/prez/ros2_ws/install/my_package:/home/prez/ros2_ws/install/launch_testing_examples:/home/prez/ros2_ws/install/examples_rclpy_pointcloud_publisher:/home/prez/ros2_ws/install/examples_rclpy_minimal_subscriber:/home/prez/ros2_ws/install/examples_rclpy_minimal_service:/home/prez/ros2_ws/install/examples_rclpy_minimal_publisher:/home/prez/ros2_ws/install/examples_rclpy_minimal_client:/home/prez/ros2_ws/install/examples_rclpy_minimal_action_server:/home/prez/ros2_ws/install/examples_rclpy_minimal_action_client:/home/prez/ros2_ws/install/examples_rclpy_guard_conditions:/home/prez/ros2_ws/install/examples_rclpy_executors:/opt/ros/humble /usr/bin/cmake --build /home/prez/git/humble-lidar/build/cplusplus_laser_map -- -j4 -l4
[1.359s] [35m[1mConsolidate compiler generated dependencies of target reading_laser[0m
[1.499s] [ 50%] [32mBuilding CXX object CMakeFiles/reading_laser.dir/src/reading_laser.cpp.o[0m
[37.500s] [100%] [32m[1mLinking CXX executable reading_laser[0m
[39.844s] [100%] Built target reading_laser
[39.895s] Invoked command in '/home/prez/git/humble-lidar/build/cplusplus_laser_map' returned '0': CMAKE_PREFIX_PATH=${CMAKE_PREFIX_PATH}:/home/prez/git/c++lidar-project/install/py_pubsub:/home/prez/git/c++lidar-project/install/motor_package:/home/prez/git/c++lidar-project/install/ir_package:/home/prez/ros2_ws/install/py_pubsub:/home/prez/ros2_ws/install/my_package:/home/prez/ros2_ws/install/launch_testing_examples:/home/prez/ros2_ws/install/examples_rclpy_pointcloud_publisher:/home/prez/ros2_ws/install/examples_rclpy_minimal_subscriber:/home/prez/ros2_ws/install/examples_rclpy_minimal_service:/home/prez/ros2_ws/install/examples_rclpy_minimal_publisher:/home/prez/ros2_ws/install/examples_rclpy_minimal_client:/home/prez/ros2_ws/install/examples_rclpy_minimal_action_server:/home/prez/ros2_ws/install/examples_rclpy_minimal_action_client:/home/prez/ros2_ws/install/examples_rclpy_guard_conditions:/home/prez/ros2_ws/install/examples_rclpy_executors:/opt/ros/humble /usr/bin/cmake --build /home/prez/git/humble-lidar/build/cplusplus_laser_map -- -j4 -l4
[40.085s] Invoking command in '/home/prez/git/humble-lidar/build/cplusplus_laser_map': CMAKE_PREFIX_PATH=${CMAKE_PREFIX_PATH}:/home/prez/git/c++lidar-project/install/py_pubsub:/home/prez/git/c++lidar-project/install/motor_package:/home/prez/git/c++lidar-project/install/ir_package:/home/prez/ros2_ws/install/py_pubsub:/home/prez/ros2_ws/install/my_package:/home/prez/ros2_ws/install/launch_testing_examples:/home/prez/ros2_ws/install/examples_rclpy_pointcloud_publisher:/home/prez/ros2_ws/install/examples_rclpy_minimal_subscriber:/home/prez/ros2_ws/install/examples_rclpy_minimal_service:/home/prez/ros2_ws/install/examples_rclpy_minimal_publisher:/home/prez/ros2_ws/install/examples_rclpy_minimal_client:/home/prez/ros2_ws/install/examples_rclpy_minimal_action_server:/home/prez/ros2_ws/install/examples_rclpy_minimal_action_client:/home/prez/ros2_ws/install/examples_rclpy_guard_conditions:/home/prez/ros2_ws/install/examples_rclpy_executors:/opt/ros/humble /usr/bin/cmake --install /home/prez/git/humble-lidar/build/cplusplus_laser_map
[40.120s] -- Install configuration: ""
[40.121s] -- Installing: /home/prez/git/humble-lidar/install/cplusplus_laser_map/lib/cplusplus_laser_map/reading_laser
[40.150s] -- Set runtime path of "/home/prez/git/humble-lidar/install/cplusplus_laser_map/lib/cplusplus_laser_map/reading_laser" to ""
[40.150s] -- Installing: /home/prez/git/humble-lidar/install/cplusplus_laser_map/share/ament_index/resource_index/package_run_dependencies/cplusplus_laser_map
[40.153s] -- Installing: /home/prez/git/humble-lidar/install/cplusplus_laser_map/share/ament_index/resource_index/parent_prefix_path/cplusplus_laser_map
[40.155s] -- Up-to-date: /home/prez/git/humble-lidar/install/cplusplus_laser_map/share/cplusplus_laser_map/environment/ament_prefix_path.sh
[40.157s] -- Installing: /home/prez/git/humble-lidar/install/cplusplus_laser_map/share/cplusplus_laser_map/environment/ament_prefix_path.dsv
[40.159s] -- Up-to-date: /home/prez/git/humble-lidar/install/cplusplus_laser_map/share/cplusplus_laser_map/environment/path.sh
[40.159s] -- Installing: /home/prez/git/humble-lidar/install/cplusplus_laser_map/share/cplusplus_laser_map/environment/path.dsv
[40.161s] -- Up-to-date: /home/prez/git/humble-lidar/install/cplusplus_laser_map/share/cplusplus_laser_map/local_setup.bash
[40.162s] -- Up-to-date: /home/prez/git/humble-lidar/install/cplusplus_laser_map/share/cplusplus_laser_map/local_setup.sh
[40.162s] -- Up-to-date: /home/prez/git/humble-lidar/install/cplusplus_laser_map/share/cplusplus_laser_map/local_setup.zsh
[40.163s] -- Installing: /home/prez/git/humble-lidar/install/cplusplus_laser_map/share/cplusplus_laser_map/local_setup.dsv
[40.164s] -- Installing: /home/prez/git/humble-lidar/install/cplusplus_laser_map/share/cplusplus_laser_map/package.dsv
[40.166s] -- Up-to-date: /home/prez/git/humble-lidar/install/cplusplus_laser_map/share/ament_index/resource_index/packages/cplusplus_laser_map
[40.167s] -- Up-to-date: /home/prez/git/humble-lidar/install/cplusplus_laser_map/share/cplusplus_laser_map/cmake/cplusplus_laser_mapConfig.cmake
[40.167s] -- Up-to-date: /home/prez/git/humble-lidar/install/cplusplus_laser_map/share/cplusplus_laser_map/cmake/cplusplus_laser_mapConfig-version.cmake
[40.167s] -- Installing: /home/prez/git/humble-lidar/install/cplusplus_laser_map/share/cplusplus_laser_map/package.xml
[40.174s] Invoked command in '/home/prez/git/humble-lidar/build/cplusplus_laser_map' returned '0': CMAKE_PREFIX_PATH=${CMAKE_PREFIX_PATH}:/home/prez/git/c++lidar-project/install/py_pubsub:/home/prez/git/c++lidar-project/install/motor_package:/home/prez/git/c++lidar-project/install/ir_package:/home/prez/ros2_ws/install/py_pubsub:/home/prez/ros2_ws/install/my_package:/home/prez/ros2_ws/install/launch_testing_examples:/home/prez/ros2_ws/install/examples_rclpy_pointcloud_publisher:/home/prez/ros2_ws/install/examples_rclpy_minimal_subscriber:/home/prez/ros2_ws/install/examples_rclpy_minimal_service:/home/prez/ros2_ws/install/examples_rclpy_minimal_publisher:/home/prez/ros2_ws/install/examples_rclpy_minimal_client:/home/prez/ros2_ws/install/examples_rclpy_minimal_action_server:/home/prez/ros2_ws/install/examples_rclpy_minimal_action_client:/home/prez/ros2_ws/install/examples_rclpy_guard_conditions:/home/prez/ros2_ws/install/examples_rclpy_executors:/opt/ros/humble /usr/bin/cmake --install /home/prez/git/humble-lidar/build/cplusplus_laser_map
