[0.615s] Invoking command in '/home/prez/git/humble-lidar/build/rplidar_ros': CMAKE_PREFIX_PATH=${CMAKE_PREFIX_PATH}:/home/prez/git/c++lidar-project/install/py_pubsub:/home/prez/git/c++lidar-project/install/motor_package:/home/prez/git/c++lidar-project/install/ir_package:/home/prez/ros2_ws/install/py_pubsub:/home/prez/ros2_ws/install/my_package:/home/prez/ros2_ws/install/launch_testing_examples:/home/prez/ros2_ws/install/examples_rclpy_pointcloud_publisher:/home/prez/ros2_ws/install/examples_rclpy_minimal_subscriber:/home/prez/ros2_ws/install/examples_rclpy_minimal_service:/home/prez/ros2_ws/install/examples_rclpy_minimal_publisher:/home/prez/ros2_ws/install/examples_rclpy_minimal_client:/home/prez/ros2_ws/install/examples_rclpy_minimal_action_server:/home/prez/ros2_ws/install/examples_rclpy_minimal_action_client:/home/prez/ros2_ws/install/examples_rclpy_guard_conditions:/home/prez/ros2_ws/install/examples_rclpy_executors:/opt/ros/humble /usr/bin/cmake --build /home/prez/git/humble-lidar/build/rplidar_ros -- -j4 -l4
[1.275s] [ 77%] Built target rplidar_composition_node
[1.571s] [100%] Built target rplidar_composition
[1.664s] Invoked command in '/home/prez/git/humble-lidar/build/rplidar_ros' returned '0': CMAKE_PREFIX_PATH=${CMAKE_PREFIX_PATH}:/home/prez/git/c++lidar-project/install/py_pubsub:/home/prez/git/c++lidar-project/install/motor_package:/home/prez/git/c++lidar-project/install/ir_package:/home/prez/ros2_ws/install/py_pubsub:/home/prez/ros2_ws/install/my_package:/home/prez/ros2_ws/install/launch_testing_examples:/home/prez/ros2_ws/install/examples_rclpy_pointcloud_publisher:/home/prez/ros2_ws/install/examples_rclpy_minimal_subscriber:/home/prez/ros2_ws/install/examples_rclpy_minimal_service:/home/prez/ros2_ws/install/examples_rclpy_minimal_publisher:/home/prez/ros2_ws/install/examples_rclpy_minimal_client:/home/prez/ros2_ws/install/examples_rclpy_minimal_action_server:/home/prez/ros2_ws/install/examples_rclpy_minimal_action_client:/home/prez/ros2_ws/install/examples_rclpy_guard_conditions:/home/prez/ros2_ws/install/examples_rclpy_executors:/opt/ros/humble /usr/bin/cmake --build /home/prez/git/humble-lidar/build/rplidar_ros -- -j4 -l4
[2.221s] Invoking command in '/home/prez/git/humble-lidar/build/rplidar_ros': CMAKE_PREFIX_PATH=${CMAKE_PREFIX_PATH}:/home/prez/git/c++lidar-project/install/py_pubsub:/home/prez/git/c++lidar-project/install/motor_package:/home/prez/git/c++lidar-project/install/ir_package:/home/prez/ros2_ws/install/py_pubsub:/home/prez/ros2_ws/install/my_package:/home/prez/ros2_ws/install/launch_testing_examples:/home/prez/ros2_ws/install/examples_rclpy_pointcloud_publisher:/home/prez/ros2_ws/install/examples_rclpy_minimal_subscriber:/home/prez/ros2_ws/install/examples_rclpy_minimal_service:/home/prez/ros2_ws/install/examples_rclpy_minimal_publisher:/home/prez/ros2_ws/install/examples_rclpy_minimal_client:/home/prez/ros2_ws/install/examples_rclpy_minimal_action_server:/home/prez/ros2_ws/install/examples_rclpy_minimal_action_client:/home/prez/ros2_ws/install/examples_rclpy_guard_conditions:/home/prez/ros2_ws/install/examples_rclpy_executors:/opt/ros/humble /usr/bin/cmake --install /home/prez/git/humble-lidar/build/rplidar_ros
[2.282s] -- Install configuration: ""
[2.287s] -- Execute custom install script
[2.290s] -- Up-to-date symlink: /home/prez/git/humble-lidar/install/rplidar_ros/lib/rplidar_ros/rplidar_composition
[2.292s] -- Up-to-date symlink: /home/prez/git/humble-lidar/install/rplidar_ros/share/rplidar_ros/launch/rplidar.launch.py
[2.293s] -- Up-to-date symlink: /home/prez/git/humble-lidar/install/rplidar_ros/share/rplidar_ros/launch/rplidar_a3.launch.py
[2.297s] -- Up-to-date symlink: /home/prez/git/humble-lidar/install/rplidar_ros/share/rplidar_ros/launch/rplidar_s1.launch.py
[2.300s] -- Up-to-date symlink: /home/prez/git/humble-lidar/install/rplidar_ros/share/rplidar_ros/launch/rplidar_s1_tcp.launch.py
[2.301s] -- Up-to-date symlink: /home/prez/git/humble-lidar/install/rplidar_ros/share/rplidar_ros/launch/test_rplidar_a3.launch.py
[2.306s] -- Up-to-date symlink: /home/prez/git/humble-lidar/install/rplidar_ros/share/rplidar_ros/launch/view_rplidar.launch.py
[2.307s] -- Up-to-date symlink: /home/prez/git/humble-lidar/install/rplidar_ros/share/rplidar_ros/launch/view_rplidar_a3.launch.py
[2.307s] -- Up-to-date symlink: /home/prez/git/humble-lidar/install/rplidar_ros/share/rplidar_ros/launch/view_rplidar_s1.launch.py
[2.308s] -- Up-to-date symlink: /home/prez/git/humble-lidar/install/rplidar_ros/share/rplidar_ros/launch/view_rplidar_s1_tcp.launch.py
[2.308s] -- Up-to-date symlink: /home/prez/git/humble-lidar/install/rplidar_ros/share/rplidar_ros/rviz/rplidar.rviz
[2.320s] -- Up-to-date symlink: /home/prez/git/humble-lidar/install/rplidar_ros/lib/librplidar_composition_node.so
[2.327s] -- Up-to-date symlink: /home/prez/git/humble-lidar/install/rplidar_ros/include/rplidar_node.hpp
[2.328s] -- Up-to-date symlink: /home/prez/git/humble-lidar/install/rplidar_ros/include/visibility.h
[2.328s] -- Up-to-date symlink: /home/prez/git/humble-lidar/install/rplidar_ros/lib/rplidar_ros/rplidar_composition
[2.329s] -- Up-to-date symlink: /home/prez/git/humble-lidar/install/rplidar_ros/share/ament_index/resource_index/package_run_dependencies/rplidar_ros
[2.329s] -- Up-to-date symlink: /home/prez/git/humble-lidar/install/rplidar_ros/share/ament_index/resource_index/parent_prefix_path/rplidar_ros
[2.330s] -- Up-to-date symlink: /home/prez/git/humble-lidar/install/rplidar_ros/share/rplidar_ros/environment/ament_prefix_path.sh
[2.339s] -- Up-to-date symlink: /home/prez/git/humble-lidar/install/rplidar_ros/share/rplidar_ros/environment/ament_prefix_path.dsv
[2.341s] -- Up-to-date symlink: /home/prez/git/humble-lidar/install/rplidar_ros/share/rplidar_ros/environment/path.sh
[2.342s] -- Up-to-date symlink: /home/prez/git/humble-lidar/install/rplidar_ros/share/rplidar_ros/environment/path.dsv
[2.343s] -- Up-to-date symlink: /home/prez/git/humble-lidar/install/rplidar_ros/share/rplidar_ros/local_setup.bash
[2.343s] -- Up-to-date symlink: /home/prez/git/humble-lidar/install/rplidar_ros/share/rplidar_ros/local_setup.sh
[2.344s] -- Up-to-date symlink: /home/prez/git/humble-lidar/install/rplidar_ros/share/rplidar_ros/local_setup.zsh
[2.344s] -- Up-to-date symlink: /home/prez/git/humble-lidar/install/rplidar_ros/share/rplidar_ros/local_setup.dsv
[2.345s] -- Symlinking: /home/prez/git/humble-lidar/install/rplidar_ros/share/rplidar_ros/package.dsv
[2.375s] -- Up-to-date symlink: /home/prez/git/humble-lidar/install/rplidar_ros/share/ament_index/resource_index/packages/rplidar_ros
[2.376s] -- Up-to-date symlink: /home/prez/git/humble-lidar/install/rplidar_ros/share/ament_index/resource_index/rclcpp_components/rplidar_ros
[2.377s] -- Up-to-date symlink: /home/prez/git/humble-lidar/install/rplidar_ros/share/rplidar_ros/cmake/ament_cmake_export_dependencies-extras.cmake
[2.379s] -- Up-to-date symlink: /home/prez/git/humble-lidar/install/rplidar_ros/share/rplidar_ros/cmake/ament_cmake_export_include_directories-extras.cmake
[2.381s] -- Up-to-date symlink: /home/prez/git/humble-lidar/install/rplidar_ros/share/rplidar_ros/cmake/rplidar_rosConfig.cmake
[2.383s] -- Up-to-date symlink: /home/prez/git/humble-lidar/install/rplidar_ros/share/rplidar_ros/cmake/rplidar_rosConfig-version.cmake
[2.384s] -- Up-to-date symlink: /home/prez/git/humble-lidar/install/rplidar_ros/share/rplidar_ros/package.xml
[2.394s] Invoked command in '/home/prez/git/humble-lidar/build/rplidar_ros' returned '0': CMAKE_PREFIX_PATH=${CMAKE_PREFIX_PATH}:/home/prez/git/c++lidar-project/install/py_pubsub:/home/prez/git/c++lidar-project/install/motor_package:/home/prez/git/c++lidar-project/install/ir_package:/home/prez/ros2_ws/install/py_pubsub:/home/prez/ros2_ws/install/my_package:/home/prez/ros2_ws/install/launch_testing_examples:/home/prez/ros2_ws/install/examples_rclpy_pointcloud_publisher:/home/prez/ros2_ws/install/examples_rclpy_minimal_subscriber:/home/prez/ros2_ws/install/examples_rclpy_minimal_service:/home/prez/ros2_ws/install/examples_rclpy_minimal_publisher:/home/prez/ros2_ws/install/examples_rclpy_minimal_client:/home/prez/ros2_ws/install/examples_rclpy_minimal_action_server:/home/prez/ros2_ws/install/examples_rclpy_minimal_action_client:/home/prez/ros2_ws/install/examples_rclpy_guard_conditions:/home/prez/ros2_ws/install/examples_rclpy_executors:/opt/ros/humble /usr/bin/cmake --install /home/prez/git/humble-lidar/build/rplidar_ros
