[4.582s] DEBUG:colcon:Command line arguments: ['/usr/bin/colcon', 'build']
[4.582s] DEBUG:colcon:Parsed command line arguments: Namespace(log_base=None, log_level=None, verb_name='build', build_base='build', install_base='install', merge_install=False, symlink_install=False, test_result_base=None, continue_on_error=False, executor='parallel', parallel_workers=4, event_handlers=None, ignore_user_meta=False, metas=['./colcon.meta'], base_paths=['.'], packages_ignore=None, packages_ignore_regex=None, paths=None, packages_up_to=None, packages_up_to_regex=None, packages_above=None, packages_above_and_dependencies=None, packages_above_depth=None, packages_select_by_dep=None, packages_skip_by_dep=None, packages_skip_up_to=None, packages_select_build_failed=False, packages_skip_build_finished=False, packages_select_test_failures=False, packages_skip_test_passed=False, packages_select=None, packages_skip=None, packages_select_regex=None, packages_skip_regex=None, packages_start=None, packages_end=None, allow_overriding=[], cmake_args=None, cmake_target=None, cmake_target_skip_unavailable=False, cmake_clean_cache=False, cmake_clean_first=False, cmake_force_configure=False, ament_cmake_args=None, catkin_cmake_args=None, catkin_skip_building_tests=False, verb_parser=<colcon_defaults.argument_parser.defaults.DefaultArgumentsDecorator object at 0xffffab2f8970>, verb_extension=<colcon_core.verb.build.BuildVerb object at 0xffffab86ded0>, main=<bound method BuildVerb.main of <colcon_core.verb.build.BuildVerb object at 0xffffab86ded0>>)
[4.880s] Level 1:colcon.colcon_core.package_discovery:discover_packages(colcon_meta) check parameters
[4.880s] Level 1:colcon.colcon_core.package_discovery:discover_packages(recursive) check parameters
[4.881s] Level 1:colcon.colcon_core.package_discovery:discover_packages(ignore) check parameters
[4.881s] Level 1:colcon.colcon_core.package_discovery:discover_packages(path) check parameters
[4.881s] Level 1:colcon.colcon_core.package_discovery:discover_packages(colcon_meta) discover
[4.881s] Level 1:colcon.colcon_core.package_discovery:discover_packages(recursive) discover
[4.881s] INFO:colcon.colcon_core.package_discovery:Crawling recursively for packages in '/home/prez/git/humble-lidar'
[4.882s] Level 1:colcon.colcon_core.package_identification:_identify(.) by extensions ['ignore', 'ignore_ament_install']
[4.882s] Level 1:colcon.colcon_core.package_identification:_identify(.) by extension 'ignore'
[4.883s] Level 1:colcon.colcon_core.package_identification:_identify(.) by extension 'ignore_ament_install'
[4.883s] Level 1:colcon.colcon_core.package_identification:_identify(.) by extensions ['colcon_pkg']
[4.883s] Level 1:colcon.colcon_core.package_identification:_identify(.) by extension 'colcon_pkg'
[4.883s] Level 1:colcon.colcon_core.package_identification:_identify(.) by extensions ['colcon_meta']
[4.883s] Level 1:colcon.colcon_core.package_identification:_identify(.) by extension 'colcon_meta'
[4.883s] Level 1:colcon.colcon_core.package_identification:_identify(.) by extensions ['ros']
[4.884s] Level 1:colcon.colcon_core.package_identification:_identify(.) by extension 'ros'
[4.943s] Level 1:colcon.colcon_core.package_identification:_identify(.) by extensions ['cmake', 'python']
[4.944s] Level 1:colcon.colcon_core.package_identification:_identify(.) by extension 'cmake'
[4.944s] Level 1:colcon.colcon_core.package_identification:_identify(.) by extension 'python'
[4.945s] Level 1:colcon.colcon_core.package_identification:_identify(.) by extensions ['python_setup_py']
[4.945s] Level 1:colcon.colcon_core.package_identification:_identify(.) by extension 'python_setup_py'
[4.946s] Level 1:colcon.colcon_core.package_identification:_identify(build) by extensions ['ignore', 'ignore_ament_install']
[4.946s] Level 1:colcon.colcon_core.package_identification:_identify(build) by extension 'ignore'
[4.947s] Level 1:colcon.colcon_core.package_identification:_identify(build) ignored
[4.948s] Level 1:colcon.colcon_core.package_identification:_identify(install) by extensions ['ignore', 'ignore_ament_install']
[4.948s] Level 1:colcon.colcon_core.package_identification:_identify(install) by extension 'ignore'
[4.949s] Level 1:colcon.colcon_core.package_identification:_identify(install) ignored
[4.949s] Level 1:colcon.colcon_core.package_identification:_identify(log) by extensions ['ignore', 'ignore_ament_install']
[4.950s] Level 1:colcon.colcon_core.package_identification:_identify(log) by extension 'ignore'
[4.950s] Level 1:colcon.colcon_core.package_identification:_identify(log) ignored
[4.950s] Level 1:colcon.colcon_core.package_identification:_identify(src) by extensions ['ignore', 'ignore_ament_install']
[4.951s] Level 1:colcon.colcon_core.package_identification:_identify(src) by extension 'ignore'
[4.951s] Level 1:colcon.colcon_core.package_identification:_identify(src) by extension 'ignore_ament_install'
[4.951s] Level 1:colcon.colcon_core.package_identification:_identify(src) by extensions ['colcon_pkg']
[4.951s] Level 1:colcon.colcon_core.package_identification:_identify(src) by extension 'colcon_pkg'
[4.952s] Level 1:colcon.colcon_core.package_identification:_identify(src) by extensions ['colcon_meta']
[4.952s] Level 1:colcon.colcon_core.package_identification:_identify(src) by extension 'colcon_meta'
[4.952s] Level 1:colcon.colcon_core.package_identification:_identify(src) by extensions ['ros']
[4.952s] Level 1:colcon.colcon_core.package_identification:_identify(src) by extension 'ros'
[4.952s] Level 1:colcon.colcon_core.package_identification:_identify(src) by extensions ['cmake', 'python']
[4.952s] Level 1:colcon.colcon_core.package_identification:_identify(src) by extension 'cmake'
[4.953s] Level 1:colcon.colcon_core.package_identification:_identify(src) by extension 'python'
[4.953s] Level 1:colcon.colcon_core.package_identification:_identify(src) by extensions ['python_setup_py']
[4.953s] Level 1:colcon.colcon_core.package_identification:_identify(src) by extension 'python_setup_py'
[4.953s] Level 1:colcon.colcon_core.package_identification:_identify(src/cplusplus_laser_map) by extensions ['ignore', 'ignore_ament_install']
[4.954s] Level 1:colcon.colcon_core.package_identification:_identify(src/cplusplus_laser_map) by extension 'ignore'
[4.954s] Level 1:colcon.colcon_core.package_identification:_identify(src/cplusplus_laser_map) by extension 'ignore_ament_install'
[4.954s] Level 1:colcon.colcon_core.package_identification:_identify(src/cplusplus_laser_map) by extensions ['colcon_pkg']
[4.954s] Level 1:colcon.colcon_core.package_identification:_identify(src/cplusplus_laser_map) by extension 'colcon_pkg'
[4.955s] Level 1:colcon.colcon_core.package_identification:_identify(src/cplusplus_laser_map) by extensions ['colcon_meta']
[4.955s] Level 1:colcon.colcon_core.package_identification:_identify(src/cplusplus_laser_map) by extension 'colcon_meta'
[4.955s] Level 1:colcon.colcon_core.package_identification:_identify(src/cplusplus_laser_map) by extensions ['ros']
[4.955s] Level 1:colcon.colcon_core.package_identification:_identify(src/cplusplus_laser_map) by extension 'ros'
[4.965s] DEBUG:colcon.colcon_core.package_identification:Package 'src/cplusplus_laser_map' with type 'ros.ament_cmake' and name 'cplusplus_laser_map'
[4.966s] Level 1:colcon.colcon_core.package_identification:_identify(src/rplidar_ros2) by extensions ['ignore', 'ignore_ament_install']
[4.966s] Level 1:colcon.colcon_core.package_identification:_identify(src/rplidar_ros2) by extension 'ignore'
[4.966s] Level 1:colcon.colcon_core.package_identification:_identify(src/rplidar_ros2) by extension 'ignore_ament_install'
[4.967s] Level 1:colcon.colcon_core.package_identification:_identify(src/rplidar_ros2) by extensions ['colcon_pkg']
[4.967s] Level 1:colcon.colcon_core.package_identification:_identify(src/rplidar_ros2) by extension 'colcon_pkg'
[4.967s] Level 1:colcon.colcon_core.package_identification:_identify(src/rplidar_ros2) by extensions ['colcon_meta']
[4.967s] Level 1:colcon.colcon_core.package_identification:_identify(src/rplidar_ros2) by extension 'colcon_meta'
[4.967s] Level 1:colcon.colcon_core.package_identification:_identify(src/rplidar_ros2) by extensions ['ros']
[4.968s] Level 1:colcon.colcon_core.package_identification:_identify(src/rplidar_ros2) by extension 'ros'
[4.974s] DEBUG:colcon.colcon_core.package_identification:Package 'src/rplidar_ros2' with type 'ros.ament_cmake' and name 'rplidar_ros'
[4.974s] Level 1:colcon.colcon_core.package_discovery:discover_packages(recursive) using defaults
[4.975s] Level 1:colcon.colcon_core.package_discovery:discover_packages(ignore) discover
[4.975s] Level 1:colcon.colcon_core.package_discovery:discover_packages(ignore) using defaults
[4.975s] Level 1:colcon.colcon_core.package_discovery:discover_packages(path) discover
[4.975s] Level 1:colcon.colcon_core.package_discovery:discover_packages(path) using defaults
[5.400s] Level 1:colcon.colcon_core.package_discovery:discover_packages(prefix_path) check parameters
[5.400s] Level 1:colcon.colcon_core.package_discovery:discover_packages(prefix_path) discover
[5.551s] DEBUG:colcon.colcon_installed_package_information.package_discovery:Found 2 installed packages in /home/prez/git/humble-lidar/install
[5.619s] DEBUG:colcon.colcon_installed_package_information.package_discovery:Found 1 installed packages in /home/prez/git/lidar/install
[5.690s] DEBUG:colcon.colcon_installed_package_information.package_discovery:Found 5 installed packages in /home/prez/git/c++lidar-project/install
[5.759s] DEBUG:colcon.colcon_installed_package_information.package_discovery:Found 26 installed packages in /home/prez/ros2_ws/install
[5.833s] DEBUG:colcon.colcon_installed_package_information.package_discovery:Found 284 installed packages in /opt/ros/humble
[5.844s] Level 1:colcon.colcon_core.package_discovery:discover_packages(prefix_path) using defaults
[6.209s] Level 5:colcon.colcon_core.verb:set package 'cplusplus_laser_map' build argument 'cmake_args' from command line to 'None'
[6.209s] Level 5:colcon.colcon_core.verb:set package 'cplusplus_laser_map' build argument 'cmake_target' from command line to 'None'
[6.209s] Level 5:colcon.colcon_core.verb:set package 'cplusplus_laser_map' build argument 'cmake_target_skip_unavailable' from command line to 'False'
[6.209s] Level 5:colcon.colcon_core.verb:set package 'cplusplus_laser_map' build argument 'cmake_clean_cache' from command line to 'False'
[6.210s] Level 5:colcon.colcon_core.verb:set package 'cplusplus_laser_map' build argument 'cmake_clean_first' from command line to 'False'
[6.210s] Level 5:colcon.colcon_core.verb:set package 'cplusplus_laser_map' build argument 'cmake_force_configure' from command line to 'False'
[6.210s] Level 5:colcon.colcon_core.verb:set package 'cplusplus_laser_map' build argument 'ament_cmake_args' from command line to 'None'
[6.210s] Level 5:colcon.colcon_core.verb:set package 'cplusplus_laser_map' build argument 'catkin_cmake_args' from command line to 'None'
[6.210s] Level 5:colcon.colcon_core.verb:set package 'cplusplus_laser_map' build argument 'catkin_skip_building_tests' from command line to 'False'
[6.210s] DEBUG:colcon.colcon_core.verb:Building package 'cplusplus_laser_map' with the following arguments: {'ament_cmake_args': None, 'build_base': '/home/prez/git/humble-lidar/build/cplusplus_laser_map', 'catkin_cmake_args': None, 'catkin_skip_building_tests': False, 'cmake_args': None, 'cmake_clean_cache': False, 'cmake_clean_first': False, 'cmake_force_configure': False, 'cmake_target': None, 'cmake_target_skip_unavailable': False, 'install_base': '/home/prez/git/humble-lidar/install/cplusplus_laser_map', 'merge_install': False, 'path': '/home/prez/git/humble-lidar/src/cplusplus_laser_map', 'symlink_install': False, 'test_result_base': None}
[6.277s] Level 5:colcon.colcon_core.verb:set package 'rplidar_ros' build argument 'cmake_args' from command line to 'None'
[6.278s] Level 5:colcon.colcon_core.verb:set package 'rplidar_ros' build argument 'cmake_target' from command line to 'None'
[6.278s] Level 5:colcon.colcon_core.verb:set package 'rplidar_ros' build argument 'cmake_target_skip_unavailable' from command line to 'False'
[6.278s] Level 5:colcon.colcon_core.verb:set package 'rplidar_ros' build argument 'cmake_clean_cache' from command line to 'False'
[6.278s] Level 5:colcon.colcon_core.verb:set package 'rplidar_ros' build argument 'cmake_clean_first' from command line to 'False'
[6.278s] Level 5:colcon.colcon_core.verb:set package 'rplidar_ros' build argument 'cmake_force_configure' from command line to 'False'
[6.278s] Level 5:colcon.colcon_core.verb:set package 'rplidar_ros' build argument 'ament_cmake_args' from command line to 'None'
[6.279s] Level 5:colcon.colcon_core.verb:set package 'rplidar_ros' build argument 'catkin_cmake_args' from command line to 'None'
[6.279s] Level 5:colcon.colcon_core.verb:set package 'rplidar_ros' build argument 'catkin_skip_building_tests' from command line to 'False'
[6.279s] DEBUG:colcon.colcon_core.verb:Building package 'rplidar_ros' with the following arguments: {'ament_cmake_args': None, 'build_base': '/home/prez/git/humble-lidar/build/rplidar_ros', 'catkin_cmake_args': None, 'catkin_skip_building_tests': False, 'cmake_args': None, 'cmake_clean_cache': False, 'cmake_clean_first': False, 'cmake_force_configure': False, 'cmake_target': None, 'cmake_target_skip_unavailable': False, 'install_base': '/home/prez/git/humble-lidar/install/rplidar_ros', 'merge_install': False, 'path': '/home/prez/git/humble-lidar/src/rplidar_ros2', 'symlink_install': False, 'test_result_base': None}
[6.348s] INFO:colcon.colcon_core.executor:Executing jobs using 'parallel' executor
[6.416s] DEBUG:colcon.colcon_parallel_executor.executor.parallel:run_until_complete
[6.417s] INFO:colcon.colcon_ros.task.ament_cmake.build:Building ROS package in '/home/prez/git/humble-lidar/src/cplusplus_laser_map' with build type 'ament_cmake'
[6.418s] INFO:colcon.colcon_cmake.task.cmake.build:Building CMake package in '/home/prez/git/humble-lidar/src/cplusplus_laser_map'
[6.503s] INFO:colcon.colcon_core.plugin_system:Skipping extension 'colcon_core.shell.bat': Not used on non-Windows systems
[6.504s] INFO:colcon.colcon_core.shell:Skip shell extension 'powershell' for command environment: Not usable outside of PowerShell
[6.504s] DEBUG:colcon.colcon_core.shell:Skip shell extension 'dsv' for command environment
[6.991s] INFO:colcon.colcon_ros.task.ament_cmake.build:Building ROS package in '/home/prez/git/humble-lidar/src/rplidar_ros2' with build type 'ament_cmake'
[6.992s] INFO:colcon.colcon_cmake.task.cmake.build:Building CMake package in '/home/prez/git/humble-lidar/src/rplidar_ros2'
[7.076s] INFO:colcon.colcon_core.shell:Skip shell extension 'powershell' for command environment: Not usable outside of PowerShell
[7.076s] DEBUG:colcon.colcon_core.shell:Skip shell extension 'dsv' for command environment
[7.535s] DEBUG:colcon.colcon_core.event_handler.log_command:Invoking command in '/home/prez/git/humble-lidar/build/cplusplus_laser_map': CMAKE_PREFIX_PATH=${CMAKE_PREFIX_PATH}:/home/prez/git/c++lidar-project/install/py_pubsub:/home/prez/git/c++lidar-project/install/motor_package:/home/prez/git/c++lidar-project/install/ir_package:/home/prez/ros2_ws/install/py_pubsub:/home/prez/ros2_ws/install/my_package:/home/prez/ros2_ws/install/launch_testing_examples:/home/prez/ros2_ws/install/examples_rclpy_pointcloud_publisher:/home/prez/ros2_ws/install/examples_rclpy_minimal_subscriber:/home/prez/ros2_ws/install/examples_rclpy_minimal_service:/home/prez/ros2_ws/install/examples_rclpy_minimal_publisher:/home/prez/ros2_ws/install/examples_rclpy_minimal_client:/home/prez/ros2_ws/install/examples_rclpy_minimal_action_server:/home/prez/ros2_ws/install/examples_rclpy_minimal_action_client:/home/prez/ros2_ws/install/examples_rclpy_guard_conditions:/home/prez/ros2_ws/install/examples_rclpy_executors:/opt/ros/humble /usr/bin/cmake --build /home/prez/git/humble-lidar/build/cplusplus_laser_map -- -j4 -l4
[7.579s] DEBUG:colcon.colcon_core.event_handler.log_command:Invoking command in '/home/prez/git/humble-lidar/build/rplidar_ros': CMAKE_PREFIX_PATH=${CMAKE_PREFIX_PATH}:/home/prez/git/c++lidar-project/install/py_pubsub:/home/prez/git/c++lidar-project/install/motor_package:/home/prez/git/c++lidar-project/install/ir_package:/home/prez/ros2_ws/install/py_pubsub:/home/prez/ros2_ws/install/my_package:/home/prez/ros2_ws/install/launch_testing_examples:/home/prez/ros2_ws/install/examples_rclpy_pointcloud_publisher:/home/prez/ros2_ws/install/examples_rclpy_minimal_subscriber:/home/prez/ros2_ws/install/examples_rclpy_minimal_service:/home/prez/ros2_ws/install/examples_rclpy_minimal_publisher:/home/prez/ros2_ws/install/examples_rclpy_minimal_client:/home/prez/ros2_ws/install/examples_rclpy_minimal_action_server:/home/prez/ros2_ws/install/examples_rclpy_minimal_action_client:/home/prez/ros2_ws/install/examples_rclpy_guard_conditions:/home/prez/ros2_ws/install/examples_rclpy_executors:/opt/ros/humble /usr/bin/cmake --build /home/prez/git/humble-lidar/build/rplidar_ros -- -j4 -l4
[8.834s] DEBUG:colcon.colcon_core.event_handler.log_command:Invoked command in '/home/prez/git/humble-lidar/build/rplidar_ros' returned '0': CMAKE_PREFIX_PATH=${CMAKE_PREFIX_PATH}:/home/prez/git/c++lidar-project/install/py_pubsub:/home/prez/git/c++lidar-project/install/motor_package:/home/prez/git/c++lidar-project/install/ir_package:/home/prez/ros2_ws/install/py_pubsub:/home/prez/ros2_ws/install/my_package:/home/prez/ros2_ws/install/launch_testing_examples:/home/prez/ros2_ws/install/examples_rclpy_pointcloud_publisher:/home/prez/ros2_ws/install/examples_rclpy_minimal_subscriber:/home/prez/ros2_ws/install/examples_rclpy_minimal_service:/home/prez/ros2_ws/install/examples_rclpy_minimal_publisher:/home/prez/ros2_ws/install/examples_rclpy_minimal_client:/home/prez/ros2_ws/install/examples_rclpy_minimal_action_server:/home/prez/ros2_ws/install/examples_rclpy_minimal_action_client:/home/prez/ros2_ws/install/examples_rclpy_guard_conditions:/home/prez/ros2_ws/install/examples_rclpy_executors:/opt/ros/humble /usr/bin/cmake --build /home/prez/git/humble-lidar/build/rplidar_ros -- -j4 -l4
[9.885s] DEBUG:colcon.colcon_core.event_handler.log_command:Invoking command in '/home/prez/git/humble-lidar/build/rplidar_ros': CMAKE_PREFIX_PATH=${CMAKE_PREFIX_PATH}:/home/prez/git/c++lidar-project/install/py_pubsub:/home/prez/git/c++lidar-project/install/motor_package:/home/prez/git/c++lidar-project/install/ir_package:/home/prez/ros2_ws/install/py_pubsub:/home/prez/ros2_ws/install/my_package:/home/prez/ros2_ws/install/launch_testing_examples:/home/prez/ros2_ws/install/examples_rclpy_pointcloud_publisher:/home/prez/ros2_ws/install/examples_rclpy_minimal_subscriber:/home/prez/ros2_ws/install/examples_rclpy_minimal_service:/home/prez/ros2_ws/install/examples_rclpy_minimal_publisher:/home/prez/ros2_ws/install/examples_rclpy_minimal_client:/home/prez/ros2_ws/install/examples_rclpy_minimal_action_server:/home/prez/ros2_ws/install/examples_rclpy_minimal_action_client:/home/prez/ros2_ws/install/examples_rclpy_guard_conditions:/home/prez/ros2_ws/install/examples_rclpy_executors:/opt/ros/humble /usr/bin/cmake --install /home/prez/git/humble-lidar/build/rplidar_ros
[10.306s] Level 1:colcon.colcon_core.environment:create_environment_scripts_only(rplidar_ros)
[10.321s] DEBUG:colcon.colcon_core.event_handler.log_command:Invoked command in '/home/prez/git/humble-lidar/build/rplidar_ros' returned '0': CMAKE_PREFIX_PATH=${CMAKE_PREFIX_PATH}:/home/prez/git/c++lidar-project/install/py_pubsub:/home/prez/git/c++lidar-project/install/motor_package:/home/prez/git/c++lidar-project/install/ir_package:/home/prez/ros2_ws/install/py_pubsub:/home/prez/ros2_ws/install/my_package:/home/prez/ros2_ws/install/launch_testing_examples:/home/prez/ros2_ws/install/examples_rclpy_pointcloud_publisher:/home/prez/ros2_ws/install/examples_rclpy_minimal_subscriber:/home/prez/ros2_ws/install/examples_rclpy_minimal_service:/home/prez/ros2_ws/install/examples_rclpy_minimal_publisher:/home/prez/ros2_ws/install/examples_rclpy_minimal_client:/home/prez/ros2_ws/install/examples_rclpy_minimal_action_server:/home/prez/ros2_ws/install/examples_rclpy_minimal_action_client:/home/prez/ros2_ws/install/examples_rclpy_guard_conditions:/home/prez/ros2_ws/install/examples_rclpy_executors:/opt/ros/humble /usr/bin/cmake --install /home/prez/git/humble-lidar/build/rplidar_ros
[10.598s] Level 1:colcon.colcon_core.environment:checking '/home/prez/git/humble-lidar/install/rplidar_ros' for CMake module files
[10.607s] Level 1:colcon.colcon_core.environment:checking '/home/prez/git/humble-lidar/install/rplidar_ros' for CMake config files
[10.618s] Level 1:colcon.colcon_core.shell:create_environment_hook('rplidar_ros', 'cmake_prefix_path')
[10.854s] INFO:colcon.colcon_core.shell:Creating environment hook '/home/prez/git/humble-lidar/install/rplidar_ros/share/rplidar_ros/hook/cmake_prefix_path.ps1'
[10.874s] INFO:colcon.colcon_core.shell:Creating environment descriptor '/home/prez/git/humble-lidar/install/rplidar_ros/share/rplidar_ros/hook/cmake_prefix_path.dsv'
[10.881s] INFO:colcon.colcon_core.shell:Creating environment hook '/home/prez/git/humble-lidar/install/rplidar_ros/share/rplidar_ros/hook/cmake_prefix_path.sh'
[10.895s] Level 1:colcon.colcon_core.environment:checking '/home/prez/git/humble-lidar/install/rplidar_ros/lib'
[10.899s] Level 1:colcon.colcon_core.shell:create_environment_hook('rplidar_ros', 'ld_library_path_lib')
[11.010s] INFO:colcon.colcon_core.shell:Creating environment hook '/home/prez/git/humble-lidar/install/rplidar_ros/share/rplidar_ros/hook/ld_library_path_lib.ps1'
[11.321s] INFO:colcon.colcon_core.shell:Creating environment descriptor '/home/prez/git/humble-lidar/install/rplidar_ros/share/rplidar_ros/hook/ld_library_path_lib.dsv'
[11.323s] INFO:colcon.colcon_core.shell:Creating environment hook '/home/prez/git/humble-lidar/install/rplidar_ros/share/rplidar_ros/hook/ld_library_path_lib.sh'
[11.326s] Level 1:colcon.colcon_core.environment:checking '/home/prez/git/humble-lidar/install/rplidar_ros/bin'
[11.326s] Level 1:colcon.colcon_core.environment:checking '/home/prez/git/humble-lidar/install/rplidar_ros/lib/pkgconfig/rplidar_ros.pc'
[11.327s] Level 1:colcon.colcon_core.environment:checking '/home/prez/git/humble-lidar/install/rplidar_ros/lib/python3.10/site-packages'
[11.328s] Level 1:colcon.colcon_core.environment:checking '/home/prez/git/humble-lidar/install/rplidar_ros/bin'
[11.571s] INFO:colcon.colcon_core.shell:Creating package script '/home/prez/git/humble-lidar/install/rplidar_ros/share/rplidar_ros/package.ps1'
[11.582s] INFO:colcon.colcon_core.shell:Creating package descriptor '/home/prez/git/humble-lidar/install/rplidar_ros/share/rplidar_ros/package.dsv'
[11.589s] INFO:colcon.colcon_core.shell:Creating package script '/home/prez/git/humble-lidar/install/rplidar_ros/share/rplidar_ros/package.sh'
[11.598s] INFO:colcon.colcon_core.shell:Creating package script '/home/prez/git/humble-lidar/install/rplidar_ros/share/rplidar_ros/package.bash'
[11.607s] INFO:colcon.colcon_core.shell:Creating package script '/home/prez/git/humble-lidar/install/rplidar_ros/share/rplidar_ros/package.zsh'
[11.614s] Level 1:colcon.colcon_core.environment:create_file_with_runtime_dependencies(/home/prez/git/humble-lidar/install/rplidar_ros/share/colcon-core/packages/rplidar_ros)
[12.784s] Level 1:colcon.colcon_core.environment:create_environment_scripts_only(rplidar_ros)
[13.085s] Level 1:colcon.colcon_core.environment:checking '/home/prez/git/humble-lidar/install/rplidar_ros' for CMake module files
[13.109s] Level 1:colcon.colcon_core.environment:checking '/home/prez/git/humble-lidar/install/rplidar_ros' for CMake config files
[13.125s] Level 1:colcon.colcon_core.shell:create_environment_hook('rplidar_ros', 'cmake_prefix_path')
[13.439s] INFO:colcon.colcon_core.shell:Creating environment hook '/home/prez/git/humble-lidar/install/rplidar_ros/share/rplidar_ros/hook/cmake_prefix_path.ps1'
[13.444s] INFO:colcon.colcon_core.shell:Creating environment descriptor '/home/prez/git/humble-lidar/install/rplidar_ros/share/rplidar_ros/hook/cmake_prefix_path.dsv'
[13.450s] INFO:colcon.colcon_core.shell:Creating environment hook '/home/prez/git/humble-lidar/install/rplidar_ros/share/rplidar_ros/hook/cmake_prefix_path.sh'
[13.458s] Level 1:colcon.colcon_core.environment:checking '/home/prez/git/humble-lidar/install/rplidar_ros/lib'
[13.459s] Level 1:colcon.colcon_core.shell:create_environment_hook('rplidar_ros', 'ld_library_path_lib')
[13.782s] INFO:colcon.colcon_core.shell:Creating environment hook '/home/prez/git/humble-lidar/install/rplidar_ros/share/rplidar_ros/hook/ld_library_path_lib.ps1'
[13.788s] INFO:colcon.colcon_core.shell:Creating environment descriptor '/home/prez/git/humble-lidar/install/rplidar_ros/share/rplidar_ros/hook/ld_library_path_lib.dsv'
[13.794s] INFO:colcon.colcon_core.shell:Creating environment hook '/home/prez/git/humble-lidar/install/rplidar_ros/share/rplidar_ros/hook/ld_library_path_lib.sh'
[13.800s] Level 1:colcon.colcon_core.environment:checking '/home/prez/git/humble-lidar/install/rplidar_ros/bin'
[13.802s] Level 1:colcon.colcon_core.environment:checking '/home/prez/git/humble-lidar/install/rplidar_ros/lib/pkgconfig/rplidar_ros.pc'
[13.805s] Level 1:colcon.colcon_core.environment:checking '/home/prez/git/humble-lidar/install/rplidar_ros/lib/python3.10/site-packages'
[13.809s] Level 1:colcon.colcon_core.environment:checking '/home/prez/git/humble-lidar/install/rplidar_ros/bin'
[14.167s] INFO:colcon.colcon_core.shell:Creating package script '/home/prez/git/humble-lidar/install/rplidar_ros/share/rplidar_ros/package.ps1'
[14.175s] INFO:colcon.colcon_core.shell:Creating package descriptor '/home/prez/git/humble-lidar/install/rplidar_ros/share/rplidar_ros/package.dsv'
[14.184s] INFO:colcon.colcon_core.shell:Creating package script '/home/prez/git/humble-lidar/install/rplidar_ros/share/rplidar_ros/package.sh'
[14.195s] INFO:colcon.colcon_core.shell:Creating package script '/home/prez/git/humble-lidar/install/rplidar_ros/share/rplidar_ros/package.bash'
[14.202s] INFO:colcon.colcon_core.shell:Creating package script '/home/prez/git/humble-lidar/install/rplidar_ros/share/rplidar_ros/package.zsh'
[14.209s] Level 1:colcon.colcon_core.environment:create_file_with_runtime_dependencies(/home/prez/git/humble-lidar/install/rplidar_ros/share/colcon-core/packages/rplidar_ros)
[32.812s] DEBUG:colcon.colcon_core.event_handler.log_command:Invoked command in '/home/prez/git/humble-lidar/build/cplusplus_laser_map' returned '2': CMAKE_PREFIX_PATH=${CMAKE_PREFIX_PATH}:/home/prez/git/c++lidar-project/install/py_pubsub:/home/prez/git/c++lidar-project/install/motor_package:/home/prez/git/c++lidar-project/install/ir_package:/home/prez/ros2_ws/install/py_pubsub:/home/prez/ros2_ws/install/my_package:/home/prez/ros2_ws/install/launch_testing_examples:/home/prez/ros2_ws/install/examples_rclpy_pointcloud_publisher:/home/prez/ros2_ws/install/examples_rclpy_minimal_subscriber:/home/prez/ros2_ws/install/examples_rclpy_minimal_service:/home/prez/ros2_ws/install/examples_rclpy_minimal_publisher:/home/prez/ros2_ws/install/examples_rclpy_minimal_client:/home/prez/ros2_ws/install/examples_rclpy_minimal_action_server:/home/prez/ros2_ws/install/examples_rclpy_minimal_action_client:/home/prez/ros2_ws/install/examples_rclpy_guard_conditions:/home/prez/ros2_ws/install/examples_rclpy_executors:/opt/ros/humble /usr/bin/cmake --build /home/prez/git/humble-lidar/build/cplusplus_laser_map -- -j4 -l4
[33.061s] Level 1:colcon.colcon_core.environment:create_environment_scripts_only(cplusplus_laser_map)
[33.128s] Level 1:colcon.colcon_core.environment:checking '/home/prez/git/humble-lidar/install/cplusplus_laser_map' for CMake module files
[33.130s] Level 1:colcon.colcon_core.environment:checking '/home/prez/git/humble-lidar/install/cplusplus_laser_map' for CMake config files
[33.132s] Level 1:colcon.colcon_core.environment:checking '/home/prez/git/humble-lidar/install/cplusplus_laser_map/bin'
[33.133s] Level 1:colcon.colcon_core.environment:checking '/home/prez/git/humble-lidar/install/cplusplus_laser_map/lib/pkgconfig/cplusplus_laser_map.pc'
[33.134s] Level 1:colcon.colcon_core.environment:checking '/home/prez/git/humble-lidar/install/cplusplus_laser_map/lib/python3.10/site-packages'
[33.135s] Level 1:colcon.colcon_core.environment:checking '/home/prez/git/humble-lidar/install/cplusplus_laser_map/bin'
[33.199s] INFO:colcon.colcon_core.shell:Creating package script '/home/prez/git/humble-lidar/install/cplusplus_laser_map/share/cplusplus_laser_map/package.ps1'
[33.202s] INFO:colcon.colcon_core.shell:Creating package descriptor '/home/prez/git/humble-lidar/install/cplusplus_laser_map/share/cplusplus_laser_map/package.dsv'
[33.204s] INFO:colcon.colcon_core.shell:Creating package script '/home/prez/git/humble-lidar/install/cplusplus_laser_map/share/cplusplus_laser_map/package.sh'
[33.206s] INFO:colcon.colcon_core.shell:Creating package script '/home/prez/git/humble-lidar/install/cplusplus_laser_map/share/cplusplus_laser_map/package.bash'
[33.209s] INFO:colcon.colcon_core.shell:Creating package script '/home/prez/git/humble-lidar/install/cplusplus_laser_map/share/cplusplus_laser_map/package.zsh'
[33.211s] Level 1:colcon.colcon_core.environment:create_file_with_runtime_dependencies(/home/prez/git/humble-lidar/install/cplusplus_laser_map/share/colcon-core/packages/cplusplus_laser_map)
[33.223s] DEBUG:colcon.colcon_parallel_executor.executor.parallel:closing loop
[33.224s] DEBUG:colcon.colcon_parallel_executor.executor.parallel:loop closed
[33.225s] DEBUG:colcon.colcon_parallel_executor.executor.parallel:run_until_complete finished with '2'
[33.225s] DEBUG:colcon.colcon_core.event_reactor:joining thread
[33.325s] INFO:colcon.colcon_core.plugin_system:Skipping extension 'colcon_notification.desktop_notification.terminal_notifier': Not used on non-Darwin systems
[33.326s] INFO:colcon.colcon_core.plugin_system:Skipping extension 'colcon_notification.desktop_notification.win32': Not used on non-Windows systems
[33.326s] INFO:colcon.colcon_notification.desktop_notification:Sending desktop notification using 'notify2'
[33.363s] DEBUG:colcon.colcon_core.event_reactor:joined thread
[33.436s] INFO:colcon.colcon_core.shell:Creating prefix script '/home/prez/git/humble-lidar/install/local_setup.ps1'
[33.440s] INFO:colcon.colcon_core.shell:Creating prefix util module '/home/prez/git/humble-lidar/install/_local_setup_util_ps1.py'
[33.446s] INFO:colcon.colcon_core.shell:Creating prefix chain script '/home/prez/git/humble-lidar/install/setup.ps1'
[33.526s] INFO:colcon.colcon_core.shell:Creating prefix script '/home/prez/git/humble-lidar/install/local_setup.sh'
[33.528s] INFO:colcon.colcon_core.shell:Creating prefix util module '/home/prez/git/humble-lidar/install/_local_setup_util_sh.py'
[33.530s] INFO:colcon.colcon_core.shell:Creating prefix chain script '/home/prez/git/humble-lidar/install/setup.sh'
[33.610s] INFO:colcon.colcon_core.shell:Creating prefix script '/home/prez/git/humble-lidar/install/local_setup.bash'
[33.612s] INFO:colcon.colcon_core.shell:Creating prefix chain script '/home/prez/git/humble-lidar/install/setup.bash'
[33.695s] INFO:colcon.colcon_core.shell:Creating prefix script '/home/prez/git/humble-lidar/install/local_setup.zsh'
[33.697s] INFO:colcon.colcon_core.shell:Creating prefix chain script '/home/prez/git/humble-lidar/install/setup.zsh'
