[0.756s] Invoking command in '/home/prez/git/humble-lidar/build/rplidar_ros': CMAKE_PREFIX_PATH=${CMAKE_PREFIX_PATH}:/home/prez/git/c++lidar-project/install/py_pubsub:/home/prez/git/c++lidar-project/install/motor_package:/home/prez/git/c++lidar-project/install/ir_package:/home/prez/ros2_ws/install/py_pubsub:/home/prez/ros2_ws/install/my_package:/home/prez/ros2_ws/install/launch_testing_examples:/home/prez/ros2_ws/install/examples_rclpy_pointcloud_publisher:/home/prez/ros2_ws/install/examples_rclpy_minimal_subscriber:/home/prez/ros2_ws/install/examples_rclpy_minimal_service:/home/prez/ros2_ws/install/examples_rclpy_minimal_publisher:/home/prez/ros2_ws/install/examples_rclpy_minimal_client:/home/prez/ros2_ws/install/examples_rclpy_minimal_action_server:/home/prez/ros2_ws/install/examples_rclpy_minimal_action_client:/home/prez/ros2_ws/install/examples_rclpy_guard_conditions:/home/prez/ros2_ws/install/examples_rclpy_executors:/opt/ros/humble /usr/bin/cmake --build /home/prez/git/humble-lidar/build/rplidar_ros -- -j4 -l4
[1.789s] [ 77%] Built target rplidar_composition_node
[2.226s] [100%] Built target rplidar_composition
[2.388s] Invoked command in '/home/prez/git/humble-lidar/build/rplidar_ros' returned '0': CMAKE_PREFIX_PATH=${CMAKE_PREFIX_PATH}:/home/prez/git/c++lidar-project/install/py_pubsub:/home/prez/git/c++lidar-project/install/motor_package:/home/prez/git/c++lidar-project/install/ir_package:/home/prez/ros2_ws/install/py_pubsub:/home/prez/ros2_ws/install/my_package:/home/prez/ros2_ws/install/launch_testing_examples:/home/prez/ros2_ws/install/examples_rclpy_pointcloud_publisher:/home/prez/ros2_ws/install/examples_rclpy_minimal_subscriber:/home/prez/ros2_ws/install/examples_rclpy_minimal_service:/home/prez/ros2_ws/install/examples_rclpy_minimal_publisher:/home/prez/ros2_ws/install/examples_rclpy_minimal_client:/home/prez/ros2_ws/install/examples_rclpy_minimal_action_server:/home/prez/ros2_ws/install/examples_rclpy_minimal_action_client:/home/prez/ros2_ws/install/examples_rclpy_guard_conditions:/home/prez/ros2_ws/install/examples_rclpy_executors:/opt/ros/humble /usr/bin/cmake --build /home/prez/git/humble-lidar/build/rplidar_ros -- -j4 -l4
[3.334s] Invoking command in '/home/prez/git/humble-lidar/build/rplidar_ros': CMAKE_PREFIX_PATH=${CMAKE_PREFIX_PATH}:/home/prez/git/c++lidar-project/install/py_pubsub:/home/prez/git/c++lidar-project/install/motor_package:/home/prez/git/c++lidar-project/install/ir_package:/home/prez/ros2_ws/install/py_pubsub:/home/prez/ros2_ws/install/my_package:/home/prez/ros2_ws/install/launch_testing_examples:/home/prez/ros2_ws/install/examples_rclpy_pointcloud_publisher:/home/prez/ros2_ws/install/examples_rclpy_minimal_subscriber:/home/prez/ros2_ws/install/examples_rclpy_minimal_service:/home/prez/ros2_ws/install/examples_rclpy_minimal_publisher:/home/prez/ros2_ws/install/examples_rclpy_minimal_client:/home/prez/ros2_ws/install/examples_rclpy_minimal_action_server:/home/prez/ros2_ws/install/examples_rclpy_minimal_action_client:/home/prez/ros2_ws/install/examples_rclpy_guard_conditions:/home/prez/ros2_ws/install/examples_rclpy_executors:/opt/ros/humble /usr/bin/cmake --install /home/prez/git/humble-lidar/build/rplidar_ros
[3.468s] -- Install configuration: ""
[3.474s] -- Execute custom install script
[3.481s] -- Up-to-date symlink: /home/prez/git/humble-lidar/install/rplidar_ros/lib/rplidar_ros/rplidar_composition
[3.489s] -- Up-to-date symlink: /home/prez/git/humble-lidar/install/rplidar_ros/share/rplidar_ros/launch/rplidar.launch.py
[3.491s] -- Up-to-date symlink: /home/prez/git/humble-lidar/install/rplidar_ros/share/rplidar_ros/launch/rplidar_a3.launch.py
[3.503s] -- Up-to-date symlink: /home/prez/git/humble-lidar/install/rplidar_ros/share/rplidar_ros/launch/rplidar_s1.launch.py
[3.507s] -- Up-to-date symlink: /home/prez/git/humble-lidar/install/rplidar_ros/share/rplidar_ros/launch/rplidar_s1_tcp.launch.py
[3.518s] -- Up-to-date symlink: /home/prez/git/humble-lidar/install/rplidar_ros/share/rplidar_ros/launch/test_rplidar_a3.launch.py
[3.520s] -- Up-to-date symlink: /home/prez/git/humble-lidar/install/rplidar_ros/share/rplidar_ros/launch/view_rplidar.launch.py
[3.530s] -- Up-to-date symlink: /home/prez/git/humble-lidar/install/rplidar_ros/share/rplidar_ros/launch/view_rplidar_a3.launch.py
[3.531s] -- Up-to-date symlink: /home/prez/git/humble-lidar/install/rplidar_ros/share/rplidar_ros/launch/view_rplidar_s1.launch.py
[3.533s] -- Up-to-date symlink: /home/prez/git/humble-lidar/install/rplidar_ros/share/rplidar_ros/launch/view_rplidar_s1_tcp.launch.py
[3.539s] -- Up-to-date symlink: /home/prez/git/humble-lidar/install/rplidar_ros/share/rplidar_ros/rviz/rplidar.rviz
[3.540s] -- Up-to-date symlink: /home/prez/git/humble-lidar/install/rplidar_ros/lib/librplidar_composition_node.so
[3.548s] -- Up-to-date symlink: /home/prez/git/humble-lidar/install/rplidar_ros/include/rplidar_node.hpp
[3.550s] -- Up-to-date symlink: /home/prez/git/humble-lidar/install/rplidar_ros/include/visibility.h
[3.555s] -- Up-to-date symlink: /home/prez/git/humble-lidar/install/rplidar_ros/lib/rplidar_ros/rplidar_composition
[3.557s] -- Up-to-date symlink: /home/prez/git/humble-lidar/install/rplidar_ros/share/ament_index/resource_index/package_run_dependencies/rplidar_ros
[3.558s] -- Up-to-date symlink: /home/prez/git/humble-lidar/install/rplidar_ros/share/ament_index/resource_index/parent_prefix_path/rplidar_ros
[3.560s] -- Up-to-date symlink: /home/prez/git/humble-lidar/install/rplidar_ros/share/rplidar_ros/environment/ament_prefix_path.sh
[3.566s] -- Up-to-date symlink: /home/prez/git/humble-lidar/install/rplidar_ros/share/rplidar_ros/environment/ament_prefix_path.dsv
[3.571s] -- Up-to-date symlink: /home/prez/git/humble-lidar/install/rplidar_ros/share/rplidar_ros/environment/path.sh
[3.572s] -- Up-to-date symlink: /home/prez/git/humble-lidar/install/rplidar_ros/share/rplidar_ros/environment/path.dsv
[3.573s] -- Up-to-date symlink: /home/prez/git/humble-lidar/install/rplidar_ros/share/rplidar_ros/local_setup.bash
[3.575s] -- Up-to-date symlink: /home/prez/git/humble-lidar/install/rplidar_ros/share/rplidar_ros/local_setup.sh
[3.575s] -- Up-to-date symlink: /home/prez/git/humble-lidar/install/rplidar_ros/share/rplidar_ros/local_setup.zsh
[3.576s] -- Up-to-date symlink: /home/prez/git/humble-lidar/install/rplidar_ros/share/rplidar_ros/local_setup.dsv
[3.578s] -- Symlinking: /home/prez/git/humble-lidar/install/rplidar_ros/share/rplidar_ros/package.dsv
[3.703s] -- Up-to-date symlink: /home/prez/git/humble-lidar/install/rplidar_ros/share/ament_index/resource_index/packages/rplidar_ros
[3.711s] -- Up-to-date symlink: /home/prez/git/humble-lidar/install/rplidar_ros/share/ament_index/resource_index/rclcpp_components/rplidar_ros
[3.722s] -- Up-to-date symlink: /home/prez/git/humble-lidar/install/rplidar_ros/share/rplidar_ros/cmake/ament_cmake_export_dependencies-extras.cmake
[3.724s] -- Up-to-date symlink: /home/prez/git/humble-lidar/install/rplidar_ros/share/rplidar_ros/cmake/ament_cmake_export_include_directories-extras.cmake
[3.730s] -- Up-to-date symlink: /home/prez/git/humble-lidar/install/rplidar_ros/share/rplidar_ros/cmake/rplidar_rosConfig.cmake
[3.732s] -- Up-to-date symlink: /home/prez/git/humble-lidar/install/rplidar_ros/share/rplidar_ros/cmake/rplidar_rosConfig-version.cmake
[3.734s] -- Up-to-date symlink: /home/prez/git/humble-lidar/install/rplidar_ros/share/rplidar_ros/package.xml
[3.757s] Invoked command in '/home/prez/git/humble-lidar/build/rplidar_ros' returned '0': CMAKE_PREFIX_PATH=${CMAKE_PREFIX_PATH}:/home/prez/git/c++lidar-project/install/py_pubsub:/home/prez/git/c++lidar-project/install/motor_package:/home/prez/git/c++lidar-project/install/ir_package:/home/prez/ros2_ws/install/py_pubsub:/home/prez/ros2_ws/install/my_package:/home/prez/ros2_ws/install/launch_testing_examples:/home/prez/ros2_ws/install/examples_rclpy_pointcloud_publisher:/home/prez/ros2_ws/install/examples_rclpy_minimal_subscriber:/home/prez/ros2_ws/install/examples_rclpy_minimal_service:/home/prez/ros2_ws/install/examples_rclpy_minimal_publisher:/home/prez/ros2_ws/install/examples_rclpy_minimal_client:/home/prez/ros2_ws/install/examples_rclpy_minimal_action_server:/home/prez/ros2_ws/install/examples_rclpy_minimal_action_client:/home/prez/ros2_ws/install/examples_rclpy_guard_conditions:/home/prez/ros2_ws/install/examples_rclpy_executors:/opt/ros/humble /usr/bin/cmake --install /home/prez/git/humble-lidar/build/rplidar_ros
