[1.204s] Invoking command in '/home/prez/git/humble-lidar/build/cplusplus_laser_map': CMAKE_PREFIX_PATH=${CMAKE_PREFIX_PATH}:/home/prez/git/c++lidar-project/install/py_pubsub:/home/prez/git/c++lidar-project/install/motor_package:/home/prez/git/c++lidar-project/install/ir_package:/home/prez/ros2_ws/install/py_pubsub:/home/prez/ros2_ws/install/my_package:/home/prez/ros2_ws/install/launch_testing_examples:/home/prez/ros2_ws/install/examples_rclpy_pointcloud_publisher:/home/prez/ros2_ws/install/examples_rclpy_minimal_subscriber:/home/prez/ros2_ws/install/examples_rclpy_minimal_service:/home/prez/ros2_ws/install/examples_rclpy_minimal_publisher:/home/prez/ros2_ws/install/examples_rclpy_minimal_client:/home/prez/ros2_ws/install/examples_rclpy_minimal_action_server:/home/prez/ros2_ws/install/examples_rclpy_minimal_action_client:/home/prez/ros2_ws/install/examples_rclpy_guard_conditions:/home/prez/ros2_ws/install/examples_rclpy_executors:/opt/ros/humble /usr/bin/cmake --build /home/prez/git/humble-lidar/build/cplusplus_laser_map -- -j4 -l4
[1.766s] [35m[1mConsolidate compiler generated dependencies of target reading_laser[0m
[1.913s] [100%] Built target reading_laser
[2.015s] Invoked command in '/home/prez/git/humble-lidar/build/cplusplus_laser_map' returned '0': CMAKE_PREFIX_PATH=${CMAKE_PREFIX_PATH}:/home/prez/git/c++lidar-project/install/py_pubsub:/home/prez/git/c++lidar-project/install/motor_package:/home/prez/git/c++lidar-project/install/ir_package:/home/prez/ros2_ws/install/py_pubsub:/home/prez/ros2_ws/install/my_package:/home/prez/ros2_ws/install/launch_testing_examples:/home/prez/ros2_ws/install/examples_rclpy_pointcloud_publisher:/home/prez/ros2_ws/install/examples_rclpy_minimal_subscriber:/home/prez/ros2_ws/install/examples_rclpy_minimal_service:/home/prez/ros2_ws/install/examples_rclpy_minimal_publisher:/home/prez/ros2_ws/install/examples_rclpy_minimal_client:/home/prez/ros2_ws/install/examples_rclpy_minimal_action_server:/home/prez/ros2_ws/install/examples_rclpy_minimal_action_client:/home/prez/ros2_ws/install/examples_rclpy_guard_conditions:/home/prez/ros2_ws/install/examples_rclpy_executors:/opt/ros/humble /usr/bin/cmake --build /home/prez/git/humble-lidar/build/cplusplus_laser_map -- -j4 -l4
[2.379s] Invoking command in '/home/prez/git/humble-lidar/build/cplusplus_laser_map': CMAKE_PREFIX_PATH=${CMAKE_PREFIX_PATH}:/home/prez/git/c++lidar-project/install/py_pubsub:/home/prez/git/c++lidar-project/install/motor_package:/home/prez/git/c++lidar-project/install/ir_package:/home/prez/ros2_ws/install/py_pubsub:/home/prez/ros2_ws/install/my_package:/home/prez/ros2_ws/install/launch_testing_examples:/home/prez/ros2_ws/install/examples_rclpy_pointcloud_publisher:/home/prez/ros2_ws/install/examples_rclpy_minimal_subscriber:/home/prez/ros2_ws/install/examples_rclpy_minimal_service:/home/prez/ros2_ws/install/examples_rclpy_minimal_publisher:/home/prez/ros2_ws/install/examples_rclpy_minimal_client:/home/prez/ros2_ws/install/examples_rclpy_minimal_action_server:/home/prez/ros2_ws/install/examples_rclpy_minimal_action_client:/home/prez/ros2_ws/install/examples_rclpy_guard_conditions:/home/prez/ros2_ws/install/examples_rclpy_executors:/opt/ros/humble /usr/bin/cmake --install /home/prez/git/humble-lidar/build/cplusplus_laser_map
[2.433s] -- Install configuration: ""
[2.440s] -- Up-to-date: /home/prez/git/humble-lidar/install/cplusplus_laser_map/lib/cplusplus_laser_map/reading_laser
[2.442s] -- Up-to-date: /home/prez/git/humble-lidar/install/cplusplus_laser_map/share/ament_index/resource_index/package_run_dependencies/cplusplus_laser_map
[2.444s] -- Up-to-date: /home/prez/git/humble-lidar/install/cplusplus_laser_map/share/ament_index/resource_index/parent_prefix_path/cplusplus_laser_map
[2.446s] -- Up-to-date: /home/prez/git/humble-lidar/install/cplusplus_laser_map/share/cplusplus_laser_map/environment/ament_prefix_path.sh
[2.451s] -- Up-to-date: /home/prez/git/humble-lidar/install/cplusplus_laser_map/share/cplusplus_laser_map/environment/ament_prefix_path.dsv
[2.451s] -- Up-to-date: /home/prez/git/humble-lidar/install/cplusplus_laser_map/share/cplusplus_laser_map/environment/path.sh
[2.454s] -- Up-to-date: /home/prez/git/humble-lidar/install/cplusplus_laser_map/share/cplusplus_laser_map/environment/path.dsv
[2.456s] -- Up-to-date: /home/prez/git/humble-lidar/install/cplusplus_laser_map/share/cplusplus_laser_map/local_setup.bash
[2.457s] -- Up-to-date: /home/prez/git/humble-lidar/install/cplusplus_laser_map/share/cplusplus_laser_map/local_setup.sh
[2.460s] -- Up-to-date: /home/prez/git/humble-lidar/install/cplusplus_laser_map/share/cplusplus_laser_map/local_setup.zsh
[2.460s] -- Up-to-date: /home/prez/git/humble-lidar/install/cplusplus_laser_map/share/cplusplus_laser_map/local_setup.dsv
[2.461s] -- Installing: /home/prez/git/humble-lidar/install/cplusplus_laser_map/share/cplusplus_laser_map/package.dsv
[2.465s] -- Up-to-date: /home/prez/git/humble-lidar/install/cplusplus_laser_map/share/ament_index/resource_index/packages/cplusplus_laser_map
[2.466s] -- Up-to-date: /home/prez/git/humble-lidar/install/cplusplus_laser_map/share/cplusplus_laser_map/cmake/cplusplus_laser_mapConfig.cmake
[2.469s] -- Up-to-date: /home/prez/git/humble-lidar/install/cplusplus_laser_map/share/cplusplus_laser_map/cmake/cplusplus_laser_mapConfig-version.cmake
[2.471s] -- Up-to-date: /home/prez/git/humble-lidar/install/cplusplus_laser_map/share/cplusplus_laser_map/package.xml
[2.491s] Invoked command in '/home/prez/git/humble-lidar/build/cplusplus_laser_map' returned '0': CMAKE_PREFIX_PATH=${CMAKE_PREFIX_PATH}:/home/prez/git/c++lidar-project/install/py_pubsub:/home/prez/git/c++lidar-project/install/motor_package:/home/prez/git/c++lidar-project/install/ir_package:/home/prez/ros2_ws/install/py_pubsub:/home/prez/ros2_ws/install/my_package:/home/prez/ros2_ws/install/launch_testing_examples:/home/prez/ros2_ws/install/examples_rclpy_pointcloud_publisher:/home/prez/ros2_ws/install/examples_rclpy_minimal_subscriber:/home/prez/ros2_ws/install/examples_rclpy_minimal_service:/home/prez/ros2_ws/install/examples_rclpy_minimal_publisher:/home/prez/ros2_ws/install/examples_rclpy_minimal_client:/home/prez/ros2_ws/install/examples_rclpy_minimal_action_server:/home/prez/ros2_ws/install/examples_rclpy_minimal_action_client:/home/prez/ros2_ws/install/examples_rclpy_guard_conditions:/home/prez/ros2_ws/install/examples_rclpy_executors:/opt/ros/humble /usr/bin/cmake --install /home/prez/git/humble-lidar/build/cplusplus_laser_map
