[0.564s] Invoking command in '/home/prez/git/humble-lidar/build/rplidar_ros': CMAKE_PREFIX_PATH=${CMAKE_PREFIX_PATH}:/home/prez/git/c++lidar-project/install/py_pubsub:/home/prez/git/c++lidar-project/install/motor_package:/home/prez/git/c++lidar-project/install/ir_package:/home/prez/ros2_ws/install/py_pubsub:/home/prez/ros2_ws/install/my_package:/home/prez/ros2_ws/install/launch_testing_examples:/home/prez/ros2_ws/install/examples_rclpy_pointcloud_publisher:/home/prez/ros2_ws/install/examples_rclpy_minimal_subscriber:/home/prez/ros2_ws/install/examples_rclpy_minimal_service:/home/prez/ros2_ws/install/examples_rclpy_minimal_publisher:/home/prez/ros2_ws/install/examples_rclpy_minimal_client:/home/prez/ros2_ws/install/examples_rclpy_minimal_action_server:/home/prez/ros2_ws/install/examples_rclpy_minimal_action_client:/home/prez/ros2_ws/install/examples_rclpy_guard_conditions:/home/prez/ros2_ws/install/examples_rclpy_executors:/opt/ros/humble /usr/bin/cmake --build /home/prez/git/humble-lidar/build/rplidar_ros -- -j4 -l4
[1.452s] [ 77%] Built target rplidar_composition_node
[1.916s] [100%] Built target rplidar_composition
[2.078s] Invoked command in '/home/prez/git/humble-lidar/build/rplidar_ros' returned '0': CMAKE_PREFIX_PATH=${CMAKE_PREFIX_PATH}:/home/prez/git/c++lidar-project/install/py_pubsub:/home/prez/git/c++lidar-project/install/motor_package:/home/prez/git/c++lidar-project/install/ir_package:/home/prez/ros2_ws/install/py_pubsub:/home/prez/ros2_ws/install/my_package:/home/prez/ros2_ws/install/launch_testing_examples:/home/prez/ros2_ws/install/examples_rclpy_pointcloud_publisher:/home/prez/ros2_ws/install/examples_rclpy_minimal_subscriber:/home/prez/ros2_ws/install/examples_rclpy_minimal_service:/home/prez/ros2_ws/install/examples_rclpy_minimal_publisher:/home/prez/ros2_ws/install/examples_rclpy_minimal_client:/home/prez/ros2_ws/install/examples_rclpy_minimal_action_server:/home/prez/ros2_ws/install/examples_rclpy_minimal_action_client:/home/prez/ros2_ws/install/examples_rclpy_guard_conditions:/home/prez/ros2_ws/install/examples_rclpy_executors:/opt/ros/humble /usr/bin/cmake --build /home/prez/git/humble-lidar/build/rplidar_ros -- -j4 -l4
[3.128s] Invoking command in '/home/prez/git/humble-lidar/build/rplidar_ros': CMAKE_PREFIX_PATH=${CMAKE_PREFIX_PATH}:/home/prez/git/c++lidar-project/install/py_pubsub:/home/prez/git/c++lidar-project/install/motor_package:/home/prez/git/c++lidar-project/install/ir_package:/home/prez/ros2_ws/install/py_pubsub:/home/prez/ros2_ws/install/my_package:/home/prez/ros2_ws/install/launch_testing_examples:/home/prez/ros2_ws/install/examples_rclpy_pointcloud_publisher:/home/prez/ros2_ws/install/examples_rclpy_minimal_subscriber:/home/prez/ros2_ws/install/examples_rclpy_minimal_service:/home/prez/ros2_ws/install/examples_rclpy_minimal_publisher:/home/prez/ros2_ws/install/examples_rclpy_minimal_client:/home/prez/ros2_ws/install/examples_rclpy_minimal_action_server:/home/prez/ros2_ws/install/examples_rclpy_minimal_action_client:/home/prez/ros2_ws/install/examples_rclpy_guard_conditions:/home/prez/ros2_ws/install/examples_rclpy_executors:/opt/ros/humble /usr/bin/cmake --install /home/prez/git/humble-lidar/build/rplidar_ros
[3.225s] -- Install configuration: ""
[3.229s] -- Execute custom install script
[3.235s] -- Up-to-date symlink: /home/prez/git/humble-lidar/install/rplidar_ros/lib/rplidar_ros/rplidar_composition
[3.245s] -- Up-to-date symlink: /home/prez/git/humble-lidar/install/rplidar_ros/share/rplidar_ros/launch/rplidar.launch.py
[3.252s] -- Up-to-date symlink: /home/prez/git/humble-lidar/install/rplidar_ros/share/rplidar_ros/launch/rplidar_a3.launch.py
[3.257s] -- Up-to-date symlink: /home/prez/git/humble-lidar/install/rplidar_ros/share/rplidar_ros/launch/rplidar_s1.launch.py
[3.267s] -- Up-to-date symlink: /home/prez/git/humble-lidar/install/rplidar_ros/share/rplidar_ros/launch/rplidar_s1_tcp.launch.py
[3.268s] -- Up-to-date symlink: /home/prez/git/humble-lidar/install/rplidar_ros/share/rplidar_ros/launch/test_rplidar_a3.launch.py
[3.270s] -- Up-to-date symlink: /home/prez/git/humble-lidar/install/rplidar_ros/share/rplidar_ros/launch/view_rplidar.launch.py
[3.271s] -- Up-to-date symlink: /home/prez/git/humble-lidar/install/rplidar_ros/share/rplidar_ros/launch/view_rplidar_a3.launch.py
[3.278s] -- Up-to-date symlink: /home/prez/git/humble-lidar/install/rplidar_ros/share/rplidar_ros/launch/view_rplidar_s1.launch.py
[3.285s] -- Up-to-date symlink: /home/prez/git/humble-lidar/install/rplidar_ros/share/rplidar_ros/launch/view_rplidar_s1_tcp.launch.py
[3.286s] -- Up-to-date symlink: /home/prez/git/humble-lidar/install/rplidar_ros/share/rplidar_ros/rviz/rplidar.rviz
[3.288s] -- Up-to-date symlink: /home/prez/git/humble-lidar/install/rplidar_ros/lib/librplidar_composition_node.so
[3.294s] -- Up-to-date symlink: /home/prez/git/humble-lidar/install/rplidar_ros/include/rplidar_node.hpp
[3.295s] -- Up-to-date symlink: /home/prez/git/humble-lidar/install/rplidar_ros/include/visibility.h
[3.297s] -- Up-to-date symlink: /home/prez/git/humble-lidar/install/rplidar_ros/lib/rplidar_ros/rplidar_composition
[3.299s] -- Up-to-date symlink: /home/prez/git/humble-lidar/install/rplidar_ros/share/ament_index/resource_index/package_run_dependencies/rplidar_ros
[3.301s] -- Up-to-date symlink: /home/prez/git/humble-lidar/install/rplidar_ros/share/ament_index/resource_index/parent_prefix_path/rplidar_ros
[3.303s] -- Up-to-date symlink: /home/prez/git/humble-lidar/install/rplidar_ros/share/rplidar_ros/environment/ament_prefix_path.sh
[3.304s] -- Up-to-date symlink: /home/prez/git/humble-lidar/install/rplidar_ros/share/rplidar_ros/environment/ament_prefix_path.dsv
[3.306s] -- Up-to-date symlink: /home/prez/git/humble-lidar/install/rplidar_ros/share/rplidar_ros/environment/path.sh
[3.307s] -- Up-to-date symlink: /home/prez/git/humble-lidar/install/rplidar_ros/share/rplidar_ros/environment/path.dsv
[3.309s] -- Up-to-date symlink: /home/prez/git/humble-lidar/install/rplidar_ros/share/rplidar_ros/local_setup.bash
[3.318s] -- Up-to-date symlink: /home/prez/git/humble-lidar/install/rplidar_ros/share/rplidar_ros/local_setup.sh
[3.324s] -- Up-to-date symlink: /home/prez/git/humble-lidar/install/rplidar_ros/share/rplidar_ros/local_setup.zsh
[3.326s] -- Up-to-date symlink: /home/prez/git/humble-lidar/install/rplidar_ros/share/rplidar_ros/local_setup.dsv
[3.328s] -- Symlinking: /home/prez/git/humble-lidar/install/rplidar_ros/share/rplidar_ros/package.dsv
[3.454s] -- Up-to-date symlink: /home/prez/git/humble-lidar/install/rplidar_ros/share/ament_index/resource_index/packages/rplidar_ros
[3.461s] -- Up-to-date symlink: /home/prez/git/humble-lidar/install/rplidar_ros/share/ament_index/resource_index/rclcpp_components/rplidar_ros
[3.466s] -- Up-to-date symlink: /home/prez/git/humble-lidar/install/rplidar_ros/share/rplidar_ros/cmake/ament_cmake_export_dependencies-extras.cmake
[3.472s] -- Up-to-date symlink: /home/prez/git/humble-lidar/install/rplidar_ros/share/rplidar_ros/cmake/ament_cmake_export_include_directories-extras.cmake
[3.478s] -- Up-to-date symlink: /home/prez/git/humble-lidar/install/rplidar_ros/share/rplidar_ros/cmake/rplidar_rosConfig.cmake
[3.483s] -- Up-to-date symlink: /home/prez/git/humble-lidar/install/rplidar_ros/share/rplidar_ros/cmake/rplidar_rosConfig-version.cmake
[3.488s] -- Up-to-date symlink: /home/prez/git/humble-lidar/install/rplidar_ros/share/rplidar_ros/package.xml
[3.513s] Invoked command in '/home/prez/git/humble-lidar/build/rplidar_ros' returned '0': CMAKE_PREFIX_PATH=${CMAKE_PREFIX_PATH}:/home/prez/git/c++lidar-project/install/py_pubsub:/home/prez/git/c++lidar-project/install/motor_package:/home/prez/git/c++lidar-project/install/ir_package:/home/prez/ros2_ws/install/py_pubsub:/home/prez/ros2_ws/install/my_package:/home/prez/ros2_ws/install/launch_testing_examples:/home/prez/ros2_ws/install/examples_rclpy_pointcloud_publisher:/home/prez/ros2_ws/install/examples_rclpy_minimal_subscriber:/home/prez/ros2_ws/install/examples_rclpy_minimal_service:/home/prez/ros2_ws/install/examples_rclpy_minimal_publisher:/home/prez/ros2_ws/install/examples_rclpy_minimal_client:/home/prez/ros2_ws/install/examples_rclpy_minimal_action_server:/home/prez/ros2_ws/install/examples_rclpy_minimal_action_client:/home/prez/ros2_ws/install/examples_rclpy_guard_conditions:/home/prez/ros2_ws/install/examples_rclpy_executors:/opt/ros/humble /usr/bin/cmake --install /home/prez/git/humble-lidar/build/rplidar_ros
