[4.506s] DEBUG:colcon:Command line arguments: ['/usr/bin/colcon', 'build']
[4.506s] DEBUG:colcon:Parsed command line arguments: Namespace(log_base=None, log_level=None, verb_name='build', build_base='build', install_base='install', merge_install=False, symlink_install=False, test_result_base=None, continue_on_error=False, executor='parallel', parallel_workers=4, event_handlers=None, ignore_user_meta=False, metas=['./colcon.meta'], base_paths=['.'], packages_ignore=None, packages_ignore_regex=None, paths=None, packages_up_to=None, packages_up_to_regex=None, packages_above=None, packages_above_and_dependencies=None, packages_above_depth=None, packages_select_by_dep=None, packages_skip_by_dep=None, packages_skip_up_to=None, packages_select_build_failed=False, packages_skip_build_finished=False, packages_select_test_failures=False, packages_skip_test_passed=False, packages_select=None, packages_skip=None, packages_select_regex=None, packages_skip_regex=None, packages_start=None, packages_end=None, allow_overriding=[], cmake_args=None, cmake_target=None, cmake_target_skip_unavailable=False, cmake_clean_cache=False, cmake_clean_first=False, cmake_force_configure=False, ament_cmake_args=None, catkin_cmake_args=None, catkin_skip_building_tests=False, verb_parser=<colcon_defaults.argument_parser.defaults.DefaultArgumentsDecorator object at 0xffffb12788b0>, verb_extension=<colcon_core.verb.build.BuildVerb object at 0xffffb17edf00>, main=<bound method BuildVerb.main of <colcon_core.verb.build.BuildVerb object at 0xffffb17edf00>>)
[4.802s] Level 1:colcon.colcon_core.package_discovery:discover_packages(colcon_meta) check parameters
[4.802s] Level 1:colcon.colcon_core.package_discovery:discover_packages(recursive) check parameters
[4.803s] Level 1:colcon.colcon_core.package_discovery:discover_packages(ignore) check parameters
[4.803s] Level 1:colcon.colcon_core.package_discovery:discover_packages(path) check parameters
[4.803s] Level 1:colcon.colcon_core.package_discovery:discover_packages(colcon_meta) discover
[4.803s] Level 1:colcon.colcon_core.package_discovery:discover_packages(recursive) discover
[4.803s] INFO:colcon.colcon_core.package_discovery:Crawling recursively for packages in '/home/prez/git/humble-lidar'
[4.804s] Level 1:colcon.colcon_core.package_identification:_identify(.) by extensions ['ignore', 'ignore_ament_install']
[4.804s] Level 1:colcon.colcon_core.package_identification:_identify(.) by extension 'ignore'
[4.804s] Level 1:colcon.colcon_core.package_identification:_identify(.) by extension 'ignore_ament_install'
[4.805s] Level 1:colcon.colcon_core.package_identification:_identify(.) by extensions ['colcon_pkg']
[4.805s] Level 1:colcon.colcon_core.package_identification:_identify(.) by extension 'colcon_pkg'
[4.805s] Level 1:colcon.colcon_core.package_identification:_identify(.) by extensions ['colcon_meta']
[4.805s] Level 1:colcon.colcon_core.package_identification:_identify(.) by extension 'colcon_meta'
[4.805s] Level 1:colcon.colcon_core.package_identification:_identify(.) by extensions ['ros']
[4.806s] Level 1:colcon.colcon_core.package_identification:_identify(.) by extension 'ros'
[4.865s] Level 1:colcon.colcon_core.package_identification:_identify(.) by extensions ['cmake', 'python']
[4.865s] Level 1:colcon.colcon_core.package_identification:_identify(.) by extension 'cmake'
[4.865s] Level 1:colcon.colcon_core.package_identification:_identify(.) by extension 'python'
[4.865s] Level 1:colcon.colcon_core.package_identification:_identify(.) by extensions ['python_setup_py']
[4.866s] Level 1:colcon.colcon_core.package_identification:_identify(.) by extension 'python_setup_py'
[4.866s] Level 1:colcon.colcon_core.package_identification:_identify(build) by extensions ['ignore', 'ignore_ament_install']
[4.867s] Level 1:colcon.colcon_core.package_identification:_identify(build) by extension 'ignore'
[4.867s] Level 1:colcon.colcon_core.package_identification:_identify(build) ignored
[4.867s] Level 1:colcon.colcon_core.package_identification:_identify(install) by extensions ['ignore', 'ignore_ament_install']
[4.868s] Level 1:colcon.colcon_core.package_identification:_identify(install) by extension 'ignore'
[4.868s] Level 1:colcon.colcon_core.package_identification:_identify(install) ignored
[4.869s] Level 1:colcon.colcon_core.package_identification:_identify(log) by extensions ['ignore', 'ignore_ament_install']
[4.869s] Level 1:colcon.colcon_core.package_identification:_identify(log) by extension 'ignore'
[4.869s] Level 1:colcon.colcon_core.package_identification:_identify(log) ignored
[4.870s] Level 1:colcon.colcon_core.package_identification:_identify(output) by extensions ['ignore', 'ignore_ament_install']
[4.870s] Level 1:colcon.colcon_core.package_identification:_identify(output) by extension 'ignore'
[4.870s] Level 1:colcon.colcon_core.package_identification:_identify(output) by extension 'ignore_ament_install'
[4.870s] Level 1:colcon.colcon_core.package_identification:_identify(output) by extensions ['colcon_pkg']
[4.871s] Level 1:colcon.colcon_core.package_identification:_identify(output) by extension 'colcon_pkg'
[4.871s] Level 1:colcon.colcon_core.package_identification:_identify(output) by extensions ['colcon_meta']
[4.871s] Level 1:colcon.colcon_core.package_identification:_identify(output) by extension 'colcon_meta'
[4.871s] Level 1:colcon.colcon_core.package_identification:_identify(output) by extensions ['ros']
[4.871s] Level 1:colcon.colcon_core.package_identification:_identify(output) by extension 'ros'
[4.872s] Level 1:colcon.colcon_core.package_identification:_identify(output) by extensions ['cmake', 'python']
[4.872s] Level 1:colcon.colcon_core.package_identification:_identify(output) by extension 'cmake'
[4.872s] Level 1:colcon.colcon_core.package_identification:_identify(output) by extension 'python'
[4.872s] Level 1:colcon.colcon_core.package_identification:_identify(output) by extensions ['python_setup_py']
[4.872s] Level 1:colcon.colcon_core.package_identification:_identify(output) by extension 'python_setup_py'
[4.873s] Level 1:colcon.colcon_core.package_identification:_identify(src) by extensions ['ignore', 'ignore_ament_install']
[4.873s] Level 1:colcon.colcon_core.package_identification:_identify(src) by extension 'ignore'
[4.873s] Level 1:colcon.colcon_core.package_identification:_identify(src) by extension 'ignore_ament_install'
[4.873s] Level 1:colcon.colcon_core.package_identification:_identify(src) by extensions ['colcon_pkg']
[4.874s] Level 1:colcon.colcon_core.package_identification:_identify(src) by extension 'colcon_pkg'
[4.874s] Level 1:colcon.colcon_core.package_identification:_identify(src) by extensions ['colcon_meta']
[4.874s] Level 1:colcon.colcon_core.package_identification:_identify(src) by extension 'colcon_meta'
[4.874s] Level 1:colcon.colcon_core.package_identification:_identify(src) by extensions ['ros']
[4.874s] Level 1:colcon.colcon_core.package_identification:_identify(src) by extension 'ros'
[4.875s] Level 1:colcon.colcon_core.package_identification:_identify(src) by extensions ['cmake', 'python']
[4.875s] Level 1:colcon.colcon_core.package_identification:_identify(src) by extension 'cmake'
[4.875s] Level 1:colcon.colcon_core.package_identification:_identify(src) by extension 'python'
[4.875s] Level 1:colcon.colcon_core.package_identification:_identify(src) by extensions ['python_setup_py']
[4.875s] Level 1:colcon.colcon_core.package_identification:_identify(src) by extension 'python_setup_py'
[4.876s] Level 1:colcon.colcon_core.package_identification:_identify(src/cplusplus_laser_map) by extensions ['ignore', 'ignore_ament_install']
[4.876s] Level 1:colcon.colcon_core.package_identification:_identify(src/cplusplus_laser_map) by extension 'ignore'
[4.876s] Level 1:colcon.colcon_core.package_identification:_identify(src/cplusplus_laser_map) by extension 'ignore_ament_install'
[4.877s] Level 1:colcon.colcon_core.package_identification:_identify(src/cplusplus_laser_map) by extensions ['colcon_pkg']
[4.877s] Level 1:colcon.colcon_core.package_identification:_identify(src/cplusplus_laser_map) by extension 'colcon_pkg'
[4.877s] Level 1:colcon.colcon_core.package_identification:_identify(src/cplusplus_laser_map) by extensions ['colcon_meta']
[4.877s] Level 1:colcon.colcon_core.package_identification:_identify(src/cplusplus_laser_map) by extension 'colcon_meta'
[4.877s] Level 1:colcon.colcon_core.package_identification:_identify(src/cplusplus_laser_map) by extensions ['ros']
[4.877s] Level 1:colcon.colcon_core.package_identification:_identify(src/cplusplus_laser_map) by extension 'ros'
[4.886s] DEBUG:colcon.colcon_core.package_identification:Package 'src/cplusplus_laser_map' with type 'ros.ament_cmake' and name 'cplusplus_laser_map'
[4.887s] Level 1:colcon.colcon_core.package_identification:_identify(src/rplidar_ros2) by extensions ['ignore', 'ignore_ament_install']
[4.887s] Level 1:colcon.colcon_core.package_identification:_identify(src/rplidar_ros2) by extension 'ignore'
[4.888s] Level 1:colcon.colcon_core.package_identification:_identify(src/rplidar_ros2) by extension 'ignore_ament_install'
[4.888s] Level 1:colcon.colcon_core.package_identification:_identify(src/rplidar_ros2) by extensions ['colcon_pkg']
[4.888s] Level 1:colcon.colcon_core.package_identification:_identify(src/rplidar_ros2) by extension 'colcon_pkg'
[4.888s] Level 1:colcon.colcon_core.package_identification:_identify(src/rplidar_ros2) by extensions ['colcon_meta']
[4.888s] Level 1:colcon.colcon_core.package_identification:_identify(src/rplidar_ros2) by extension 'colcon_meta'
[4.889s] Level 1:colcon.colcon_core.package_identification:_identify(src/rplidar_ros2) by extensions ['ros']
[4.889s] Level 1:colcon.colcon_core.package_identification:_identify(src/rplidar_ros2) by extension 'ros'
[4.895s] DEBUG:colcon.colcon_core.package_identification:Package 'src/rplidar_ros2' with type 'ros.ament_cmake' and name 'rplidar_ros'
[4.895s] Level 1:colcon.colcon_core.package_discovery:discover_packages(recursive) using defaults
[4.895s] Level 1:colcon.colcon_core.package_discovery:discover_packages(ignore) discover
[4.895s] Level 1:colcon.colcon_core.package_discovery:discover_packages(ignore) using defaults
[4.896s] Level 1:colcon.colcon_core.package_discovery:discover_packages(path) discover
[4.896s] Level 1:colcon.colcon_core.package_discovery:discover_packages(path) using defaults
[5.350s] Level 1:colcon.colcon_core.package_discovery:discover_packages(prefix_path) check parameters
[5.350s] Level 1:colcon.colcon_core.package_discovery:discover_packages(prefix_path) discover
[5.503s] DEBUG:colcon.colcon_installed_package_information.package_discovery:Found 2 installed packages in /home/prez/git/humble-lidar/install
[5.568s] DEBUG:colcon.colcon_installed_package_information.package_discovery:Found 1 installed packages in /home/prez/git/lidar/install
[5.637s] DEBUG:colcon.colcon_installed_package_information.package_discovery:Found 5 installed packages in /home/prez/git/c++lidar-project/install
[5.706s] DEBUG:colcon.colcon_installed_package_information.package_discovery:Found 26 installed packages in /home/prez/ros2_ws/install
[5.780s] DEBUG:colcon.colcon_installed_package_information.package_discovery:Found 284 installed packages in /opt/ros/humble
[5.791s] Level 1:colcon.colcon_core.package_discovery:discover_packages(prefix_path) using defaults
[6.161s] Level 5:colcon.colcon_core.verb:set package 'cplusplus_laser_map' build argument 'cmake_args' from command line to 'None'
[6.162s] Level 5:colcon.colcon_core.verb:set package 'cplusplus_laser_map' build argument 'cmake_target' from command line to 'None'
[6.162s] Level 5:colcon.colcon_core.verb:set package 'cplusplus_laser_map' build argument 'cmake_target_skip_unavailable' from command line to 'False'
[6.162s] Level 5:colcon.colcon_core.verb:set package 'cplusplus_laser_map' build argument 'cmake_clean_cache' from command line to 'False'
[6.162s] Level 5:colcon.colcon_core.verb:set package 'cplusplus_laser_map' build argument 'cmake_clean_first' from command line to 'False'
[6.162s] Level 5:colcon.colcon_core.verb:set package 'cplusplus_laser_map' build argument 'cmake_force_configure' from command line to 'False'
[6.162s] Level 5:colcon.colcon_core.verb:set package 'cplusplus_laser_map' build argument 'ament_cmake_args' from command line to 'None'
[6.163s] Level 5:colcon.colcon_core.verb:set package 'cplusplus_laser_map' build argument 'catkin_cmake_args' from command line to 'None'
[6.163s] Level 5:colcon.colcon_core.verb:set package 'cplusplus_laser_map' build argument 'catkin_skip_building_tests' from command line to 'False'
[6.163s] DEBUG:colcon.colcon_core.verb:Building package 'cplusplus_laser_map' with the following arguments: {'ament_cmake_args': None, 'build_base': '/home/prez/git/humble-lidar/build/cplusplus_laser_map', 'catkin_cmake_args': None, 'catkin_skip_building_tests': False, 'cmake_args': None, 'cmake_clean_cache': False, 'cmake_clean_first': False, 'cmake_force_configure': False, 'cmake_target': None, 'cmake_target_skip_unavailable': False, 'install_base': '/home/prez/git/humble-lidar/install/cplusplus_laser_map', 'merge_install': False, 'path': '/home/prez/git/humble-lidar/src/cplusplus_laser_map', 'symlink_install': False, 'test_result_base': None}
[6.237s] Level 5:colcon.colcon_core.verb:set package 'rplidar_ros' build argument 'cmake_args' from command line to 'None'
[6.237s] Level 5:colcon.colcon_core.verb:set package 'rplidar_ros' build argument 'cmake_target' from command line to 'None'
[6.237s] Level 5:colcon.colcon_core.verb:set package 'rplidar_ros' build argument 'cmake_target_skip_unavailable' from command line to 'False'
[6.237s] Level 5:colcon.colcon_core.verb:set package 'rplidar_ros' build argument 'cmake_clean_cache' from command line to 'False'
[6.237s] Level 5:colcon.colcon_core.verb:set package 'rplidar_ros' build argument 'cmake_clean_first' from command line to 'False'
[6.238s] Level 5:colcon.colcon_core.verb:set package 'rplidar_ros' build argument 'cmake_force_configure' from command line to 'False'
[6.238s] Level 5:colcon.colcon_core.verb:set package 'rplidar_ros' build argument 'ament_cmake_args' from command line to 'None'
[6.238s] Level 5:colcon.colcon_core.verb:set package 'rplidar_ros' build argument 'catkin_cmake_args' from command line to 'None'
[6.238s] Level 5:colcon.colcon_core.verb:set package 'rplidar_ros' build argument 'catkin_skip_building_tests' from command line to 'False'
[6.238s] DEBUG:colcon.colcon_core.verb:Building package 'rplidar_ros' with the following arguments: {'ament_cmake_args': None, 'build_base': '/home/prez/git/humble-lidar/build/rplidar_ros', 'catkin_cmake_args': None, 'catkin_skip_building_tests': False, 'cmake_args': None, 'cmake_clean_cache': False, 'cmake_clean_first': False, 'cmake_force_configure': False, 'cmake_target': None, 'cmake_target_skip_unavailable': False, 'install_base': '/home/prez/git/humble-lidar/install/rplidar_ros', 'merge_install': False, 'path': '/home/prez/git/humble-lidar/src/rplidar_ros2', 'symlink_install': False, 'test_result_base': None}
[6.302s] INFO:colcon.colcon_core.executor:Executing jobs using 'parallel' executor
[6.370s] DEBUG:colcon.colcon_parallel_executor.executor.parallel:run_until_complete
[6.371s] INFO:colcon.colcon_ros.task.ament_cmake.build:Building ROS package in '/home/prez/git/humble-lidar/src/cplusplus_laser_map' with build type 'ament_cmake'
[6.372s] INFO:colcon.colcon_cmake.task.cmake.build:Building CMake package in '/home/prez/git/humble-lidar/src/cplusplus_laser_map'
[6.453s] INFO:colcon.colcon_core.plugin_system:Skipping extension 'colcon_core.shell.bat': Not used on non-Windows systems
[6.454s] INFO:colcon.colcon_core.shell:Skip shell extension 'powershell' for command environment: Not usable outside of PowerShell
[6.454s] DEBUG:colcon.colcon_core.shell:Skip shell extension 'dsv' for command environment
[6.917s] INFO:colcon.colcon_ros.task.ament_cmake.build:Building ROS package in '/home/prez/git/humble-lidar/src/rplidar_ros2' with build type 'ament_cmake'
[6.919s] INFO:colcon.colcon_cmake.task.cmake.build:Building CMake package in '/home/prez/git/humble-lidar/src/rplidar_ros2'
[7.001s] INFO:colcon.colcon_core.shell:Skip shell extension 'powershell' for command environment: Not usable outside of PowerShell
[7.002s] DEBUG:colcon.colcon_core.shell:Skip shell extension 'dsv' for command environment
[7.468s] DEBUG:colcon.colcon_core.event_handler.log_command:Invoking command in '/home/prez/git/humble-lidar/build/cplusplus_laser_map': CMAKE_PREFIX_PATH=${CMAKE_PREFIX_PATH}:/home/prez/git/c++lidar-project/install/py_pubsub:/home/prez/git/c++lidar-project/install/motor_package:/home/prez/git/c++lidar-project/install/ir_package:/home/prez/ros2_ws/install/py_pubsub:/home/prez/ros2_ws/install/my_package:/home/prez/ros2_ws/install/launch_testing_examples:/home/prez/ros2_ws/install/examples_rclpy_pointcloud_publisher:/home/prez/ros2_ws/install/examples_rclpy_minimal_subscriber:/home/prez/ros2_ws/install/examples_rclpy_minimal_service:/home/prez/ros2_ws/install/examples_rclpy_minimal_publisher:/home/prez/ros2_ws/install/examples_rclpy_minimal_client:/home/prez/ros2_ws/install/examples_rclpy_minimal_action_server:/home/prez/ros2_ws/install/examples_rclpy_minimal_action_client:/home/prez/ros2_ws/install/examples_rclpy_guard_conditions:/home/prez/ros2_ws/install/examples_rclpy_executors:/opt/ros/humble /usr/bin/cmake --build /home/prez/git/humble-lidar/build/cplusplus_laser_map -- -j4 -l4
[7.513s] DEBUG:colcon.colcon_core.event_handler.log_command:Invoking command in '/home/prez/git/humble-lidar/build/rplidar_ros': CMAKE_PREFIX_PATH=${CMAKE_PREFIX_PATH}:/home/prez/git/c++lidar-project/install/py_pubsub:/home/prez/git/c++lidar-project/install/motor_package:/home/prez/git/c++lidar-project/install/ir_package:/home/prez/ros2_ws/install/py_pubsub:/home/prez/ros2_ws/install/my_package:/home/prez/ros2_ws/install/launch_testing_examples:/home/prez/ros2_ws/install/examples_rclpy_pointcloud_publisher:/home/prez/ros2_ws/install/examples_rclpy_minimal_subscriber:/home/prez/ros2_ws/install/examples_rclpy_minimal_service:/home/prez/ros2_ws/install/examples_rclpy_minimal_publisher:/home/prez/ros2_ws/install/examples_rclpy_minimal_client:/home/prez/ros2_ws/install/examples_rclpy_minimal_action_server:/home/prez/ros2_ws/install/examples_rclpy_minimal_action_client:/home/prez/ros2_ws/install/examples_rclpy_guard_conditions:/home/prez/ros2_ws/install/examples_rclpy_executors:/opt/ros/humble /usr/bin/cmake --build /home/prez/git/humble-lidar/build/rplidar_ros -- -j4 -l4
[8.071s] DEBUG:colcon.colcon_core.event_handler.log_command:Invoked command in '/home/prez/git/humble-lidar/build/rplidar_ros' returned '0': CMAKE_PREFIX_PATH=${CMAKE_PREFIX_PATH}:/home/prez/git/c++lidar-project/install/py_pubsub:/home/prez/git/c++lidar-project/install/motor_package:/home/prez/git/c++lidar-project/install/ir_package:/home/prez/ros2_ws/install/py_pubsub:/home/prez/ros2_ws/install/my_package:/home/prez/ros2_ws/install/launch_testing_examples:/home/prez/ros2_ws/install/examples_rclpy_pointcloud_publisher:/home/prez/ros2_ws/install/examples_rclpy_minimal_subscriber:/home/prez/ros2_ws/install/examples_rclpy_minimal_service:/home/prez/ros2_ws/install/examples_rclpy_minimal_publisher:/home/prez/ros2_ws/install/examples_rclpy_minimal_client:/home/prez/ros2_ws/install/examples_rclpy_minimal_action_server:/home/prez/ros2_ws/install/examples_rclpy_minimal_action_client:/home/prez/ros2_ws/install/examples_rclpy_guard_conditions:/home/prez/ros2_ws/install/examples_rclpy_executors:/opt/ros/humble /usr/bin/cmake --build /home/prez/git/humble-lidar/build/rplidar_ros -- -j4 -l4
[8.466s] DEBUG:colcon.colcon_core.event_handler.log_command:Invoking command in '/home/prez/git/humble-lidar/build/rplidar_ros': CMAKE_PREFIX_PATH=${CMAKE_PREFIX_PATH}:/home/prez/git/c++lidar-project/install/py_pubsub:/home/prez/git/c++lidar-project/install/motor_package:/home/prez/git/c++lidar-project/install/ir_package:/home/prez/ros2_ws/install/py_pubsub:/home/prez/ros2_ws/install/my_package:/home/prez/ros2_ws/install/launch_testing_examples:/home/prez/ros2_ws/install/examples_rclpy_pointcloud_publisher:/home/prez/ros2_ws/install/examples_rclpy_minimal_subscriber:/home/prez/ros2_ws/install/examples_rclpy_minimal_service:/home/prez/ros2_ws/install/examples_rclpy_minimal_publisher:/home/prez/ros2_ws/install/examples_rclpy_minimal_client:/home/prez/ros2_ws/install/examples_rclpy_minimal_action_server:/home/prez/ros2_ws/install/examples_rclpy_minimal_action_client:/home/prez/ros2_ws/install/examples_rclpy_guard_conditions:/home/prez/ros2_ws/install/examples_rclpy_executors:/opt/ros/humble /usr/bin/cmake --install /home/prez/git/humble-lidar/build/rplidar_ros
[8.611s] Level 1:colcon.colcon_core.environment:create_environment_scripts_only(rplidar_ros)
[8.613s] DEBUG:colcon.colcon_core.event_handler.log_command:Invoked command in '/home/prez/git/humble-lidar/build/rplidar_ros' returned '0': CMAKE_PREFIX_PATH=${CMAKE_PREFIX_PATH}:/home/prez/git/c++lidar-project/install/py_pubsub:/home/prez/git/c++lidar-project/install/motor_package:/home/prez/git/c++lidar-project/install/ir_package:/home/prez/ros2_ws/install/py_pubsub:/home/prez/ros2_ws/install/my_package:/home/prez/ros2_ws/install/launch_testing_examples:/home/prez/ros2_ws/install/examples_rclpy_pointcloud_publisher:/home/prez/ros2_ws/install/examples_rclpy_minimal_subscriber:/home/prez/ros2_ws/install/examples_rclpy_minimal_service:/home/prez/ros2_ws/install/examples_rclpy_minimal_publisher:/home/prez/ros2_ws/install/examples_rclpy_minimal_client:/home/prez/ros2_ws/install/examples_rclpy_minimal_action_server:/home/prez/ros2_ws/install/examples_rclpy_minimal_action_client:/home/prez/ros2_ws/install/examples_rclpy_guard_conditions:/home/prez/ros2_ws/install/examples_rclpy_executors:/opt/ros/humble /usr/bin/cmake --install /home/prez/git/humble-lidar/build/rplidar_ros
[8.744s] Level 1:colcon.colcon_core.environment:checking '/home/prez/git/humble-lidar/install/rplidar_ros' for CMake module files
[8.747s] Level 1:colcon.colcon_core.environment:checking '/home/prez/git/humble-lidar/install/rplidar_ros' for CMake config files
[8.752s] Level 1:colcon.colcon_core.shell:create_environment_hook('rplidar_ros', 'cmake_prefix_path')
[8.846s] INFO:colcon.colcon_core.shell:Creating environment hook '/home/prez/git/humble-lidar/install/rplidar_ros/share/rplidar_ros/hook/cmake_prefix_path.ps1'
[8.850s] INFO:colcon.colcon_core.shell:Creating environment descriptor '/home/prez/git/humble-lidar/install/rplidar_ros/share/rplidar_ros/hook/cmake_prefix_path.dsv'
[8.852s] INFO:colcon.colcon_core.shell:Creating environment hook '/home/prez/git/humble-lidar/install/rplidar_ros/share/rplidar_ros/hook/cmake_prefix_path.sh'
[8.857s] Level 1:colcon.colcon_core.environment:checking '/home/prez/git/humble-lidar/install/rplidar_ros/lib'
[8.858s] Level 1:colcon.colcon_core.shell:create_environment_hook('rplidar_ros', 'ld_library_path_lib')
[8.956s] INFO:colcon.colcon_core.shell:Creating environment hook '/home/prez/git/humble-lidar/install/rplidar_ros/share/rplidar_ros/hook/ld_library_path_lib.ps1'
[8.958s] INFO:colcon.colcon_core.shell:Creating environment descriptor '/home/prez/git/humble-lidar/install/rplidar_ros/share/rplidar_ros/hook/ld_library_path_lib.dsv'
[8.961s] INFO:colcon.colcon_core.shell:Creating environment hook '/home/prez/git/humble-lidar/install/rplidar_ros/share/rplidar_ros/hook/ld_library_path_lib.sh'
[8.964s] Level 1:colcon.colcon_core.environment:checking '/home/prez/git/humble-lidar/install/rplidar_ros/bin'
[8.964s] Level 1:colcon.colcon_core.environment:checking '/home/prez/git/humble-lidar/install/rplidar_ros/lib/pkgconfig/rplidar_ros.pc'
[8.966s] Level 1:colcon.colcon_core.environment:checking '/home/prez/git/humble-lidar/install/rplidar_ros/lib/python3.10/site-packages'
[8.967s] Level 1:colcon.colcon_core.environment:checking '/home/prez/git/humble-lidar/install/rplidar_ros/bin'
[9.087s] INFO:colcon.colcon_core.shell:Creating package script '/home/prez/git/humble-lidar/install/rplidar_ros/share/rplidar_ros/package.ps1'
[9.092s] INFO:colcon.colcon_core.shell:Creating package descriptor '/home/prez/git/humble-lidar/install/rplidar_ros/share/rplidar_ros/package.dsv'
[9.096s] INFO:colcon.colcon_core.shell:Creating package script '/home/prez/git/humble-lidar/install/rplidar_ros/share/rplidar_ros/package.sh'
[9.100s] INFO:colcon.colcon_core.shell:Creating package script '/home/prez/git/humble-lidar/install/rplidar_ros/share/rplidar_ros/package.bash'
[9.106s] INFO:colcon.colcon_core.shell:Creating package script '/home/prez/git/humble-lidar/install/rplidar_ros/share/rplidar_ros/package.zsh'
[9.110s] Level 1:colcon.colcon_core.environment:create_file_with_runtime_dependencies(/home/prez/git/humble-lidar/install/rplidar_ros/share/colcon-core/packages/rplidar_ros)
[9.530s] Level 1:colcon.colcon_core.environment:create_environment_scripts_only(rplidar_ros)
[9.613s] Level 1:colcon.colcon_core.environment:checking '/home/prez/git/humble-lidar/install/rplidar_ros' for CMake module files
[9.616s] Level 1:colcon.colcon_core.environment:checking '/home/prez/git/humble-lidar/install/rplidar_ros' for CMake config files
[9.621s] Level 1:colcon.colcon_core.shell:create_environment_hook('rplidar_ros', 'cmake_prefix_path')
[9.700s] INFO:colcon.colcon_core.shell:Creating environment hook '/home/prez/git/humble-lidar/install/rplidar_ros/share/rplidar_ros/hook/cmake_prefix_path.ps1'
[9.703s] INFO:colcon.colcon_core.shell:Creating environment descriptor '/home/prez/git/humble-lidar/install/rplidar_ros/share/rplidar_ros/hook/cmake_prefix_path.dsv'
[9.705s] INFO:colcon.colcon_core.shell:Creating environment hook '/home/prez/git/humble-lidar/install/rplidar_ros/share/rplidar_ros/hook/cmake_prefix_path.sh'
[9.709s] Level 1:colcon.colcon_core.environment:checking '/home/prez/git/humble-lidar/install/rplidar_ros/lib'
[9.710s] Level 1:colcon.colcon_core.shell:create_environment_hook('rplidar_ros', 'ld_library_path_lib')
[9.795s] INFO:colcon.colcon_core.shell:Creating environment hook '/home/prez/git/humble-lidar/install/rplidar_ros/share/rplidar_ros/hook/ld_library_path_lib.ps1'
[9.798s] INFO:colcon.colcon_core.shell:Creating environment descriptor '/home/prez/git/humble-lidar/install/rplidar_ros/share/rplidar_ros/hook/ld_library_path_lib.dsv'
[9.800s] INFO:colcon.colcon_core.shell:Creating environment hook '/home/prez/git/humble-lidar/install/rplidar_ros/share/rplidar_ros/hook/ld_library_path_lib.sh'
[9.802s] Level 1:colcon.colcon_core.environment:checking '/home/prez/git/humble-lidar/install/rplidar_ros/bin'
[9.803s] Level 1:colcon.colcon_core.environment:checking '/home/prez/git/humble-lidar/install/rplidar_ros/lib/pkgconfig/rplidar_ros.pc'
[9.804s] Level 1:colcon.colcon_core.environment:checking '/home/prez/git/humble-lidar/install/rplidar_ros/lib/python3.10/site-packages'
[9.805s] Level 1:colcon.colcon_core.environment:checking '/home/prez/git/humble-lidar/install/rplidar_ros/bin'
[9.887s] INFO:colcon.colcon_core.shell:Creating package script '/home/prez/git/humble-lidar/install/rplidar_ros/share/rplidar_ros/package.ps1'
[9.890s] INFO:colcon.colcon_core.shell:Creating package descriptor '/home/prez/git/humble-lidar/install/rplidar_ros/share/rplidar_ros/package.dsv'
[9.892s] INFO:colcon.colcon_core.shell:Creating package script '/home/prez/git/humble-lidar/install/rplidar_ros/share/rplidar_ros/package.sh'
[9.895s] INFO:colcon.colcon_core.shell:Creating package script '/home/prez/git/humble-lidar/install/rplidar_ros/share/rplidar_ros/package.bash'
[9.897s] INFO:colcon.colcon_core.shell:Creating package script '/home/prez/git/humble-lidar/install/rplidar_ros/share/rplidar_ros/package.zsh'
[9.899s] Level 1:colcon.colcon_core.environment:create_file_with_runtime_dependencies(/home/prez/git/humble-lidar/install/rplidar_ros/share/colcon-core/packages/rplidar_ros)
[12.505s] DEBUG:colcon.colcon_core.event_handler.log_command:Invoked command in '/home/prez/git/humble-lidar/build/cplusplus_laser_map' returned '2': CMAKE_PREFIX_PATH=${CMAKE_PREFIX_PATH}:/home/prez/git/c++lidar-project/install/py_pubsub:/home/prez/git/c++lidar-project/install/motor_package:/home/prez/git/c++lidar-project/install/ir_package:/home/prez/ros2_ws/install/py_pubsub:/home/prez/ros2_ws/install/my_package:/home/prez/ros2_ws/install/launch_testing_examples:/home/prez/ros2_ws/install/examples_rclpy_pointcloud_publisher:/home/prez/ros2_ws/install/examples_rclpy_minimal_subscriber:/home/prez/ros2_ws/install/examples_rclpy_minimal_service:/home/prez/ros2_ws/install/examples_rclpy_minimal_publisher:/home/prez/ros2_ws/install/examples_rclpy_minimal_client:/home/prez/ros2_ws/install/examples_rclpy_minimal_action_server:/home/prez/ros2_ws/install/examples_rclpy_minimal_action_client:/home/prez/ros2_ws/install/examples_rclpy_guard_conditions:/home/prez/ros2_ws/install/examples_rclpy_executors:/opt/ros/humble /usr/bin/cmake --build /home/prez/git/humble-lidar/build/cplusplus_laser_map -- -j4 -l4
[12.763s] Level 1:colcon.colcon_core.environment:create_environment_scripts_only(cplusplus_laser_map)
[12.833s] Level 1:colcon.colcon_core.environment:checking '/home/prez/git/humble-lidar/install/cplusplus_laser_map' for CMake module files
[12.837s] Level 1:colcon.colcon_core.environment:checking '/home/prez/git/humble-lidar/install/cplusplus_laser_map' for CMake config files
[12.839s] Level 1:colcon.colcon_core.shell:create_environment_hook('cplusplus_laser_map', 'cmake_prefix_path')
[12.904s] INFO:colcon.colcon_core.shell:Creating environment hook '/home/prez/git/humble-lidar/install/cplusplus_laser_map/share/cplusplus_laser_map/hook/cmake_prefix_path.ps1'
[12.906s] INFO:colcon.colcon_core.shell:Creating environment descriptor '/home/prez/git/humble-lidar/install/cplusplus_laser_map/share/cplusplus_laser_map/hook/cmake_prefix_path.dsv'
[12.908s] INFO:colcon.colcon_core.shell:Creating environment hook '/home/prez/git/humble-lidar/install/cplusplus_laser_map/share/cplusplus_laser_map/hook/cmake_prefix_path.sh'
[12.910s] Level 1:colcon.colcon_core.environment:checking '/home/prez/git/humble-lidar/install/cplusplus_laser_map/lib'
[12.911s] Level 1:colcon.colcon_core.environment:checking '/home/prez/git/humble-lidar/install/cplusplus_laser_map/bin'
[12.911s] Level 1:colcon.colcon_core.environment:checking '/home/prez/git/humble-lidar/install/cplusplus_laser_map/lib/pkgconfig/cplusplus_laser_map.pc'
[12.912s] Level 1:colcon.colcon_core.environment:checking '/home/prez/git/humble-lidar/install/cplusplus_laser_map/lib/python3.10/site-packages'
[12.914s] Level 1:colcon.colcon_core.environment:checking '/home/prez/git/humble-lidar/install/cplusplus_laser_map/bin'
[12.989s] INFO:colcon.colcon_core.shell:Creating package script '/home/prez/git/humble-lidar/install/cplusplus_laser_map/share/cplusplus_laser_map/package.ps1'
[12.991s] INFO:colcon.colcon_core.shell:Creating package descriptor '/home/prez/git/humble-lidar/install/cplusplus_laser_map/share/cplusplus_laser_map/package.dsv'
[12.993s] INFO:colcon.colcon_core.shell:Creating package script '/home/prez/git/humble-lidar/install/cplusplus_laser_map/share/cplusplus_laser_map/package.sh'
[12.996s] INFO:colcon.colcon_core.shell:Creating package script '/home/prez/git/humble-lidar/install/cplusplus_laser_map/share/cplusplus_laser_map/package.bash'
[12.998s] INFO:colcon.colcon_core.shell:Creating package script '/home/prez/git/humble-lidar/install/cplusplus_laser_map/share/cplusplus_laser_map/package.zsh'
[13.000s] Level 1:colcon.colcon_core.environment:create_file_with_runtime_dependencies(/home/prez/git/humble-lidar/install/cplusplus_laser_map/share/colcon-core/packages/cplusplus_laser_map)
[13.012s] DEBUG:colcon.colcon_parallel_executor.executor.parallel:closing loop
[13.012s] DEBUG:colcon.colcon_parallel_executor.executor.parallel:loop closed
[13.013s] DEBUG:colcon.colcon_parallel_executor.executor.parallel:run_until_complete finished with '2'
[13.013s] DEBUG:colcon.colcon_core.event_reactor:joining thread
[13.110s] INFO:colcon.colcon_core.plugin_system:Skipping extension 'colcon_notification.desktop_notification.terminal_notifier': Not used on non-Darwin systems
[13.110s] INFO:colcon.colcon_core.plugin_system:Skipping extension 'colcon_notification.desktop_notification.win32': Not used on non-Windows systems
[13.110s] INFO:colcon.colcon_notification.desktop_notification:Sending desktop notification using 'notify2'
[13.152s] DEBUG:colcon.colcon_core.event_reactor:joined thread
[13.217s] INFO:colcon.colcon_core.shell:Creating prefix script '/home/prez/git/humble-lidar/install/local_setup.ps1'
[13.221s] INFO:colcon.colcon_core.shell:Creating prefix util module '/home/prez/git/humble-lidar/install/_local_setup_util_ps1.py'
[13.226s] INFO:colcon.colcon_core.shell:Creating prefix chain script '/home/prez/git/humble-lidar/install/setup.ps1'
[13.308s] INFO:colcon.colcon_core.shell:Creating prefix script '/home/prez/git/humble-lidar/install/local_setup.sh'
[13.311s] INFO:colcon.colcon_core.shell:Creating prefix util module '/home/prez/git/humble-lidar/install/_local_setup_util_sh.py'
[13.313s] INFO:colcon.colcon_core.shell:Creating prefix chain script '/home/prez/git/humble-lidar/install/setup.sh'
[13.390s] INFO:colcon.colcon_core.shell:Creating prefix script '/home/prez/git/humble-lidar/install/local_setup.bash'
[13.392s] INFO:colcon.colcon_core.shell:Creating prefix chain script '/home/prez/git/humble-lidar/install/setup.bash'
[13.474s] INFO:colcon.colcon_core.shell:Creating prefix script '/home/prez/git/humble-lidar/install/local_setup.zsh'
[13.477s] INFO:colcon.colcon_core.shell:Creating prefix chain script '/home/prez/git/humble-lidar/install/setup.zsh'
