[5.248s] DEBUG:colcon:Command line arguments: ['/usr/bin/colcon', 'build']
[5.249s] DEBUG:colcon:Parsed command line arguments: Namespace(log_base=None, log_level=None, verb_name='build', build_base='build', install_base='install', merge_install=False, symlink_install=False, test_result_base=None, continue_on_error=False, executor='parallel', parallel_workers=4, event_handlers=None, ignore_user_meta=False, metas=['./colcon.meta'], base_paths=['.'], packages_ignore=None, packages_ignore_regex=None, paths=None, packages_up_to=None, packages_up_to_regex=None, packages_above=None, packages_above_and_dependencies=None, packages_above_depth=None, packages_select_by_dep=None, packages_skip_by_dep=None, packages_skip_up_to=None, packages_select_build_failed=False, packages_skip_build_finished=False, packages_select_test_failures=False, packages_skip_test_passed=False, packages_select=None, packages_skip=None, packages_select_regex=None, packages_skip_regex=None, packages_start=None, packages_end=None, allow_overriding=[], cmake_args=None, cmake_target=None, cmake_target_skip_unavailable=False, cmake_clean_cache=False, cmake_clean_first=False, cmake_force_configure=False, ament_cmake_args=None, catkin_cmake_args=None, catkin_skip_building_tests=False, verb_parser=<colcon_defaults.argument_parser.defaults.DefaultArgumentsDecorator object at 0xffffb06ec970>, verb_extension=<colcon_core.verb.build.BuildVerb object at 0xffffb0c59ed0>, main=<bound method BuildVerb.main of <colcon_core.verb.build.BuildVerb object at 0xffffb0c59ed0>>)
[5.561s] Level 1:colcon.colcon_core.package_discovery:discover_packages(colcon_meta) check parameters
[5.561s] Level 1:colcon.colcon_core.package_discovery:discover_packages(recursive) check parameters
[5.561s] Level 1:colcon.colcon_core.package_discovery:discover_packages(ignore) check parameters
[5.561s] Level 1:colcon.colcon_core.package_discovery:discover_packages(path) check parameters
[5.562s] Level 1:colcon.colcon_core.package_discovery:discover_packages(colcon_meta) discover
[5.562s] Level 1:colcon.colcon_core.package_discovery:discover_packages(recursive) discover
[5.562s] INFO:colcon.colcon_core.package_discovery:Crawling recursively for packages in '/home/prez/git/humble-lidar'
[5.562s] Level 1:colcon.colcon_core.package_identification:_identify(.) by extensions ['ignore', 'ignore_ament_install']
[5.563s] Level 1:colcon.colcon_core.package_identification:_identify(.) by extension 'ignore'
[5.563s] Level 1:colcon.colcon_core.package_identification:_identify(.) by extension 'ignore_ament_install'
[5.563s] Level 1:colcon.colcon_core.package_identification:_identify(.) by extensions ['colcon_pkg']
[5.564s] Level 1:colcon.colcon_core.package_identification:_identify(.) by extension 'colcon_pkg'
[5.564s] Level 1:colcon.colcon_core.package_identification:_identify(.) by extensions ['colcon_meta']
[5.564s] Level 1:colcon.colcon_core.package_identification:_identify(.) by extension 'colcon_meta'
[5.564s] Level 1:colcon.colcon_core.package_identification:_identify(.) by extensions ['ros']
[5.564s] Level 1:colcon.colcon_core.package_identification:_identify(.) by extension 'ros'
[5.627s] Level 1:colcon.colcon_core.package_identification:_identify(.) by extensions ['cmake', 'python']
[5.627s] Level 1:colcon.colcon_core.package_identification:_identify(.) by extension 'cmake'
[5.628s] Level 1:colcon.colcon_core.package_identification:_identify(.) by extension 'python'
[5.628s] Level 1:colcon.colcon_core.package_identification:_identify(.) by extensions ['python_setup_py']
[5.628s] Level 1:colcon.colcon_core.package_identification:_identify(.) by extension 'python_setup_py'
[5.628s] Level 1:colcon.colcon_core.package_identification:_identify(build) by extensions ['ignore', 'ignore_ament_install']
[5.629s] Level 1:colcon.colcon_core.package_identification:_identify(build) by extension 'ignore'
[5.629s] Level 1:colcon.colcon_core.package_identification:_identify(build) ignored
[5.630s] Level 1:colcon.colcon_core.package_identification:_identify(install) by extensions ['ignore', 'ignore_ament_install']
[5.630s] Level 1:colcon.colcon_core.package_identification:_identify(install) by extension 'ignore'
[5.631s] Level 1:colcon.colcon_core.package_identification:_identify(install) ignored
[5.631s] Level 1:colcon.colcon_core.package_identification:_identify(log) by extensions ['ignore', 'ignore_ament_install']
[5.631s] Level 1:colcon.colcon_core.package_identification:_identify(log) by extension 'ignore'
[5.632s] Level 1:colcon.colcon_core.package_identification:_identify(log) ignored
[5.632s] Level 1:colcon.colcon_core.package_identification:_identify(src) by extensions ['ignore', 'ignore_ament_install']
[5.632s] Level 1:colcon.colcon_core.package_identification:_identify(src) by extension 'ignore'
[5.633s] Level 1:colcon.colcon_core.package_identification:_identify(src) by extension 'ignore_ament_install'
[5.633s] Level 1:colcon.colcon_core.package_identification:_identify(src) by extensions ['colcon_pkg']
[5.633s] Level 1:colcon.colcon_core.package_identification:_identify(src) by extension 'colcon_pkg'
[5.633s] Level 1:colcon.colcon_core.package_identification:_identify(src) by extensions ['colcon_meta']
[5.633s] Level 1:colcon.colcon_core.package_identification:_identify(src) by extension 'colcon_meta'
[5.633s] Level 1:colcon.colcon_core.package_identification:_identify(src) by extensions ['ros']
[5.634s] Level 1:colcon.colcon_core.package_identification:_identify(src) by extension 'ros'
[5.634s] Level 1:colcon.colcon_core.package_identification:_identify(src) by extensions ['cmake', 'python']
[5.634s] Level 1:colcon.colcon_core.package_identification:_identify(src) by extension 'cmake'
[5.634s] Level 1:colcon.colcon_core.package_identification:_identify(src) by extension 'python'
[5.634s] Level 1:colcon.colcon_core.package_identification:_identify(src) by extensions ['python_setup_py']
[5.635s] Level 1:colcon.colcon_core.package_identification:_identify(src) by extension 'python_setup_py'
[5.635s] Level 1:colcon.colcon_core.package_identification:_identify(src/cplusplus_laser_map) by extensions ['ignore', 'ignore_ament_install']
[5.635s] Level 1:colcon.colcon_core.package_identification:_identify(src/cplusplus_laser_map) by extension 'ignore'
[5.636s] Level 1:colcon.colcon_core.package_identification:_identify(src/cplusplus_laser_map) by extension 'ignore_ament_install'
[5.636s] Level 1:colcon.colcon_core.package_identification:_identify(src/cplusplus_laser_map) by extensions ['colcon_pkg']
[5.636s] Level 1:colcon.colcon_core.package_identification:_identify(src/cplusplus_laser_map) by extension 'colcon_pkg'
[5.636s] Level 1:colcon.colcon_core.package_identification:_identify(src/cplusplus_laser_map) by extensions ['colcon_meta']
[5.636s] Level 1:colcon.colcon_core.package_identification:_identify(src/cplusplus_laser_map) by extension 'colcon_meta'
[5.637s] Level 1:colcon.colcon_core.package_identification:_identify(src/cplusplus_laser_map) by extensions ['ros']
[5.637s] Level 1:colcon.colcon_core.package_identification:_identify(src/cplusplus_laser_map) by extension 'ros'
[5.645s] DEBUG:colcon.colcon_core.package_identification:Package 'src/cplusplus_laser_map' with type 'ros.ament_cmake' and name 'cplusplus_laser_map'
[5.646s] Level 1:colcon.colcon_core.package_identification:_identify(src/rplidar_ros2) by extensions ['ignore', 'ignore_ament_install']
[5.647s] Level 1:colcon.colcon_core.package_identification:_identify(src/rplidar_ros2) by extension 'ignore'
[5.647s] Level 1:colcon.colcon_core.package_identification:_identify(src/rplidar_ros2) by extension 'ignore_ament_install'
[5.647s] Level 1:colcon.colcon_core.package_identification:_identify(src/rplidar_ros2) by extensions ['colcon_pkg']
[5.648s] Level 1:colcon.colcon_core.package_identification:_identify(src/rplidar_ros2) by extension 'colcon_pkg'
[5.648s] Level 1:colcon.colcon_core.package_identification:_identify(src/rplidar_ros2) by extensions ['colcon_meta']
[5.648s] Level 1:colcon.colcon_core.package_identification:_identify(src/rplidar_ros2) by extension 'colcon_meta'
[5.648s] Level 1:colcon.colcon_core.package_identification:_identify(src/rplidar_ros2) by extensions ['ros']
[5.648s] Level 1:colcon.colcon_core.package_identification:_identify(src/rplidar_ros2) by extension 'ros'
[5.654s] DEBUG:colcon.colcon_core.package_identification:Package 'src/rplidar_ros2' with type 'ros.ament_cmake' and name 'rplidar_ros'
[5.655s] Level 1:colcon.colcon_core.package_discovery:discover_packages(recursive) using defaults
[5.655s] Level 1:colcon.colcon_core.package_discovery:discover_packages(ignore) discover
[5.655s] Level 1:colcon.colcon_core.package_discovery:discover_packages(ignore) using defaults
[5.655s] Level 1:colcon.colcon_core.package_discovery:discover_packages(path) discover
[5.655s] Level 1:colcon.colcon_core.package_discovery:discover_packages(path) using defaults
[6.076s] Level 1:colcon.colcon_core.package_discovery:discover_packages(prefix_path) check parameters
[6.076s] Level 1:colcon.colcon_core.package_discovery:discover_packages(prefix_path) discover
[6.221s] DEBUG:colcon.colcon_installed_package_information.package_discovery:Found 2 installed packages in /home/prez/git/humble-lidar/install
[6.296s] DEBUG:colcon.colcon_installed_package_information.package_discovery:Found 1 installed packages in /home/prez/git/lidar/install
[6.433s] DEBUG:colcon.colcon_installed_package_information.package_discovery:Found 5 installed packages in /home/prez/git/c++lidar-project/install
[6.652s] DEBUG:colcon.colcon_installed_package_information.package_discovery:Found 26 installed packages in /home/prez/ros2_ws/install
[6.882s] DEBUG:colcon.colcon_installed_package_information.package_discovery:Found 284 installed packages in /opt/ros/humble
[6.915s] Level 1:colcon.colcon_core.package_discovery:discover_packages(prefix_path) using defaults
[8.000s] Level 5:colcon.colcon_core.verb:set package 'cplusplus_laser_map' build argument 'cmake_args' from command line to 'None'
[8.001s] Level 5:colcon.colcon_core.verb:set package 'cplusplus_laser_map' build argument 'cmake_target' from command line to 'None'
[8.002s] Level 5:colcon.colcon_core.verb:set package 'cplusplus_laser_map' build argument 'cmake_target_skip_unavailable' from command line to 'False'
[8.002s] Level 5:colcon.colcon_core.verb:set package 'cplusplus_laser_map' build argument 'cmake_clean_cache' from command line to 'False'
[8.003s] Level 5:colcon.colcon_core.verb:set package 'cplusplus_laser_map' build argument 'cmake_clean_first' from command line to 'False'
[8.003s] Level 5:colcon.colcon_core.verb:set package 'cplusplus_laser_map' build argument 'cmake_force_configure' from command line to 'False'
[8.004s] Level 5:colcon.colcon_core.verb:set package 'cplusplus_laser_map' build argument 'ament_cmake_args' from command line to 'None'
[8.004s] Level 5:colcon.colcon_core.verb:set package 'cplusplus_laser_map' build argument 'catkin_cmake_args' from command line to 'None'
[8.004s] Level 5:colcon.colcon_core.verb:set package 'cplusplus_laser_map' build argument 'catkin_skip_building_tests' from command line to 'False'
[8.005s] DEBUG:colcon.colcon_core.verb:Building package 'cplusplus_laser_map' with the following arguments: {'ament_cmake_args': None, 'build_base': '/home/prez/git/humble-lidar/build/cplusplus_laser_map', 'catkin_cmake_args': None, 'catkin_skip_building_tests': False, 'cmake_args': None, 'cmake_clean_cache': False, 'cmake_clean_first': False, 'cmake_force_configure': False, 'cmake_target': None, 'cmake_target_skip_unavailable': False, 'install_base': '/home/prez/git/humble-lidar/install/cplusplus_laser_map', 'merge_install': False, 'path': '/home/prez/git/humble-lidar/src/cplusplus_laser_map', 'symlink_install': False, 'test_result_base': None}
[8.205s] Level 5:colcon.colcon_core.verb:set package 'rplidar_ros' build argument 'cmake_args' from command line to 'None'
[8.206s] Level 5:colcon.colcon_core.verb:set package 'rplidar_ros' build argument 'cmake_target' from command line to 'None'
[8.206s] Level 5:colcon.colcon_core.verb:set package 'rplidar_ros' build argument 'cmake_target_skip_unavailable' from command line to 'False'
[8.207s] Level 5:colcon.colcon_core.verb:set package 'rplidar_ros' build argument 'cmake_clean_cache' from command line to 'False'
[8.207s] Level 5:colcon.colcon_core.verb:set package 'rplidar_ros' build argument 'cmake_clean_first' from command line to 'False'
[8.207s] Level 5:colcon.colcon_core.verb:set package 'rplidar_ros' build argument 'cmake_force_configure' from command line to 'False'
[8.208s] Level 5:colcon.colcon_core.verb:set package 'rplidar_ros' build argument 'ament_cmake_args' from command line to 'None'
[8.208s] Level 5:colcon.colcon_core.verb:set package 'rplidar_ros' build argument 'catkin_cmake_args' from command line to 'None'
[8.208s] Level 5:colcon.colcon_core.verb:set package 'rplidar_ros' build argument 'catkin_skip_building_tests' from command line to 'False'
[8.209s] DEBUG:colcon.colcon_core.verb:Building package 'rplidar_ros' with the following arguments: {'ament_cmake_args': None, 'build_base': '/home/prez/git/humble-lidar/build/rplidar_ros', 'catkin_cmake_args': None, 'catkin_skip_building_tests': False, 'cmake_args': None, 'cmake_clean_cache': False, 'cmake_clean_first': False, 'cmake_force_configure': False, 'cmake_target': None, 'cmake_target_skip_unavailable': False, 'install_base': '/home/prez/git/humble-lidar/install/rplidar_ros', 'merge_install': False, 'path': '/home/prez/git/humble-lidar/src/rplidar_ros2', 'symlink_install': False, 'test_result_base': None}
[8.417s] INFO:colcon.colcon_core.executor:Executing jobs using 'parallel' executor
[8.661s] DEBUG:colcon.colcon_parallel_executor.executor.parallel:run_until_complete
[8.663s] INFO:colcon.colcon_ros.task.ament_cmake.build:Building ROS package in '/home/prez/git/humble-lidar/src/cplusplus_laser_map' with build type 'ament_cmake'
[8.665s] INFO:colcon.colcon_cmake.task.cmake.build:Building CMake package in '/home/prez/git/humble-lidar/src/cplusplus_laser_map'
[9.002s] INFO:colcon.colcon_core.plugin_system:Skipping extension 'colcon_core.shell.bat': Not used on non-Windows systems
[9.005s] INFO:colcon.colcon_core.shell:Skip shell extension 'powershell' for command environment: Not usable outside of PowerShell
[9.006s] DEBUG:colcon.colcon_core.shell:Skip shell extension 'dsv' for command environment
[10.674s] INFO:colcon.colcon_ros.task.ament_cmake.build:Building ROS package in '/home/prez/git/humble-lidar/src/rplidar_ros2' with build type 'ament_cmake'
[10.675s] INFO:colcon.colcon_cmake.task.cmake.build:Building CMake package in '/home/prez/git/humble-lidar/src/rplidar_ros2'
[10.944s] INFO:colcon.colcon_core.shell:Skip shell extension 'powershell' for command environment: Not usable outside of PowerShell
[10.945s] DEBUG:colcon.colcon_core.shell:Skip shell extension 'dsv' for command environment
[12.084s] DEBUG:colcon.colcon_core.event_handler.log_command:Invoking command in '/home/prez/git/humble-lidar/build/cplusplus_laser_map': CMAKE_PREFIX_PATH=${CMAKE_PREFIX_PATH}:/home/prez/git/c++lidar-project/install/py_pubsub:/home/prez/git/c++lidar-project/install/motor_package:/home/prez/git/c++lidar-project/install/ir_package:/home/prez/ros2_ws/install/py_pubsub:/home/prez/ros2_ws/install/my_package:/home/prez/ros2_ws/install/launch_testing_examples:/home/prez/ros2_ws/install/examples_rclpy_pointcloud_publisher:/home/prez/ros2_ws/install/examples_rclpy_minimal_subscriber:/home/prez/ros2_ws/install/examples_rclpy_minimal_service:/home/prez/ros2_ws/install/examples_rclpy_minimal_publisher:/home/prez/ros2_ws/install/examples_rclpy_minimal_client:/home/prez/ros2_ws/install/examples_rclpy_minimal_action_server:/home/prez/ros2_ws/install/examples_rclpy_minimal_action_client:/home/prez/ros2_ws/install/examples_rclpy_guard_conditions:/home/prez/ros2_ws/install/examples_rclpy_executors:/opt/ros/humble /usr/bin/cmake --build /home/prez/git/humble-lidar/build/cplusplus_laser_map -- -j4 -l4
[12.119s] DEBUG:colcon.colcon_core.event_handler.log_command:Invoking command in '/home/prez/git/humble-lidar/build/rplidar_ros': CMAKE_PREFIX_PATH=${CMAKE_PREFIX_PATH}:/home/prez/git/c++lidar-project/install/py_pubsub:/home/prez/git/c++lidar-project/install/motor_package:/home/prez/git/c++lidar-project/install/ir_package:/home/prez/ros2_ws/install/py_pubsub:/home/prez/ros2_ws/install/my_package:/home/prez/ros2_ws/install/launch_testing_examples:/home/prez/ros2_ws/install/examples_rclpy_pointcloud_publisher:/home/prez/ros2_ws/install/examples_rclpy_minimal_subscriber:/home/prez/ros2_ws/install/examples_rclpy_minimal_service:/home/prez/ros2_ws/install/examples_rclpy_minimal_publisher:/home/prez/ros2_ws/install/examples_rclpy_minimal_client:/home/prez/ros2_ws/install/examples_rclpy_minimal_action_server:/home/prez/ros2_ws/install/examples_rclpy_minimal_action_client:/home/prez/ros2_ws/install/examples_rclpy_guard_conditions:/home/prez/ros2_ws/install/examples_rclpy_executors:/opt/ros/humble /usr/bin/cmake --build /home/prez/git/humble-lidar/build/rplidar_ros -- -j4 -l4
[13.577s] DEBUG:colcon.colcon_core.event_handler.log_command:Invoked command in '/home/prez/git/humble-lidar/build/rplidar_ros' returned '0': CMAKE_PREFIX_PATH=${CMAKE_PREFIX_PATH}:/home/prez/git/c++lidar-project/install/py_pubsub:/home/prez/git/c++lidar-project/install/motor_package:/home/prez/git/c++lidar-project/install/ir_package:/home/prez/ros2_ws/install/py_pubsub:/home/prez/ros2_ws/install/my_package:/home/prez/ros2_ws/install/launch_testing_examples:/home/prez/ros2_ws/install/examples_rclpy_pointcloud_publisher:/home/prez/ros2_ws/install/examples_rclpy_minimal_subscriber:/home/prez/ros2_ws/install/examples_rclpy_minimal_service:/home/prez/ros2_ws/install/examples_rclpy_minimal_publisher:/home/prez/ros2_ws/install/examples_rclpy_minimal_client:/home/prez/ros2_ws/install/examples_rclpy_minimal_action_server:/home/prez/ros2_ws/install/examples_rclpy_minimal_action_client:/home/prez/ros2_ws/install/examples_rclpy_guard_conditions:/home/prez/ros2_ws/install/examples_rclpy_executors:/opt/ros/humble /usr/bin/cmake --build /home/prez/git/humble-lidar/build/rplidar_ros -- -j4 -l4
[14.688s] DEBUG:colcon.colcon_core.event_handler.log_command:Invoking command in '/home/prez/git/humble-lidar/build/rplidar_ros': CMAKE_PREFIX_PATH=${CMAKE_PREFIX_PATH}:/home/prez/git/c++lidar-project/install/py_pubsub:/home/prez/git/c++lidar-project/install/motor_package:/home/prez/git/c++lidar-project/install/ir_package:/home/prez/ros2_ws/install/py_pubsub:/home/prez/ros2_ws/install/my_package:/home/prez/ros2_ws/install/launch_testing_examples:/home/prez/ros2_ws/install/examples_rclpy_pointcloud_publisher:/home/prez/ros2_ws/install/examples_rclpy_minimal_subscriber:/home/prez/ros2_ws/install/examples_rclpy_minimal_service:/home/prez/ros2_ws/install/examples_rclpy_minimal_publisher:/home/prez/ros2_ws/install/examples_rclpy_minimal_client:/home/prez/ros2_ws/install/examples_rclpy_minimal_action_server:/home/prez/ros2_ws/install/examples_rclpy_minimal_action_client:/home/prez/ros2_ws/install/examples_rclpy_guard_conditions:/home/prez/ros2_ws/install/examples_rclpy_executors:/opt/ros/humble /usr/bin/cmake --install /home/prez/git/humble-lidar/build/rplidar_ros
[15.078s] Level 1:colcon.colcon_core.environment:create_environment_scripts_only(rplidar_ros)
[15.096s] DEBUG:colcon.colcon_core.event_handler.log_command:Invoked command in '/home/prez/git/humble-lidar/build/rplidar_ros' returned '0': CMAKE_PREFIX_PATH=${CMAKE_PREFIX_PATH}:/home/prez/git/c++lidar-project/install/py_pubsub:/home/prez/git/c++lidar-project/install/motor_package:/home/prez/git/c++lidar-project/install/ir_package:/home/prez/ros2_ws/install/py_pubsub:/home/prez/ros2_ws/install/my_package:/home/prez/ros2_ws/install/launch_testing_examples:/home/prez/ros2_ws/install/examples_rclpy_pointcloud_publisher:/home/prez/ros2_ws/install/examples_rclpy_minimal_subscriber:/home/prez/ros2_ws/install/examples_rclpy_minimal_service:/home/prez/ros2_ws/install/examples_rclpy_minimal_publisher:/home/prez/ros2_ws/install/examples_rclpy_minimal_client:/home/prez/ros2_ws/install/examples_rclpy_minimal_action_server:/home/prez/ros2_ws/install/examples_rclpy_minimal_action_client:/home/prez/ros2_ws/install/examples_rclpy_guard_conditions:/home/prez/ros2_ws/install/examples_rclpy_executors:/opt/ros/humble /usr/bin/cmake --install /home/prez/git/humble-lidar/build/rplidar_ros
[15.371s] Level 1:colcon.colcon_core.environment:checking '/home/prez/git/humble-lidar/install/rplidar_ros' for CMake module files
[15.383s] Level 1:colcon.colcon_core.environment:checking '/home/prez/git/humble-lidar/install/rplidar_ros' for CMake config files
[15.397s] Level 1:colcon.colcon_core.shell:create_environment_hook('rplidar_ros', 'cmake_prefix_path')
[15.565s] INFO:colcon.colcon_core.shell:Creating environment hook '/home/prez/git/humble-lidar/install/rplidar_ros/share/rplidar_ros/hook/cmake_prefix_path.ps1'
[15.568s] INFO:colcon.colcon_core.shell:Creating environment descriptor '/home/prez/git/humble-lidar/install/rplidar_ros/share/rplidar_ros/hook/cmake_prefix_path.dsv'
[15.579s] INFO:colcon.colcon_core.shell:Creating environment hook '/home/prez/git/humble-lidar/install/rplidar_ros/share/rplidar_ros/hook/cmake_prefix_path.sh'
[15.592s] Level 1:colcon.colcon_core.environment:checking '/home/prez/git/humble-lidar/install/rplidar_ros/lib'
[15.596s] Level 1:colcon.colcon_core.shell:create_environment_hook('rplidar_ros', 'ld_library_path_lib')
[15.892s] INFO:colcon.colcon_core.shell:Creating environment hook '/home/prez/git/humble-lidar/install/rplidar_ros/share/rplidar_ros/hook/ld_library_path_lib.ps1'
[15.901s] INFO:colcon.colcon_core.shell:Creating environment descriptor '/home/prez/git/humble-lidar/install/rplidar_ros/share/rplidar_ros/hook/ld_library_path_lib.dsv'
[15.909s] INFO:colcon.colcon_core.shell:Creating environment hook '/home/prez/git/humble-lidar/install/rplidar_ros/share/rplidar_ros/hook/ld_library_path_lib.sh'
[15.914s] Level 1:colcon.colcon_core.environment:checking '/home/prez/git/humble-lidar/install/rplidar_ros/bin'
[15.915s] Level 1:colcon.colcon_core.environment:checking '/home/prez/git/humble-lidar/install/rplidar_ros/lib/pkgconfig/rplidar_ros.pc'
[15.919s] Level 1:colcon.colcon_core.environment:checking '/home/prez/git/humble-lidar/install/rplidar_ros/lib/python3.10/site-packages'
[15.921s] Level 1:colcon.colcon_core.environment:checking '/home/prez/git/humble-lidar/install/rplidar_ros/bin'
[16.212s] INFO:colcon.colcon_core.shell:Creating package script '/home/prez/git/humble-lidar/install/rplidar_ros/share/rplidar_ros/package.ps1'
[16.227s] INFO:colcon.colcon_core.shell:Creating package descriptor '/home/prez/git/humble-lidar/install/rplidar_ros/share/rplidar_ros/package.dsv'
[16.243s] INFO:colcon.colcon_core.shell:Creating package script '/home/prez/git/humble-lidar/install/rplidar_ros/share/rplidar_ros/package.sh'
[16.274s] INFO:colcon.colcon_core.shell:Creating package script '/home/prez/git/humble-lidar/install/rplidar_ros/share/rplidar_ros/package.bash'
[16.293s] INFO:colcon.colcon_core.shell:Creating package script '/home/prez/git/humble-lidar/install/rplidar_ros/share/rplidar_ros/package.zsh'
[16.310s] Level 1:colcon.colcon_core.environment:create_file_with_runtime_dependencies(/home/prez/git/humble-lidar/install/rplidar_ros/share/colcon-core/packages/rplidar_ros)
[17.579s] Level 1:colcon.colcon_core.environment:create_environment_scripts_only(rplidar_ros)
[17.893s] Level 1:colcon.colcon_core.environment:checking '/home/prez/git/humble-lidar/install/rplidar_ros' for CMake module files
[17.905s] Level 1:colcon.colcon_core.environment:checking '/home/prez/git/humble-lidar/install/rplidar_ros' for CMake config files
[17.922s] Level 1:colcon.colcon_core.shell:create_environment_hook('rplidar_ros', 'cmake_prefix_path')
[18.342s] INFO:colcon.colcon_core.shell:Creating environment hook '/home/prez/git/humble-lidar/install/rplidar_ros/share/rplidar_ros/hook/cmake_prefix_path.ps1'
[18.349s] INFO:colcon.colcon_core.shell:Creating environment descriptor '/home/prez/git/humble-lidar/install/rplidar_ros/share/rplidar_ros/hook/cmake_prefix_path.dsv'
[18.357s] INFO:colcon.colcon_core.shell:Creating environment hook '/home/prez/git/humble-lidar/install/rplidar_ros/share/rplidar_ros/hook/cmake_prefix_path.sh'
[18.367s] Level 1:colcon.colcon_core.environment:checking '/home/prez/git/humble-lidar/install/rplidar_ros/lib'
[18.369s] Level 1:colcon.colcon_core.shell:create_environment_hook('rplidar_ros', 'ld_library_path_lib')
[18.750s] INFO:colcon.colcon_core.shell:Creating environment hook '/home/prez/git/humble-lidar/install/rplidar_ros/share/rplidar_ros/hook/ld_library_path_lib.ps1'
[18.758s] INFO:colcon.colcon_core.shell:Creating environment descriptor '/home/prez/git/humble-lidar/install/rplidar_ros/share/rplidar_ros/hook/ld_library_path_lib.dsv'
[18.765s] INFO:colcon.colcon_core.shell:Creating environment hook '/home/prez/git/humble-lidar/install/rplidar_ros/share/rplidar_ros/hook/ld_library_path_lib.sh'
[18.772s] Level 1:colcon.colcon_core.environment:checking '/home/prez/git/humble-lidar/install/rplidar_ros/bin'
[18.774s] Level 1:colcon.colcon_core.environment:checking '/home/prez/git/humble-lidar/install/rplidar_ros/lib/pkgconfig/rplidar_ros.pc'
[18.777s] Level 1:colcon.colcon_core.environment:checking '/home/prez/git/humble-lidar/install/rplidar_ros/lib/python3.10/site-packages'
[18.780s] Level 1:colcon.colcon_core.environment:checking '/home/prez/git/humble-lidar/install/rplidar_ros/bin'
[18.942s] INFO:colcon.colcon_core.shell:Creating package script '/home/prez/git/humble-lidar/install/rplidar_ros/share/rplidar_ros/package.ps1'
[18.945s] INFO:colcon.colcon_core.shell:Creating package descriptor '/home/prez/git/humble-lidar/install/rplidar_ros/share/rplidar_ros/package.dsv'
[18.949s] INFO:colcon.colcon_core.shell:Creating package script '/home/prez/git/humble-lidar/install/rplidar_ros/share/rplidar_ros/package.sh'
[18.951s] INFO:colcon.colcon_core.shell:Creating package script '/home/prez/git/humble-lidar/install/rplidar_ros/share/rplidar_ros/package.bash'
[18.954s] INFO:colcon.colcon_core.shell:Creating package script '/home/prez/git/humble-lidar/install/rplidar_ros/share/rplidar_ros/package.zsh'
[18.957s] Level 1:colcon.colcon_core.environment:create_file_with_runtime_dependencies(/home/prez/git/humble-lidar/install/rplidar_ros/share/colcon-core/packages/rplidar_ros)
[69.948s] DEBUG:colcon.colcon_core.event_handler.log_command:Invoked command in '/home/prez/git/humble-lidar/build/cplusplus_laser_map' returned '0': CMAKE_PREFIX_PATH=${CMAKE_PREFIX_PATH}:/home/prez/git/c++lidar-project/install/py_pubsub:/home/prez/git/c++lidar-project/install/motor_package:/home/prez/git/c++lidar-project/install/ir_package:/home/prez/ros2_ws/install/py_pubsub:/home/prez/ros2_ws/install/my_package:/home/prez/ros2_ws/install/launch_testing_examples:/home/prez/ros2_ws/install/examples_rclpy_pointcloud_publisher:/home/prez/ros2_ws/install/examples_rclpy_minimal_subscriber:/home/prez/ros2_ws/install/examples_rclpy_minimal_service:/home/prez/ros2_ws/install/examples_rclpy_minimal_publisher:/home/prez/ros2_ws/install/examples_rclpy_minimal_client:/home/prez/ros2_ws/install/examples_rclpy_minimal_action_server:/home/prez/ros2_ws/install/examples_rclpy_minimal_action_client:/home/prez/ros2_ws/install/examples_rclpy_guard_conditions:/home/prez/ros2_ws/install/examples_rclpy_executors:/opt/ros/humble /usr/bin/cmake --build /home/prez/git/humble-lidar/build/cplusplus_laser_map -- -j4 -l4
[70.216s] DEBUG:colcon.colcon_core.event_handler.log_command:Invoking command in '/home/prez/git/humble-lidar/build/cplusplus_laser_map': CMAKE_PREFIX_PATH=${CMAKE_PREFIX_PATH}:/home/prez/git/c++lidar-project/install/py_pubsub:/home/prez/git/c++lidar-project/install/motor_package:/home/prez/git/c++lidar-project/install/ir_package:/home/prez/ros2_ws/install/py_pubsub:/home/prez/ros2_ws/install/my_package:/home/prez/ros2_ws/install/launch_testing_examples:/home/prez/ros2_ws/install/examples_rclpy_pointcloud_publisher:/home/prez/ros2_ws/install/examples_rclpy_minimal_subscriber:/home/prez/ros2_ws/install/examples_rclpy_minimal_service:/home/prez/ros2_ws/install/examples_rclpy_minimal_publisher:/home/prez/ros2_ws/install/examples_rclpy_minimal_client:/home/prez/ros2_ws/install/examples_rclpy_minimal_action_server:/home/prez/ros2_ws/install/examples_rclpy_minimal_action_client:/home/prez/ros2_ws/install/examples_rclpy_guard_conditions:/home/prez/ros2_ws/install/examples_rclpy_executors:/opt/ros/humble /usr/bin/cmake --install /home/prez/git/humble-lidar/build/cplusplus_laser_map
[70.358s] Level 1:colcon.colcon_core.environment:create_environment_scripts_only(cplusplus_laser_map)
[70.362s] DEBUG:colcon.colcon_core.event_handler.log_command:Invoked command in '/home/prez/git/humble-lidar/build/cplusplus_laser_map' returned '0': CMAKE_PREFIX_PATH=${CMAKE_PREFIX_PATH}:/home/prez/git/c++lidar-project/install/py_pubsub:/home/prez/git/c++lidar-project/install/motor_package:/home/prez/git/c++lidar-project/install/ir_package:/home/prez/ros2_ws/install/py_pubsub:/home/prez/ros2_ws/install/my_package:/home/prez/ros2_ws/install/launch_testing_examples:/home/prez/ros2_ws/install/examples_rclpy_pointcloud_publisher:/home/prez/ros2_ws/install/examples_rclpy_minimal_subscriber:/home/prez/ros2_ws/install/examples_rclpy_minimal_service:/home/prez/ros2_ws/install/examples_rclpy_minimal_publisher:/home/prez/ros2_ws/install/examples_rclpy_minimal_client:/home/prez/ros2_ws/install/examples_rclpy_minimal_action_server:/home/prez/ros2_ws/install/examples_rclpy_minimal_action_client:/home/prez/ros2_ws/install/examples_rclpy_guard_conditions:/home/prez/ros2_ws/install/examples_rclpy_executors:/opt/ros/humble /usr/bin/cmake --install /home/prez/git/humble-lidar/build/cplusplus_laser_map
[70.620s] Level 1:colcon.colcon_core.environment:checking '/home/prez/git/humble-lidar/install/cplusplus_laser_map' for CMake module files
[70.628s] Level 1:colcon.colcon_core.environment:checking '/home/prez/git/humble-lidar/install/cplusplus_laser_map' for CMake config files
[70.634s] Level 1:colcon.colcon_core.shell:create_environment_hook('cplusplus_laser_map', 'cmake_prefix_path')
[70.874s] INFO:colcon.colcon_core.shell:Creating environment hook '/home/prez/git/humble-lidar/install/cplusplus_laser_map/share/cplusplus_laser_map/hook/cmake_prefix_path.ps1'
[70.879s] INFO:colcon.colcon_core.shell:Creating environment descriptor '/home/prez/git/humble-lidar/install/cplusplus_laser_map/share/cplusplus_laser_map/hook/cmake_prefix_path.dsv'
[70.884s] INFO:colcon.colcon_core.shell:Creating environment hook '/home/prez/git/humble-lidar/install/cplusplus_laser_map/share/cplusplus_laser_map/hook/cmake_prefix_path.sh'
[70.892s] Level 1:colcon.colcon_core.environment:checking '/home/prez/git/humble-lidar/install/cplusplus_laser_map/lib'
[70.893s] Level 1:colcon.colcon_core.environment:checking '/home/prez/git/humble-lidar/install/cplusplus_laser_map/bin'
[70.894s] Level 1:colcon.colcon_core.environment:checking '/home/prez/git/humble-lidar/install/cplusplus_laser_map/lib/pkgconfig/cplusplus_laser_map.pc'
[70.897s] Level 1:colcon.colcon_core.environment:checking '/home/prez/git/humble-lidar/install/cplusplus_laser_map/lib/python3.10/site-packages'
[70.900s] Level 1:colcon.colcon_core.environment:checking '/home/prez/git/humble-lidar/install/cplusplus_laser_map/bin'
[71.143s] INFO:colcon.colcon_core.shell:Creating package script '/home/prez/git/humble-lidar/install/cplusplus_laser_map/share/cplusplus_laser_map/package.ps1'
[71.150s] INFO:colcon.colcon_core.shell:Creating package descriptor '/home/prez/git/humble-lidar/install/cplusplus_laser_map/share/cplusplus_laser_map/package.dsv'
[71.155s] INFO:colcon.colcon_core.shell:Creating package script '/home/prez/git/humble-lidar/install/cplusplus_laser_map/share/cplusplus_laser_map/package.sh'
[71.161s] INFO:colcon.colcon_core.shell:Creating package script '/home/prez/git/humble-lidar/install/cplusplus_laser_map/share/cplusplus_laser_map/package.bash'
[71.165s] INFO:colcon.colcon_core.shell:Creating package script '/home/prez/git/humble-lidar/install/cplusplus_laser_map/share/cplusplus_laser_map/package.zsh'
[71.170s] Level 1:colcon.colcon_core.environment:create_file_with_runtime_dependencies(/home/prez/git/humble-lidar/install/cplusplus_laser_map/share/colcon-core/packages/cplusplus_laser_map)
[71.539s] Level 1:colcon.colcon_core.environment:create_environment_scripts_only(cplusplus_laser_map)
[71.611s] Level 1:colcon.colcon_core.environment:checking '/home/prez/git/humble-lidar/install/cplusplus_laser_map' for CMake module files
[71.614s] Level 1:colcon.colcon_core.environment:checking '/home/prez/git/humble-lidar/install/cplusplus_laser_map' for CMake config files
[71.616s] Level 1:colcon.colcon_core.shell:create_environment_hook('cplusplus_laser_map', 'cmake_prefix_path')
[71.683s] INFO:colcon.colcon_core.shell:Creating environment hook '/home/prez/git/humble-lidar/install/cplusplus_laser_map/share/cplusplus_laser_map/hook/cmake_prefix_path.ps1'
[71.685s] INFO:colcon.colcon_core.shell:Creating environment descriptor '/home/prez/git/humble-lidar/install/cplusplus_laser_map/share/cplusplus_laser_map/hook/cmake_prefix_path.dsv'
[71.687s] INFO:colcon.colcon_core.shell:Creating environment hook '/home/prez/git/humble-lidar/install/cplusplus_laser_map/share/cplusplus_laser_map/hook/cmake_prefix_path.sh'
[71.690s] Level 1:colcon.colcon_core.environment:checking '/home/prez/git/humble-lidar/install/cplusplus_laser_map/lib'
[71.690s] Level 1:colcon.colcon_core.environment:checking '/home/prez/git/humble-lidar/install/cplusplus_laser_map/bin'
[71.691s] Level 1:colcon.colcon_core.environment:checking '/home/prez/git/humble-lidar/install/cplusplus_laser_map/lib/pkgconfig/cplusplus_laser_map.pc'
[71.691s] Level 1:colcon.colcon_core.environment:checking '/home/prez/git/humble-lidar/install/cplusplus_laser_map/lib/python3.10/site-packages'
[71.692s] Level 1:colcon.colcon_core.environment:checking '/home/prez/git/humble-lidar/install/cplusplus_laser_map/bin'
[71.760s] INFO:colcon.colcon_core.shell:Creating package script '/home/prez/git/humble-lidar/install/cplusplus_laser_map/share/cplusplus_laser_map/package.ps1'
[71.762s] INFO:colcon.colcon_core.shell:Creating package descriptor '/home/prez/git/humble-lidar/install/cplusplus_laser_map/share/cplusplus_laser_map/package.dsv'
[71.765s] INFO:colcon.colcon_core.shell:Creating package script '/home/prez/git/humble-lidar/install/cplusplus_laser_map/share/cplusplus_laser_map/package.sh'
[71.767s] INFO:colcon.colcon_core.shell:Creating package script '/home/prez/git/humble-lidar/install/cplusplus_laser_map/share/cplusplus_laser_map/package.bash'
[71.769s] INFO:colcon.colcon_core.shell:Creating package script '/home/prez/git/humble-lidar/install/cplusplus_laser_map/share/cplusplus_laser_map/package.zsh'
[71.771s] Level 1:colcon.colcon_core.environment:create_file_with_runtime_dependencies(/home/prez/git/humble-lidar/install/cplusplus_laser_map/share/colcon-core/packages/cplusplus_laser_map)
[71.772s] DEBUG:colcon.colcon_parallel_executor.executor.parallel:closing loop
[71.774s] DEBUG:colcon.colcon_parallel_executor.executor.parallel:loop closed
[71.774s] DEBUG:colcon.colcon_parallel_executor.executor.parallel:run_until_complete finished with '0'
[71.775s] DEBUG:colcon.colcon_core.event_reactor:joining thread
[71.871s] INFO:colcon.colcon_core.plugin_system:Skipping extension 'colcon_notification.desktop_notification.terminal_notifier': Not used on non-Darwin systems
[71.871s] INFO:colcon.colcon_core.plugin_system:Skipping extension 'colcon_notification.desktop_notification.win32': Not used on non-Windows systems
[71.872s] INFO:colcon.colcon_notification.desktop_notification:Sending desktop notification using 'notify2'
[71.924s] DEBUG:colcon.colcon_core.event_reactor:joined thread
[72.114s] INFO:colcon.colcon_core.shell:Creating prefix script '/home/prez/git/humble-lidar/install/local_setup.ps1'
[72.123s] INFO:colcon.colcon_core.shell:Creating prefix util module '/home/prez/git/humble-lidar/install/_local_setup_util_ps1.py'
[72.138s] INFO:colcon.colcon_core.shell:Creating prefix chain script '/home/prez/git/humble-lidar/install/setup.ps1'
[72.391s] INFO:colcon.colcon_core.shell:Creating prefix script '/home/prez/git/humble-lidar/install/local_setup.sh'
[72.397s] INFO:colcon.colcon_core.shell:Creating prefix util module '/home/prez/git/humble-lidar/install/_local_setup_util_sh.py'
[72.403s] INFO:colcon.colcon_core.shell:Creating prefix chain script '/home/prez/git/humble-lidar/install/setup.sh'
[72.700s] INFO:colcon.colcon_core.shell:Creating prefix script '/home/prez/git/humble-lidar/install/local_setup.bash'
[72.707s] INFO:colcon.colcon_core.shell:Creating prefix chain script '/home/prez/git/humble-lidar/install/setup.bash'
[73.201s] INFO:colcon.colcon_core.shell:Creating prefix script '/home/prez/git/humble-lidar/install/local_setup.zsh'
[73.208s] INFO:colcon.colcon_core.shell:Creating prefix chain script '/home/prez/git/humble-lidar/install/setup.zsh'
