[4.526s] DEBUG:colcon:Command line arguments: ['/usr/bin/colcon', 'build']
[4.526s] DEBUG:colcon:Parsed command line arguments: Namespace(log_base=None, log_level=None, verb_name='build', build_base='build', install_base='install', merge_install=False, symlink_install=False, test_result_base=None, continue_on_error=False, executor='parallel', parallel_workers=4, event_handlers=None, ignore_user_meta=False, metas=['./colcon.meta'], base_paths=['.'], packages_ignore=None, packages_ignore_regex=None, paths=None, packages_up_to=None, packages_up_to_regex=None, packages_above=None, packages_above_and_dependencies=None, packages_above_depth=None, packages_select_by_dep=None, packages_skip_by_dep=None, packages_skip_up_to=None, packages_select_build_failed=False, packages_skip_build_finished=False, packages_select_test_failures=False, packages_skip_test_passed=False, packages_select=None, packages_skip=None, packages_select_regex=None, packages_skip_regex=None, packages_start=None, packages_end=None, allow_overriding=[], cmake_args=None, cmake_target=None, cmake_target_skip_unavailable=False, cmake_clean_cache=False, cmake_clean_first=False, cmake_force_configure=False, ament_cmake_args=None, catkin_cmake_args=None, catkin_skip_building_tests=False, verb_parser=<colcon_defaults.argument_parser.defaults.DefaultArgumentsDecorator object at 0xffff83a28b50>, verb_extension=<colcon_core.verb.build.BuildVerb object at 0xffff83f99ed0>, main=<bound method BuildVerb.main of <colcon_core.verb.build.BuildVerb object at 0xffff83f99ed0>>)
[4.843s] Level 1:colcon.colcon_core.package_discovery:discover_packages(colcon_meta) check parameters
[4.844s] Level 1:colcon.colcon_core.package_discovery:discover_packages(recursive) check parameters
[4.844s] Level 1:colcon.colcon_core.package_discovery:discover_packages(ignore) check parameters
[4.844s] Level 1:colcon.colcon_core.package_discovery:discover_packages(path) check parameters
[4.844s] Level 1:colcon.colcon_core.package_discovery:discover_packages(colcon_meta) discover
[4.845s] Level 1:colcon.colcon_core.package_discovery:discover_packages(recursive) discover
[4.845s] INFO:colcon.colcon_core.package_discovery:Crawling recursively for packages in '/home/prez/git/humble-lidar'
[4.846s] Level 1:colcon.colcon_core.package_identification:_identify(.) by extensions ['ignore', 'ignore_ament_install']
[4.846s] Level 1:colcon.colcon_core.package_identification:_identify(.) by extension 'ignore'
[4.846s] Level 1:colcon.colcon_core.package_identification:_identify(.) by extension 'ignore_ament_install'
[4.847s] Level 1:colcon.colcon_core.package_identification:_identify(.) by extensions ['colcon_pkg']
[4.847s] Level 1:colcon.colcon_core.package_identification:_identify(.) by extension 'colcon_pkg'
[4.847s] Level 1:colcon.colcon_core.package_identification:_identify(.) by extensions ['colcon_meta']
[4.847s] Level 1:colcon.colcon_core.package_identification:_identify(.) by extension 'colcon_meta'
[4.847s] Level 1:colcon.colcon_core.package_identification:_identify(.) by extensions ['ros']
[4.847s] Level 1:colcon.colcon_core.package_identification:_identify(.) by extension 'ros'
[4.907s] Level 1:colcon.colcon_core.package_identification:_identify(.) by extensions ['cmake', 'python']
[4.907s] Level 1:colcon.colcon_core.package_identification:_identify(.) by extension 'cmake'
[4.908s] Level 1:colcon.colcon_core.package_identification:_identify(.) by extension 'python'
[4.908s] Level 1:colcon.colcon_core.package_identification:_identify(.) by extensions ['python_setup_py']
[4.908s] Level 1:colcon.colcon_core.package_identification:_identify(.) by extension 'python_setup_py'
[4.908s] Level 1:colcon.colcon_core.package_identification:_identify(build) by extensions ['ignore', 'ignore_ament_install']
[4.909s] Level 1:colcon.colcon_core.package_identification:_identify(build) by extension 'ignore'
[4.909s] Level 1:colcon.colcon_core.package_identification:_identify(build) ignored
[4.910s] Level 1:colcon.colcon_core.package_identification:_identify(install) by extensions ['ignore', 'ignore_ament_install']
[4.910s] Level 1:colcon.colcon_core.package_identification:_identify(install) by extension 'ignore'
[4.910s] Level 1:colcon.colcon_core.package_identification:_identify(install) ignored
[4.911s] Level 1:colcon.colcon_core.package_identification:_identify(log) by extensions ['ignore', 'ignore_ament_install']
[4.911s] Level 1:colcon.colcon_core.package_identification:_identify(log) by extension 'ignore'
[4.912s] Level 1:colcon.colcon_core.package_identification:_identify(log) ignored
[4.912s] Level 1:colcon.colcon_core.package_identification:_identify(src) by extensions ['ignore', 'ignore_ament_install']
[4.912s] Level 1:colcon.colcon_core.package_identification:_identify(src) by extension 'ignore'
[4.913s] Level 1:colcon.colcon_core.package_identification:_identify(src) by extension 'ignore_ament_install'
[4.913s] Level 1:colcon.colcon_core.package_identification:_identify(src) by extensions ['colcon_pkg']
[4.913s] Level 1:colcon.colcon_core.package_identification:_identify(src) by extension 'colcon_pkg'
[4.913s] Level 1:colcon.colcon_core.package_identification:_identify(src) by extensions ['colcon_meta']
[4.913s] Level 1:colcon.colcon_core.package_identification:_identify(src) by extension 'colcon_meta'
[4.913s] Level 1:colcon.colcon_core.package_identification:_identify(src) by extensions ['ros']
[4.914s] Level 1:colcon.colcon_core.package_identification:_identify(src) by extension 'ros'
[4.914s] Level 1:colcon.colcon_core.package_identification:_identify(src) by extensions ['cmake', 'python']
[4.914s] Level 1:colcon.colcon_core.package_identification:_identify(src) by extension 'cmake'
[4.914s] Level 1:colcon.colcon_core.package_identification:_identify(src) by extension 'python'
[4.914s] Level 1:colcon.colcon_core.package_identification:_identify(src) by extensions ['python_setup_py']
[4.915s] Level 1:colcon.colcon_core.package_identification:_identify(src) by extension 'python_setup_py'
[4.915s] Level 1:colcon.colcon_core.package_identification:_identify(src/cplusplus_laser_map) by extensions ['ignore', 'ignore_ament_install']
[4.916s] Level 1:colcon.colcon_core.package_identification:_identify(src/cplusplus_laser_map) by extension 'ignore'
[4.916s] Level 1:colcon.colcon_core.package_identification:_identify(src/cplusplus_laser_map) by extension 'ignore_ament_install'
[4.917s] Level 1:colcon.colcon_core.package_identification:_identify(src/cplusplus_laser_map) by extensions ['colcon_pkg']
[4.917s] Level 1:colcon.colcon_core.package_identification:_identify(src/cplusplus_laser_map) by extension 'colcon_pkg'
[4.917s] Level 1:colcon.colcon_core.package_identification:_identify(src/cplusplus_laser_map) by extensions ['colcon_meta']
[4.918s] Level 1:colcon.colcon_core.package_identification:_identify(src/cplusplus_laser_map) by extension 'colcon_meta'
[4.918s] Level 1:colcon.colcon_core.package_identification:_identify(src/cplusplus_laser_map) by extensions ['ros']
[4.918s] Level 1:colcon.colcon_core.package_identification:_identify(src/cplusplus_laser_map) by extension 'ros'
[4.927s] DEBUG:colcon.colcon_core.package_identification:Package 'src/cplusplus_laser_map' with type 'ros.ament_cmake' and name 'cplusplus_laser_map'
[4.928s] Level 1:colcon.colcon_core.package_identification:_identify(src/rplidar_ros2) by extensions ['ignore', 'ignore_ament_install']
[4.928s] Level 1:colcon.colcon_core.package_identification:_identify(src/rplidar_ros2) by extension 'ignore'
[4.928s] Level 1:colcon.colcon_core.package_identification:_identify(src/rplidar_ros2) by extension 'ignore_ament_install'
[4.929s] Level 1:colcon.colcon_core.package_identification:_identify(src/rplidar_ros2) by extensions ['colcon_pkg']
[4.929s] Level 1:colcon.colcon_core.package_identification:_identify(src/rplidar_ros2) by extension 'colcon_pkg'
[4.929s] Level 1:colcon.colcon_core.package_identification:_identify(src/rplidar_ros2) by extensions ['colcon_meta']
[4.929s] Level 1:colcon.colcon_core.package_identification:_identify(src/rplidar_ros2) by extension 'colcon_meta'
[4.930s] Level 1:colcon.colcon_core.package_identification:_identify(src/rplidar_ros2) by extensions ['ros']
[4.930s] Level 1:colcon.colcon_core.package_identification:_identify(src/rplidar_ros2) by extension 'ros'
[4.936s] DEBUG:colcon.colcon_core.package_identification:Package 'src/rplidar_ros2' with type 'ros.ament_cmake' and name 'rplidar_ros'
[4.937s] Level 1:colcon.colcon_core.package_discovery:discover_packages(recursive) using defaults
[4.937s] Level 1:colcon.colcon_core.package_discovery:discover_packages(ignore) discover
[4.937s] Level 1:colcon.colcon_core.package_discovery:discover_packages(ignore) using defaults
[4.937s] Level 1:colcon.colcon_core.package_discovery:discover_packages(path) discover
[4.937s] Level 1:colcon.colcon_core.package_discovery:discover_packages(path) using defaults
[5.363s] Level 1:colcon.colcon_core.package_discovery:discover_packages(prefix_path) check parameters
[5.363s] Level 1:colcon.colcon_core.package_discovery:discover_packages(prefix_path) discover
[5.512s] DEBUG:colcon.colcon_installed_package_information.package_discovery:Found 2 installed packages in /home/prez/git/humble-lidar/install
[5.577s] DEBUG:colcon.colcon_installed_package_information.package_discovery:Found 1 installed packages in /home/prez/git/lidar/install
[5.643s] DEBUG:colcon.colcon_installed_package_information.package_discovery:Found 5 installed packages in /home/prez/git/c++lidar-project/install
[5.725s] DEBUG:colcon.colcon_installed_package_information.package_discovery:Found 26 installed packages in /home/prez/ros2_ws/install
[5.799s] DEBUG:colcon.colcon_installed_package_information.package_discovery:Found 284 installed packages in /opt/ros/humble
[5.810s] Level 1:colcon.colcon_core.package_discovery:discover_packages(prefix_path) using defaults
[6.170s] Level 5:colcon.colcon_core.verb:set package 'cplusplus_laser_map' build argument 'cmake_args' from command line to 'None'
[6.171s] Level 5:colcon.colcon_core.verb:set package 'cplusplus_laser_map' build argument 'cmake_target' from command line to 'None'
[6.171s] Level 5:colcon.colcon_core.verb:set package 'cplusplus_laser_map' build argument 'cmake_target_skip_unavailable' from command line to 'False'
[6.171s] Level 5:colcon.colcon_core.verb:set package 'cplusplus_laser_map' build argument 'cmake_clean_cache' from command line to 'False'
[6.171s] Level 5:colcon.colcon_core.verb:set package 'cplusplus_laser_map' build argument 'cmake_clean_first' from command line to 'False'
[6.171s] Level 5:colcon.colcon_core.verb:set package 'cplusplus_laser_map' build argument 'cmake_force_configure' from command line to 'False'
[6.171s] Level 5:colcon.colcon_core.verb:set package 'cplusplus_laser_map' build argument 'ament_cmake_args' from command line to 'None'
[6.171s] Level 5:colcon.colcon_core.verb:set package 'cplusplus_laser_map' build argument 'catkin_cmake_args' from command line to 'None'
[6.171s] Level 5:colcon.colcon_core.verb:set package 'cplusplus_laser_map' build argument 'catkin_skip_building_tests' from command line to 'False'
[6.172s] DEBUG:colcon.colcon_core.verb:Building package 'cplusplus_laser_map' with the following arguments: {'ament_cmake_args': None, 'build_base': '/home/prez/git/humble-lidar/build/cplusplus_laser_map', 'catkin_cmake_args': None, 'catkin_skip_building_tests': False, 'cmake_args': None, 'cmake_clean_cache': False, 'cmake_clean_first': False, 'cmake_force_configure': False, 'cmake_target': None, 'cmake_target_skip_unavailable': False, 'install_base': '/home/prez/git/humble-lidar/install/cplusplus_laser_map', 'merge_install': False, 'path': '/home/prez/git/humble-lidar/src/cplusplus_laser_map', 'symlink_install': False, 'test_result_base': None}
[6.237s] Level 5:colcon.colcon_core.verb:set package 'rplidar_ros' build argument 'cmake_args' from command line to 'None'
[6.237s] Level 5:colcon.colcon_core.verb:set package 'rplidar_ros' build argument 'cmake_target' from command line to 'None'
[6.237s] Level 5:colcon.colcon_core.verb:set package 'rplidar_ros' build argument 'cmake_target_skip_unavailable' from command line to 'False'
[6.237s] Level 5:colcon.colcon_core.verb:set package 'rplidar_ros' build argument 'cmake_clean_cache' from command line to 'False'
[6.237s] Level 5:colcon.colcon_core.verb:set package 'rplidar_ros' build argument 'cmake_clean_first' from command line to 'False'
[6.238s] Level 5:colcon.colcon_core.verb:set package 'rplidar_ros' build argument 'cmake_force_configure' from command line to 'False'
[6.238s] Level 5:colcon.colcon_core.verb:set package 'rplidar_ros' build argument 'ament_cmake_args' from command line to 'None'
[6.238s] Level 5:colcon.colcon_core.verb:set package 'rplidar_ros' build argument 'catkin_cmake_args' from command line to 'None'
[6.238s] Level 5:colcon.colcon_core.verb:set package 'rplidar_ros' build argument 'catkin_skip_building_tests' from command line to 'False'
[6.238s] DEBUG:colcon.colcon_core.verb:Building package 'rplidar_ros' with the following arguments: {'ament_cmake_args': None, 'build_base': '/home/prez/git/humble-lidar/build/rplidar_ros', 'catkin_cmake_args': None, 'catkin_skip_building_tests': False, 'cmake_args': None, 'cmake_clean_cache': False, 'cmake_clean_first': False, 'cmake_force_configure': False, 'cmake_target': None, 'cmake_target_skip_unavailable': False, 'install_base': '/home/prez/git/humble-lidar/install/rplidar_ros', 'merge_install': False, 'path': '/home/prez/git/humble-lidar/src/rplidar_ros2', 'symlink_install': False, 'test_result_base': None}
[6.306s] INFO:colcon.colcon_core.executor:Executing jobs using 'parallel' executor
[6.374s] DEBUG:colcon.colcon_parallel_executor.executor.parallel:run_until_complete
[6.375s] INFO:colcon.colcon_ros.task.ament_cmake.build:Building ROS package in '/home/prez/git/humble-lidar/src/cplusplus_laser_map' with build type 'ament_cmake'
[6.375s] INFO:colcon.colcon_cmake.task.cmake.build:Building CMake package in '/home/prez/git/humble-lidar/src/cplusplus_laser_map'
[6.452s] INFO:colcon.colcon_core.plugin_system:Skipping extension 'colcon_core.shell.bat': Not used on non-Windows systems
[6.453s] INFO:colcon.colcon_core.shell:Skip shell extension 'powershell' for command environment: Not usable outside of PowerShell
[6.454s] DEBUG:colcon.colcon_core.shell:Skip shell extension 'dsv' for command environment
[6.951s] INFO:colcon.colcon_ros.task.ament_cmake.build:Building ROS package in '/home/prez/git/humble-lidar/src/rplidar_ros2' with build type 'ament_cmake'
[6.951s] INFO:colcon.colcon_cmake.task.cmake.build:Building CMake package in '/home/prez/git/humble-lidar/src/rplidar_ros2'
[7.026s] INFO:colcon.colcon_core.shell:Skip shell extension 'powershell' for command environment: Not usable outside of PowerShell
[7.026s] DEBUG:colcon.colcon_core.shell:Skip shell extension 'dsv' for command environment
[7.511s] DEBUG:colcon.colcon_core.event_handler.log_command:Invoking command in '/home/prez/git/humble-lidar/build/cplusplus_laser_map': CMAKE_PREFIX_PATH=${CMAKE_PREFIX_PATH}:/home/prez/git/c++lidar-project/install/py_pubsub:/home/prez/git/c++lidar-project/install/motor_package:/home/prez/git/c++lidar-project/install/ir_package:/home/prez/ros2_ws/install/py_pubsub:/home/prez/ros2_ws/install/my_package:/home/prez/ros2_ws/install/launch_testing_examples:/home/prez/ros2_ws/install/examples_rclpy_pointcloud_publisher:/home/prez/ros2_ws/install/examples_rclpy_minimal_subscriber:/home/prez/ros2_ws/install/examples_rclpy_minimal_service:/home/prez/ros2_ws/install/examples_rclpy_minimal_publisher:/home/prez/ros2_ws/install/examples_rclpy_minimal_client:/home/prez/ros2_ws/install/examples_rclpy_minimal_action_server:/home/prez/ros2_ws/install/examples_rclpy_minimal_action_client:/home/prez/ros2_ws/install/examples_rclpy_guard_conditions:/home/prez/ros2_ws/install/examples_rclpy_executors:/opt/ros/humble /usr/bin/cmake --build /home/prez/git/humble-lidar/build/cplusplus_laser_map -- -j4 -l4
[7.516s] DEBUG:colcon.colcon_core.event_handler.log_command:Invoking command in '/home/prez/git/humble-lidar/build/rplidar_ros': CMAKE_PREFIX_PATH=${CMAKE_PREFIX_PATH}:/home/prez/git/c++lidar-project/install/py_pubsub:/home/prez/git/c++lidar-project/install/motor_package:/home/prez/git/c++lidar-project/install/ir_package:/home/prez/ros2_ws/install/py_pubsub:/home/prez/ros2_ws/install/my_package:/home/prez/ros2_ws/install/launch_testing_examples:/home/prez/ros2_ws/install/examples_rclpy_pointcloud_publisher:/home/prez/ros2_ws/install/examples_rclpy_minimal_subscriber:/home/prez/ros2_ws/install/examples_rclpy_minimal_service:/home/prez/ros2_ws/install/examples_rclpy_minimal_publisher:/home/prez/ros2_ws/install/examples_rclpy_minimal_client:/home/prez/ros2_ws/install/examples_rclpy_minimal_action_server:/home/prez/ros2_ws/install/examples_rclpy_minimal_action_client:/home/prez/ros2_ws/install/examples_rclpy_guard_conditions:/home/prez/ros2_ws/install/examples_rclpy_executors:/opt/ros/humble /usr/bin/cmake --build /home/prez/git/humble-lidar/build/rplidar_ros -- -j4 -l4
[9.030s] DEBUG:colcon.colcon_core.event_handler.log_command:Invoked command in '/home/prez/git/humble-lidar/build/rplidar_ros' returned '0': CMAKE_PREFIX_PATH=${CMAKE_PREFIX_PATH}:/home/prez/git/c++lidar-project/install/py_pubsub:/home/prez/git/c++lidar-project/install/motor_package:/home/prez/git/c++lidar-project/install/ir_package:/home/prez/ros2_ws/install/py_pubsub:/home/prez/ros2_ws/install/my_package:/home/prez/ros2_ws/install/launch_testing_examples:/home/prez/ros2_ws/install/examples_rclpy_pointcloud_publisher:/home/prez/ros2_ws/install/examples_rclpy_minimal_subscriber:/home/prez/ros2_ws/install/examples_rclpy_minimal_service:/home/prez/ros2_ws/install/examples_rclpy_minimal_publisher:/home/prez/ros2_ws/install/examples_rclpy_minimal_client:/home/prez/ros2_ws/install/examples_rclpy_minimal_action_server:/home/prez/ros2_ws/install/examples_rclpy_minimal_action_client:/home/prez/ros2_ws/install/examples_rclpy_guard_conditions:/home/prez/ros2_ws/install/examples_rclpy_executors:/opt/ros/humble /usr/bin/cmake --build /home/prez/git/humble-lidar/build/rplidar_ros -- -j4 -l4
[10.083s] DEBUG:colcon.colcon_core.event_handler.log_command:Invoking command in '/home/prez/git/humble-lidar/build/rplidar_ros': CMAKE_PREFIX_PATH=${CMAKE_PREFIX_PATH}:/home/prez/git/c++lidar-project/install/py_pubsub:/home/prez/git/c++lidar-project/install/motor_package:/home/prez/git/c++lidar-project/install/ir_package:/home/prez/ros2_ws/install/py_pubsub:/home/prez/ros2_ws/install/my_package:/home/prez/ros2_ws/install/launch_testing_examples:/home/prez/ros2_ws/install/examples_rclpy_pointcloud_publisher:/home/prez/ros2_ws/install/examples_rclpy_minimal_subscriber:/home/prez/ros2_ws/install/examples_rclpy_minimal_service:/home/prez/ros2_ws/install/examples_rclpy_minimal_publisher:/home/prez/ros2_ws/install/examples_rclpy_minimal_client:/home/prez/ros2_ws/install/examples_rclpy_minimal_action_server:/home/prez/ros2_ws/install/examples_rclpy_minimal_action_client:/home/prez/ros2_ws/install/examples_rclpy_guard_conditions:/home/prez/ros2_ws/install/examples_rclpy_executors:/opt/ros/humble /usr/bin/cmake --install /home/prez/git/humble-lidar/build/rplidar_ros
[10.458s] Level 1:colcon.colcon_core.environment:create_environment_scripts_only(rplidar_ros)
[10.465s] DEBUG:colcon.colcon_core.event_handler.log_command:Invoked command in '/home/prez/git/humble-lidar/build/rplidar_ros' returned '0': CMAKE_PREFIX_PATH=${CMAKE_PREFIX_PATH}:/home/prez/git/c++lidar-project/install/py_pubsub:/home/prez/git/c++lidar-project/install/motor_package:/home/prez/git/c++lidar-project/install/ir_package:/home/prez/ros2_ws/install/py_pubsub:/home/prez/ros2_ws/install/my_package:/home/prez/ros2_ws/install/launch_testing_examples:/home/prez/ros2_ws/install/examples_rclpy_pointcloud_publisher:/home/prez/ros2_ws/install/examples_rclpy_minimal_subscriber:/home/prez/ros2_ws/install/examples_rclpy_minimal_service:/home/prez/ros2_ws/install/examples_rclpy_minimal_publisher:/home/prez/ros2_ws/install/examples_rclpy_minimal_client:/home/prez/ros2_ws/install/examples_rclpy_minimal_action_server:/home/prez/ros2_ws/install/examples_rclpy_minimal_action_client:/home/prez/ros2_ws/install/examples_rclpy_guard_conditions:/home/prez/ros2_ws/install/examples_rclpy_executors:/opt/ros/humble /usr/bin/cmake --install /home/prez/git/humble-lidar/build/rplidar_ros
[10.784s] Level 1:colcon.colcon_core.environment:checking '/home/prez/git/humble-lidar/install/rplidar_ros' for CMake module files
[10.793s] Level 1:colcon.colcon_core.environment:checking '/home/prez/git/humble-lidar/install/rplidar_ros' for CMake config files
[10.806s] Level 1:colcon.colcon_core.shell:create_environment_hook('rplidar_ros', 'cmake_prefix_path')
[10.904s] INFO:colcon.colcon_core.shell:Creating environment hook '/home/prez/git/humble-lidar/install/rplidar_ros/share/rplidar_ros/hook/cmake_prefix_path.ps1'
[10.908s] INFO:colcon.colcon_core.shell:Creating environment descriptor '/home/prez/git/humble-lidar/install/rplidar_ros/share/rplidar_ros/hook/cmake_prefix_path.dsv'
[10.910s] INFO:colcon.colcon_core.shell:Creating environment hook '/home/prez/git/humble-lidar/install/rplidar_ros/share/rplidar_ros/hook/cmake_prefix_path.sh'
[10.915s] Level 1:colcon.colcon_core.environment:checking '/home/prez/git/humble-lidar/install/rplidar_ros/lib'
[10.916s] Level 1:colcon.colcon_core.shell:create_environment_hook('rplidar_ros', 'ld_library_path_lib')
[11.170s] INFO:colcon.colcon_core.shell:Creating environment hook '/home/prez/git/humble-lidar/install/rplidar_ros/share/rplidar_ros/hook/ld_library_path_lib.ps1'
[11.175s] INFO:colcon.colcon_core.shell:Creating environment descriptor '/home/prez/git/humble-lidar/install/rplidar_ros/share/rplidar_ros/hook/ld_library_path_lib.dsv'
[11.179s] INFO:colcon.colcon_core.shell:Creating environment hook '/home/prez/git/humble-lidar/install/rplidar_ros/share/rplidar_ros/hook/ld_library_path_lib.sh'
[11.184s] Level 1:colcon.colcon_core.environment:checking '/home/prez/git/humble-lidar/install/rplidar_ros/bin'
[11.185s] Level 1:colcon.colcon_core.environment:checking '/home/prez/git/humble-lidar/install/rplidar_ros/lib/pkgconfig/rplidar_ros.pc'
[11.188s] Level 1:colcon.colcon_core.environment:checking '/home/prez/git/humble-lidar/install/rplidar_ros/lib/python3.10/site-packages'
[11.190s] Level 1:colcon.colcon_core.environment:checking '/home/prez/git/humble-lidar/install/rplidar_ros/bin'
[11.415s] INFO:colcon.colcon_core.shell:Creating package script '/home/prez/git/humble-lidar/install/rplidar_ros/share/rplidar_ros/package.ps1'
[11.427s] INFO:colcon.colcon_core.shell:Creating package descriptor '/home/prez/git/humble-lidar/install/rplidar_ros/share/rplidar_ros/package.dsv'
[11.434s] INFO:colcon.colcon_core.shell:Creating package script '/home/prez/git/humble-lidar/install/rplidar_ros/share/rplidar_ros/package.sh'
[11.444s] INFO:colcon.colcon_core.shell:Creating package script '/home/prez/git/humble-lidar/install/rplidar_ros/share/rplidar_ros/package.bash'
[11.454s] INFO:colcon.colcon_core.shell:Creating package script '/home/prez/git/humble-lidar/install/rplidar_ros/share/rplidar_ros/package.zsh'
[11.463s] Level 1:colcon.colcon_core.environment:create_file_with_runtime_dependencies(/home/prez/git/humble-lidar/install/rplidar_ros/share/colcon-core/packages/rplidar_ros)
[12.572s] Level 1:colcon.colcon_core.environment:create_environment_scripts_only(rplidar_ros)
[12.793s] Level 1:colcon.colcon_core.environment:checking '/home/prez/git/humble-lidar/install/rplidar_ros' for CMake module files
[12.802s] Level 1:colcon.colcon_core.environment:checking '/home/prez/git/humble-lidar/install/rplidar_ros' for CMake config files
[12.814s] Level 1:colcon.colcon_core.shell:create_environment_hook('rplidar_ros', 'cmake_prefix_path')
[13.069s] INFO:colcon.colcon_core.shell:Creating environment hook '/home/prez/git/humble-lidar/install/rplidar_ros/share/rplidar_ros/hook/cmake_prefix_path.ps1'
[13.077s] INFO:colcon.colcon_core.shell:Creating environment descriptor '/home/prez/git/humble-lidar/install/rplidar_ros/share/rplidar_ros/hook/cmake_prefix_path.dsv'
[13.083s] INFO:colcon.colcon_core.shell:Creating environment hook '/home/prez/git/humble-lidar/install/rplidar_ros/share/rplidar_ros/hook/cmake_prefix_path.sh'
[13.095s] Level 1:colcon.colcon_core.environment:checking '/home/prez/git/humble-lidar/install/rplidar_ros/lib'
[13.096s] Level 1:colcon.colcon_core.shell:create_environment_hook('rplidar_ros', 'ld_library_path_lib')
[13.381s] INFO:colcon.colcon_core.shell:Creating environment hook '/home/prez/git/humble-lidar/install/rplidar_ros/share/rplidar_ros/hook/ld_library_path_lib.ps1'
[13.399s] INFO:colcon.colcon_core.shell:Creating environment descriptor '/home/prez/git/humble-lidar/install/rplidar_ros/share/rplidar_ros/hook/ld_library_path_lib.dsv'
[13.404s] INFO:colcon.colcon_core.shell:Creating environment hook '/home/prez/git/humble-lidar/install/rplidar_ros/share/rplidar_ros/hook/ld_library_path_lib.sh'
[13.411s] Level 1:colcon.colcon_core.environment:checking '/home/prez/git/humble-lidar/install/rplidar_ros/bin'
[13.413s] Level 1:colcon.colcon_core.environment:checking '/home/prez/git/humble-lidar/install/rplidar_ros/lib/pkgconfig/rplidar_ros.pc'
[13.416s] Level 1:colcon.colcon_core.environment:checking '/home/prez/git/humble-lidar/install/rplidar_ros/lib/python3.10/site-packages'
[13.418s] Level 1:colcon.colcon_core.environment:checking '/home/prez/git/humble-lidar/install/rplidar_ros/bin'
[13.713s] INFO:colcon.colcon_core.shell:Creating package script '/home/prez/git/humble-lidar/install/rplidar_ros/share/rplidar_ros/package.ps1'
[13.720s] INFO:colcon.colcon_core.shell:Creating package descriptor '/home/prez/git/humble-lidar/install/rplidar_ros/share/rplidar_ros/package.dsv'
[13.728s] INFO:colcon.colcon_core.shell:Creating package script '/home/prez/git/humble-lidar/install/rplidar_ros/share/rplidar_ros/package.sh'
[13.735s] INFO:colcon.colcon_core.shell:Creating package script '/home/prez/git/humble-lidar/install/rplidar_ros/share/rplidar_ros/package.bash'
[13.743s] INFO:colcon.colcon_core.shell:Creating package script '/home/prez/git/humble-lidar/install/rplidar_ros/share/rplidar_ros/package.zsh'
[13.750s] Level 1:colcon.colcon_core.environment:create_file_with_runtime_dependencies(/home/prez/git/humble-lidar/install/rplidar_ros/share/colcon-core/packages/rplidar_ros)
[58.897s] DEBUG:colcon.colcon_core.event_handler.log_command:Invoked command in '/home/prez/git/humble-lidar/build/cplusplus_laser_map' returned '0': CMAKE_PREFIX_PATH=${CMAKE_PREFIX_PATH}:/home/prez/git/c++lidar-project/install/py_pubsub:/home/prez/git/c++lidar-project/install/motor_package:/home/prez/git/c++lidar-project/install/ir_package:/home/prez/ros2_ws/install/py_pubsub:/home/prez/ros2_ws/install/my_package:/home/prez/ros2_ws/install/launch_testing_examples:/home/prez/ros2_ws/install/examples_rclpy_pointcloud_publisher:/home/prez/ros2_ws/install/examples_rclpy_minimal_subscriber:/home/prez/ros2_ws/install/examples_rclpy_minimal_service:/home/prez/ros2_ws/install/examples_rclpy_minimal_publisher:/home/prez/ros2_ws/install/examples_rclpy_minimal_client:/home/prez/ros2_ws/install/examples_rclpy_minimal_action_server:/home/prez/ros2_ws/install/examples_rclpy_minimal_action_client:/home/prez/ros2_ws/install/examples_rclpy_guard_conditions:/home/prez/ros2_ws/install/examples_rclpy_executors:/opt/ros/humble /usr/bin/cmake --build /home/prez/git/humble-lidar/build/cplusplus_laser_map -- -j4 -l4
[59.086s] DEBUG:colcon.colcon_core.event_handler.log_command:Invoking command in '/home/prez/git/humble-lidar/build/cplusplus_laser_map': CMAKE_PREFIX_PATH=${CMAKE_PREFIX_PATH}:/home/prez/git/c++lidar-project/install/py_pubsub:/home/prez/git/c++lidar-project/install/motor_package:/home/prez/git/c++lidar-project/install/ir_package:/home/prez/ros2_ws/install/py_pubsub:/home/prez/ros2_ws/install/my_package:/home/prez/ros2_ws/install/launch_testing_examples:/home/prez/ros2_ws/install/examples_rclpy_pointcloud_publisher:/home/prez/ros2_ws/install/examples_rclpy_minimal_subscriber:/home/prez/ros2_ws/install/examples_rclpy_minimal_service:/home/prez/ros2_ws/install/examples_rclpy_minimal_publisher:/home/prez/ros2_ws/install/examples_rclpy_minimal_client:/home/prez/ros2_ws/install/examples_rclpy_minimal_action_server:/home/prez/ros2_ws/install/examples_rclpy_minimal_action_client:/home/prez/ros2_ws/install/examples_rclpy_guard_conditions:/home/prez/ros2_ws/install/examples_rclpy_executors:/opt/ros/humble /usr/bin/cmake --install /home/prez/git/humble-lidar/build/cplusplus_laser_map
[59.349s] Level 1:colcon.colcon_core.environment:create_environment_scripts_only(cplusplus_laser_map)
[59.353s] DEBUG:colcon.colcon_core.event_handler.log_command:Invoked command in '/home/prez/git/humble-lidar/build/cplusplus_laser_map' returned '0': CMAKE_PREFIX_PATH=${CMAKE_PREFIX_PATH}:/home/prez/git/c++lidar-project/install/py_pubsub:/home/prez/git/c++lidar-project/install/motor_package:/home/prez/git/c++lidar-project/install/ir_package:/home/prez/ros2_ws/install/py_pubsub:/home/prez/ros2_ws/install/my_package:/home/prez/ros2_ws/install/launch_testing_examples:/home/prez/ros2_ws/install/examples_rclpy_pointcloud_publisher:/home/prez/ros2_ws/install/examples_rclpy_minimal_subscriber:/home/prez/ros2_ws/install/examples_rclpy_minimal_service:/home/prez/ros2_ws/install/examples_rclpy_minimal_publisher:/home/prez/ros2_ws/install/examples_rclpy_minimal_client:/home/prez/ros2_ws/install/examples_rclpy_minimal_action_server:/home/prez/ros2_ws/install/examples_rclpy_minimal_action_client:/home/prez/ros2_ws/install/examples_rclpy_guard_conditions:/home/prez/ros2_ws/install/examples_rclpy_executors:/opt/ros/humble /usr/bin/cmake --install /home/prez/git/humble-lidar/build/cplusplus_laser_map
[59.628s] Level 1:colcon.colcon_core.environment:checking '/home/prez/git/humble-lidar/install/cplusplus_laser_map' for CMake module files
[59.638s] Level 1:colcon.colcon_core.environment:checking '/home/prez/git/humble-lidar/install/cplusplus_laser_map' for CMake config files
[59.646s] Level 1:colcon.colcon_core.shell:create_environment_hook('cplusplus_laser_map', 'cmake_prefix_path')
[59.936s] INFO:colcon.colcon_core.shell:Creating environment hook '/home/prez/git/humble-lidar/install/cplusplus_laser_map/share/cplusplus_laser_map/hook/cmake_prefix_path.ps1'
[59.940s] INFO:colcon.colcon_core.shell:Creating environment descriptor '/home/prez/git/humble-lidar/install/cplusplus_laser_map/share/cplusplus_laser_map/hook/cmake_prefix_path.dsv'
[59.944s] INFO:colcon.colcon_core.shell:Creating environment hook '/home/prez/git/humble-lidar/install/cplusplus_laser_map/share/cplusplus_laser_map/hook/cmake_prefix_path.sh'
[59.949s] Level 1:colcon.colcon_core.environment:checking '/home/prez/git/humble-lidar/install/cplusplus_laser_map/lib'
[59.951s] Level 1:colcon.colcon_core.environment:checking '/home/prez/git/humble-lidar/install/cplusplus_laser_map/bin'
[59.951s] Level 1:colcon.colcon_core.environment:checking '/home/prez/git/humble-lidar/install/cplusplus_laser_map/lib/pkgconfig/cplusplus_laser_map.pc'
[59.954s] Level 1:colcon.colcon_core.environment:checking '/home/prez/git/humble-lidar/install/cplusplus_laser_map/lib/python3.10/site-packages'
[59.957s] Level 1:colcon.colcon_core.environment:checking '/home/prez/git/humble-lidar/install/cplusplus_laser_map/bin'
[60.193s] INFO:colcon.colcon_core.shell:Creating package script '/home/prez/git/humble-lidar/install/cplusplus_laser_map/share/cplusplus_laser_map/package.ps1'
[60.200s] INFO:colcon.colcon_core.shell:Creating package descriptor '/home/prez/git/humble-lidar/install/cplusplus_laser_map/share/cplusplus_laser_map/package.dsv'
[60.205s] INFO:colcon.colcon_core.shell:Creating package script '/home/prez/git/humble-lidar/install/cplusplus_laser_map/share/cplusplus_laser_map/package.sh'
[60.211s] INFO:colcon.colcon_core.shell:Creating package script '/home/prez/git/humble-lidar/install/cplusplus_laser_map/share/cplusplus_laser_map/package.bash'
[60.215s] INFO:colcon.colcon_core.shell:Creating package script '/home/prez/git/humble-lidar/install/cplusplus_laser_map/share/cplusplus_laser_map/package.zsh'
[60.219s] Level 1:colcon.colcon_core.environment:create_file_with_runtime_dependencies(/home/prez/git/humble-lidar/install/cplusplus_laser_map/share/colcon-core/packages/cplusplus_laser_map)
[60.551s] Level 1:colcon.colcon_core.environment:create_environment_scripts_only(cplusplus_laser_map)
[60.624s] Level 1:colcon.colcon_core.environment:checking '/home/prez/git/humble-lidar/install/cplusplus_laser_map' for CMake module files
[60.627s] Level 1:colcon.colcon_core.environment:checking '/home/prez/git/humble-lidar/install/cplusplus_laser_map' for CMake config files
[60.629s] Level 1:colcon.colcon_core.shell:create_environment_hook('cplusplus_laser_map', 'cmake_prefix_path')
[60.696s] INFO:colcon.colcon_core.shell:Creating environment hook '/home/prez/git/humble-lidar/install/cplusplus_laser_map/share/cplusplus_laser_map/hook/cmake_prefix_path.ps1'
[60.698s] INFO:colcon.colcon_core.shell:Creating environment descriptor '/home/prez/git/humble-lidar/install/cplusplus_laser_map/share/cplusplus_laser_map/hook/cmake_prefix_path.dsv'
[60.700s] INFO:colcon.colcon_core.shell:Creating environment hook '/home/prez/git/humble-lidar/install/cplusplus_laser_map/share/cplusplus_laser_map/hook/cmake_prefix_path.sh'
[60.703s] Level 1:colcon.colcon_core.environment:checking '/home/prez/git/humble-lidar/install/cplusplus_laser_map/lib'
[60.704s] Level 1:colcon.colcon_core.environment:checking '/home/prez/git/humble-lidar/install/cplusplus_laser_map/bin'
[60.704s] Level 1:colcon.colcon_core.environment:checking '/home/prez/git/humble-lidar/install/cplusplus_laser_map/lib/pkgconfig/cplusplus_laser_map.pc'
[60.705s] Level 1:colcon.colcon_core.environment:checking '/home/prez/git/humble-lidar/install/cplusplus_laser_map/lib/python3.10/site-packages'
[60.706s] Level 1:colcon.colcon_core.environment:checking '/home/prez/git/humble-lidar/install/cplusplus_laser_map/bin'
[60.775s] INFO:colcon.colcon_core.shell:Creating package script '/home/prez/git/humble-lidar/install/cplusplus_laser_map/share/cplusplus_laser_map/package.ps1'
[60.799s] INFO:colcon.colcon_core.shell:Creating package descriptor '/home/prez/git/humble-lidar/install/cplusplus_laser_map/share/cplusplus_laser_map/package.dsv'
[60.806s] INFO:colcon.colcon_core.shell:Creating package script '/home/prez/git/humble-lidar/install/cplusplus_laser_map/share/cplusplus_laser_map/package.sh'
[60.809s] INFO:colcon.colcon_core.shell:Creating package script '/home/prez/git/humble-lidar/install/cplusplus_laser_map/share/cplusplus_laser_map/package.bash'
[60.812s] INFO:colcon.colcon_core.shell:Creating package script '/home/prez/git/humble-lidar/install/cplusplus_laser_map/share/cplusplus_laser_map/package.zsh'
[60.814s] Level 1:colcon.colcon_core.environment:create_file_with_runtime_dependencies(/home/prez/git/humble-lidar/install/cplusplus_laser_map/share/colcon-core/packages/cplusplus_laser_map)
[60.816s] DEBUG:colcon.colcon_parallel_executor.executor.parallel:closing loop
[60.817s] DEBUG:colcon.colcon_parallel_executor.executor.parallel:loop closed
[60.818s] DEBUG:colcon.colcon_parallel_executor.executor.parallel:run_until_complete finished with '0'
[60.819s] DEBUG:colcon.colcon_core.event_reactor:joining thread
[60.919s] INFO:colcon.colcon_core.plugin_system:Skipping extension 'colcon_notification.desktop_notification.terminal_notifier': Not used on non-Darwin systems
[60.919s] INFO:colcon.colcon_core.plugin_system:Skipping extension 'colcon_notification.desktop_notification.win32': Not used on non-Windows systems
[60.919s] INFO:colcon.colcon_notification.desktop_notification:Sending desktop notification using 'notify2'
[60.966s] DEBUG:colcon.colcon_core.event_reactor:joined thread
[61.031s] INFO:colcon.colcon_core.shell:Creating prefix script '/home/prez/git/humble-lidar/install/local_setup.ps1'
[61.035s] INFO:colcon.colcon_core.shell:Creating prefix util module '/home/prez/git/humble-lidar/install/_local_setup_util_ps1.py'
[61.040s] INFO:colcon.colcon_core.shell:Creating prefix chain script '/home/prez/git/humble-lidar/install/setup.ps1'
[61.125s] INFO:colcon.colcon_core.shell:Creating prefix script '/home/prez/git/humble-lidar/install/local_setup.sh'
[61.128s] INFO:colcon.colcon_core.shell:Creating prefix util module '/home/prez/git/humble-lidar/install/_local_setup_util_sh.py'
[61.130s] INFO:colcon.colcon_core.shell:Creating prefix chain script '/home/prez/git/humble-lidar/install/setup.sh'
[61.208s] INFO:colcon.colcon_core.shell:Creating prefix script '/home/prez/git/humble-lidar/install/local_setup.bash'
[61.210s] INFO:colcon.colcon_core.shell:Creating prefix chain script '/home/prez/git/humble-lidar/install/setup.bash'
[61.329s] INFO:colcon.colcon_core.shell:Creating prefix script '/home/prez/git/humble-lidar/install/local_setup.zsh'
[61.331s] INFO:colcon.colcon_core.shell:Creating prefix chain script '/home/prez/git/humble-lidar/install/setup.zsh'
